#
# There is insufficient memory for the Java Runtime Environment to continue.
# Native memory allocation (mmap) failed to map 662700032 bytes for G1 virtual space
# Possible reasons:
#   The system is out of physical RAM or swap space
#   The process is running with CompressedOops enabled, and the Java Heap may be blocking the growth of the native heap
# Possible solutions:
#   Reduce memory load on the system
#   Increase physical memory or swap space
#   Check if swap backing store is full
#   Decrease Java heap size (-Xmx/-Xms)
#   Decrease number of Java threads
#   Decrease Java thread stack sizes (-Xss)
#   Set larger code cache with -XX:ReservedCodeCacheSize=
#   JVM is running with Zero Based Compressed Oops mode in which the Java heap is
#     placed in the first 32GB address space. The Java Heap base address is the
#     maximum limit for the native heap growth. Please use -XX:HeapBaseMinAddress
#     to set the Java Heap base and to place the Java Heap above 32GB virtual address.
# This output file may be truncated or incomplete.
#
#  Out of Memory Error (os_windows.cpp:3541), pid=24544, tid=7720
#
# JRE version: OpenJDK Runtime Environment Temurin-17.0.4+8 (17.0.4+8) (build 17.0.4+8)
# Java VM: OpenJDK 64-Bit Server VM Temurin-17.0.4+8 (17.0.4+8, mixed mode, emulated-client, tiered, compressed oops, compressed class ptrs, g1 gc, windows-amd64)
# No core dump will be written. Minidumps are not enabled by default on client versions of Windows
#

---------------  S U M M A R Y ------------

Command Line: -Dsts.lsp.client=vscode -Dsts.log.file=/dev/null -XX:TieredStopAtLevel=1 -Dspring.config.location=file:c:\Users\zckxw\.vscode\extensions\pivotal.vscode-spring-boot-1.38.0\language-server\BOOT-INF\classes\application.properties org.springframework.ide.vscode.boot.app.BootLanguageServerBootApp

Host: 11th Gen Intel(R) Core(TM) i5-1135G7 @ 2.40GHz, 8 cores, 15G,  Windows 10 , 64 bit Build 19041 (10.0.19041.1889)
Time: Fri Sep 23 03:52:47 2022  Windows 10 , 64 bit Build 19041 (10.0.19041.1889) elapsed time: 3.448242 seconds (0d 0h 0m 3s)

---------------  T H R E A D  ---------------

Current thread (0x00000145eaaae9b0):  VMThread "VM Thread" [stack: 0x0000004222200000,0x0000004222300000] [id=7720]

Stack: [0x0000004222200000,0x0000004222300000]
Native frames: (J=compiled Java code, j=interpreted, Vv=VM code, C=native code)
V  [jvm.dll+0x67733a]
V  [jvm.dll+0x8323c4]
V  [jvm.dll+0x833b6e]
V  [jvm.dll+0x8341d3]
V  [jvm.dll+0x2455e5]
V  [jvm.dll+0x674229]
V  [jvm.dll+0x668ab2]
V  [jvm.dll+0x30458b]
V  [jvm.dll+0x30bad6]
V  [jvm.dll+0x35ba7e]
V  [jvm.dll+0x35bcaf]
V  [jvm.dll+0x2db428]
V  [jvm.dll+0x2d96dc]
V  [jvm.dll+0x2d8cac]
V  [jvm.dll+0x31cc0b]
V  [jvm.dll+0x83867b]
V  [jvm.dll+0x8393b4]
V  [jvm.dll+0x8398cc]
V  [jvm.dll+0x839ca4]
V  [jvm.dll+0x839d70]
V  [jvm.dll+0x7e245a]
V  [jvm.dll+0x6761c5]
C  [ucrtbase.dll+0x21bb2]
C  [KERNEL32.DLL+0x17034]
C  [ntdll.dll+0x526a1]

VM_Operation (0x00000042247fe320): G1CollectForAllocation, mode: safepoint, requested by thread 0x00000145ecb4df90


---------------  P R O C E S S  ---------------

Threads class SMR info:
_java_thread_list=0x00000145ef28c720, length=34, elements={
0x00000145eb438740, 0x00000145eb439340, 0x00000145eb47f540, 0x00000145eb45ab00,
0x00000145eb45b7c0, 0x00000145eb49c020, 0x00000145eb49fde0, 0x00000145eb4aaf10,
0x00000145eb694a40, 0x00000145eb6a3120, 0x00000145eb6a5e50, 0x00000145eb6b8010,
0x00000145ec115280, 0x00000145eca0c6b0, 0x00000145ec980020, 0x00000145ecae1670,
0x00000145eca69590, 0x00000145eca69a60, 0x00000145eca6bf40, 0x00000145eca6c410,
0x00000145eca6c8e0, 0x00000145ec91e820, 0x00000145ec91e350, 0x00000145ec91d4e0,
0x00000145ec91de80, 0x00000145ec91d9b0, 0x00000145ecb4e930, 0x00000145ecb4df90,
0x00000145ecb48dc0, 0x00000145ecb49760, 0x00000145ecb4d120, 0x00000145ecb4b910,
0x00000145ecb4a5d0, 0x00000145ecb4fc70
}

Java Threads: ( => current thread )
  0x00000145eb438740 JavaThread "Reference Handler" daemon [_thread_blocked, id=23864, stack(0x0000004222300000,0x0000004222400000)]
  0x00000145eb439340 JavaThread "Finalizer" daemon [_thread_blocked, id=14224, stack(0x0000004222400000,0x0000004222500000)]
  0x00000145eb47f540 JavaThread "Signal Dispatcher" daemon [_thread_blocked, id=9540, stack(0x0000004222500000,0x0000004222600000)]
  0x00000145eb45ab00 JavaThread "Attach Listener" daemon [_thread_blocked, id=17032, stack(0x0000004222600000,0x0000004222700000)]
  0x00000145eb45b7c0 JavaThread "Service Thread" daemon [_thread_blocked, id=2784, stack(0x0000004222700000,0x0000004222800000)]
  0x00000145eb49c020 JavaThread "Monitor Deflation Thread" daemon [_thread_blocked, id=8204, stack(0x0000004222800000,0x0000004222900000)]
  0x00000145eb49fde0 JavaThread "C1 CompilerThread0" daemon [_thread_blocked, id=1836, stack(0x0000004222900000,0x0000004222a00000)]
  0x00000145eb4aaf10 JavaThread "Sweeper thread" daemon [_thread_blocked, id=22372, stack(0x0000004222a00000,0x0000004222b00000)]
  0x00000145eb694a40 JavaThread "C1 CompilerThread1" daemon [_thread_blocked, id=9284, stack(0x0000004222b00000,0x0000004222c00000)]
  0x00000145eb6a3120 JavaThread "C1 CompilerThread2" daemon [_thread_blocked, id=24540, stack(0x0000004222c00000,0x0000004222d00000)]
  0x00000145eb6a5e50 JavaThread "Notification Thread" daemon [_thread_blocked, id=24112, stack(0x0000004222d00000,0x0000004222e00000)]
  0x00000145eb6b8010 JavaThread "Common-Cleaner" daemon [_thread_blocked, id=24244, stack(0x0000004222f00000,0x0000004223000000)]
  0x00000145ec115280 JavaThread "C1 CompilerThread3" daemon [_thread_blocked, id=26164, stack(0x0000004223000000,0x0000004223100000)]
  0x00000145eca0c6b0 JavaThread "ForkJoinPool.commonPool-worker-1" daemon [_thread_blocked, id=14536, stack(0x0000004223800000,0x0000004223900000)]
  0x00000145ec980020 JavaThread "ClassGraph-worker-0" daemon [_thread_blocked, id=1120, stack(0x0000004223a00000,0x0000004223b00000)]
  0x00000145ecae1670 JavaThread "ClassGraph-worker-1" daemon [_thread_blocked, id=10420, stack(0x0000004223b00000,0x0000004223c00000)]
  0x00000145eca69590 JavaThread "ClassGraph-worker-2" daemon [_thread_blocked, id=25440, stack(0x0000004223c00000,0x0000004223d00000)]
  0x00000145eca69a60 JavaThread "ClassGraph-worker-3" daemon [_thread_blocked, id=26984, stack(0x0000004223d00000,0x0000004223e00000)]
  0x00000145eca6bf40 JavaThread "ClassGraph-worker-4" daemon [_thread_blocked, id=24760, stack(0x0000004223e00000,0x0000004223f00000)]
  0x00000145eca6c410 JavaThread "ClassGraph-worker-5" daemon [_thread_blocked, id=27632, stack(0x0000004223f00000,0x0000004224000000)]
  0x00000145eca6c8e0 JavaThread "ClassGraph-worker-6" daemon [_thread_blocked, id=12020, stack(0x0000004224000000,0x0000004224100000)]
  0x00000145ec91e820 JavaThread "ClassGraph-worker-7" daemon [_thread_blocked, id=24472, stack(0x0000004224100000,0x0000004224200000)]
  0x00000145ec91e350 JavaThread "ClassGraph-worker-8" daemon [_thread_blocked, id=23048, stack(0x0000004224200000,0x0000004224300000)]
  0x00000145ec91d4e0 JavaThread "ClassGraph-worker-9" daemon [_thread_blocked, id=27448, stack(0x0000004224300000,0x0000004224400000)]
  0x00000145ec91de80 JavaThread "ClassGraph-worker-10" daemon [_thread_blocked, id=15460, stack(0x0000004224400000,0x0000004224500000)]
  0x00000145ec91d9b0 JavaThread "ClassGraph-worker-11" daemon [_thread_blocked, id=25960, stack(0x0000004224500000,0x0000004224600000)]
  0x00000145ecb4e930 JavaThread "ClassGraph-worker-12" daemon [_thread_blocked, id=19420, stack(0x0000004224600000,0x0000004224700000)]
  0x00000145ecb4df90 JavaThread "ClassGraph-worker-13" daemon [_thread_blocked, id=12324, stack(0x0000004224700000,0x0000004224800000)]
  0x00000145ecb48dc0 JavaThread "pool-7-thread-1" [_thread_blocked, id=22936, stack(0x0000004224800000,0x0000004224900000)]
  0x00000145ecb49760 JavaThread "LanguageServerApp-lifecycle" [_thread_blocked, id=26188, stack(0x0000004224900000,0x0000004224a00000)]
  0x00000145ecb4d120 JavaThread "DestroyJavaVM" [_thread_blocked, id=28324, stack(0x0000004221c00000,0x0000004221d00000)]
  0x00000145ecb4b910 JavaThread "pool-8-thread-1" [_thread_in_native, id=17216, stack(0x0000004224a00000,0x0000004224b00000)]
  0x00000145ecb4a5d0 JavaThread "Simple-Language-Server main thread" daemon [_thread_blocked, id=28152, stack(0x0000004224c00000,0x0000004224d00000)]
  0x00000145ecb4fc70 JavaThread "parallel-1" daemon [_thread_blocked, id=13448, stack(0x0000004224d00000,0x0000004224e00000)]

Other Threads:
=>0x00000145eaaae9b0 VMThread "VM Thread" [stack: 0x0000004222200000,0x0000004222300000] [id=7720]
  0x00000145d8d08200 WatcherThread [stack: 0x0000004222e00000,0x0000004222f00000] [id=27944]
  0x00000145d8ced480 GCTaskThread "GC Thread#0" [stack: 0x0000004221d00000,0x0000004221e00000] [id=28056]
  0x00000145ebfba210 GCTaskThread "GC Thread#1" [stack: 0x0000004223100000,0x0000004223200000] [id=4724]
  0x00000145ebfd3c80 GCTaskThread "GC Thread#2" [stack: 0x0000004223200000,0x0000004223300000] [id=26668]
  0x00000145ebfc7db0 GCTaskThread "GC Thread#3" [stack: 0x0000004223300000,0x0000004223400000] [id=25684]
  0x00000145ebfd8650 GCTaskThread "GC Thread#4" [stack: 0x0000004223400000,0x0000004223500000] [id=17960]
  0x00000145ebfd93c0 GCTaskThread "GC Thread#5" [stack: 0x0000004223500000,0x0000004223600000] [id=1244]
  0x00000145ebfd9670 GCTaskThread "GC Thread#6" [stack: 0x0000004223600000,0x0000004223700000] [id=26160]
  0x00000145ebfd7b90 GCTaskThread "GC Thread#7" [stack: 0x0000004223700000,0x0000004223800000] [id=8912]
  0x00000145d8cfde90 ConcurrentGCThread "G1 Main Marker" [stack: 0x0000004221e00000,0x0000004221f00000] [id=18740]
  0x00000145d8cfe7b0 ConcurrentGCThread "G1 Conc#0" [stack: 0x0000004221f00000,0x0000004222000000] [id=24116]
  0x00000145ebfd80f0 ConcurrentGCThread "G1 Conc#1" [stack: 0x0000004223900000,0x0000004223a00000] [id=21876]
  0x00000145d8d4ddd0 ConcurrentGCThread "G1 Refine#0" [stack: 0x0000004222000000,0x0000004222100000] [id=23692]
  0x00000145ed0adab0 ConcurrentGCThread "G1 Refine#1" [stack: 0x0000004224b00000,0x0000004224c00000] [id=3896]
  0x00000145ef2c1020 ConcurrentGCThread "G1 Refine#2" [stack: 0x0000004224e00000,0x0000004224f00000] [id=24208]
  0x00000145d8d4e700 ConcurrentGCThread "G1 Service" [stack: 0x0000004222100000,0x0000004222200000] [id=10176]

Threads with active compile tasks:

VM state: at safepoint (normal execution)

VM Mutex/Monitor currently owned by a thread:  ([mutex/lock_event])
[0x00000145d6a9f690] Threads_lock - owner thread: 0x00000145eaaae9b0
[0x00000145d8c804f0] Heap_lock - owner thread: 0x00000145ecb4df90

Heap address: 0x0000000704400000, size: 4028 MB, Compressed Oops mode: Zero based, Oop shift amount: 3

CDS archive(s) not mapped
Compressed class space mapped at: 0x0000000800000000-0x0000000840000000, reserved size: 1073741824
Narrow klass base: 0x0000000800000000, Narrow klass shift: 0, Narrow klass range: 0x40000000

GC Precious Log:
 CPUs: 8 total, 8 available
 Memory: 16110M
 Large Page Support: Disabled
 NUMA Support: Disabled
 Compressed Oops: Enabled (Zero based)
 Heap Region Size: 2M
 Heap Min Capacity: 8M
 Heap Initial Capacity: 252M
 Heap Max Capacity: 4028M
 Pre-touch: Disabled
 Parallel Workers: 8
 Concurrent Workers: 2
 Concurrent Refinement Workers: 8
 Periodic GC: Disabled

Heap:
 garbage-first heap   total 555008K, used 137168K [0x0000000704400000, 0x0000000800000000)
  region size 2048K, 17 young (34816K), 17 survivors (34816K)
 Metaspace       used 34983K, committed 35264K, reserved 1081344K
  class space    used 4527K, committed 4672K, reserved 1048576K

Heap Regions: E=young(eden), S=young(survivor), O=old, HS=humongous(starts), HC=humongous(continues), CS=collection set, F=free, OA=open archive, CA=closed archive, TAMS=top-at-mark-start (previous, next)
|   0|0x0000000704400000, 0x0000000704600000, 0x0000000704600000|100%| O|  |TAMS 0x0000000704600000, 0x0000000704400000| Untracked 
|   1|0x0000000704600000, 0x0000000704800000, 0x0000000704800000|100%| O|  |TAMS 0x0000000704800000, 0x0000000704600000| Untracked 
|   2|0x0000000704800000, 0x0000000704a00000, 0x0000000704a00000|100%| O|  |TAMS 0x0000000704800000, 0x0000000704800000| Untracked 
|   3|0x0000000704a00000, 0x0000000704bfba00, 0x0000000704c00000| 99%| O|  |TAMS 0x0000000704bfba00, 0x0000000704a00000| Untracked 
|   4|0x0000000704c00000, 0x0000000704e00000, 0x0000000704e00000|100%| O|  |TAMS 0x0000000704c00000, 0x0000000704c00000| Untracked 
|   5|0x0000000704e00000, 0x0000000705000000, 0x0000000705000000|100%| O|  |TAMS 0x0000000704e00000, 0x0000000704e00000| Untracked 
|   6|0x0000000705000000, 0x0000000705200000, 0x0000000705200000|100%| O|  |TAMS 0x0000000705000000, 0x0000000705000000| Untracked 
|   7|0x0000000705200000, 0x0000000705400000, 0x0000000705400000|100%| O|  |TAMS 0x0000000705200000, 0x0000000705200000| Untracked 
|   8|0x0000000705400000, 0x0000000705600000, 0x0000000705600000|100%| O|  |TAMS 0x0000000705400000, 0x0000000705400000| Untracked 
|   9|0x0000000705600000, 0x0000000705800000, 0x0000000705800000|100%| O|  |TAMS 0x0000000705600000, 0x0000000705600000| Untracked 
|  10|0x0000000705800000, 0x0000000705a00000, 0x0000000705a00000|100%| O|  |TAMS 0x0000000705800000, 0x0000000705800000| Untracked 
|  11|0x0000000705a00000, 0x0000000705c00000, 0x0000000705c00000|100%| O|  |TAMS 0x0000000705a00000, 0x0000000705a00000| Untracked 
|  12|0x0000000705c00000, 0x0000000705e00000, 0x0000000705e00000|100%| O|  |TAMS 0x0000000705c00000, 0x0000000705c00000| Untracked 
|  13|0x0000000705e00000, 0x0000000706000000, 0x0000000706000000|100%| O|  |TAMS 0x0000000705e00000, 0x0000000705e00000| Untracked 
|  14|0x0000000706000000, 0x0000000706200000, 0x0000000706200000|100%| O|  |TAMS 0x0000000706000000, 0x0000000706000000| Untracked 
|  15|0x0000000706200000, 0x0000000706400000, 0x0000000706400000|100%| O|  |TAMS 0x0000000706200000, 0x0000000706200000| Untracked 
|  16|0x0000000706400000, 0x0000000706600000, 0x0000000706600000|100%| O|  |TAMS 0x0000000706400000, 0x0000000706400000| Untracked 
|  17|0x0000000706600000, 0x0000000706800000, 0x0000000706800000|100%| O|  |TAMS 0x0000000706600000, 0x0000000706600000| Untracked 
|  18|0x0000000706800000, 0x0000000706a00000, 0x0000000706a00000|100%| O|  |TAMS 0x0000000706800000, 0x0000000706800000| Untracked 
|  19|0x0000000706a00000, 0x0000000706c00000, 0x0000000706c00000|100%| O|  |TAMS 0x0000000706a00000, 0x0000000706a00000| Untracked 
|  20|0x0000000706c00000, 0x0000000706e00000, 0x0000000706e00000|100%| O|  |TAMS 0x0000000706c00000, 0x0000000706c00000| Untracked 
|  21|0x0000000706e00000, 0x0000000707000000, 0x0000000707000000|100%| O|  |TAMS 0x0000000706e00000, 0x0000000706e00000| Untracked 
|  22|0x0000000707000000, 0x0000000707200000, 0x0000000707200000|100%| O|  |TAMS 0x0000000707000000, 0x0000000707000000| Untracked 
|  23|0x0000000707200000, 0x0000000707400000, 0x0000000707400000|100%| O|  |TAMS 0x0000000707200000, 0x0000000707200000| Untracked 
|  24|0x0000000707400000, 0x0000000707600000, 0x0000000707600000|100%| O|  |TAMS 0x0000000707400000, 0x0000000707400000| Untracked 
|  25|0x0000000707600000, 0x0000000707800000, 0x0000000707800000|100%| O|  |TAMS 0x0000000707600000, 0x0000000707600000| Untracked 
|  26|0x0000000707800000, 0x0000000707a00000, 0x0000000707a00000|100%| O|  |TAMS 0x0000000707800000, 0x0000000707800000| Untracked 
|  27|0x0000000707a00000, 0x0000000707c00000, 0x0000000707c00000|100%| O|  |TAMS 0x0000000707a00000, 0x0000000707a00000| Untracked 
|  28|0x0000000707c00000, 0x0000000707e00000, 0x0000000707e00000|100%| O|  |TAMS 0x0000000707c00000, 0x0000000707c00000| Untracked 
|  29|0x0000000707e00000, 0x0000000708000000, 0x0000000708000000|100%| O|  |TAMS 0x0000000707e00000, 0x0000000707e00000| Untracked 
|  30|0x0000000708000000, 0x0000000708200000, 0x0000000708200000|100%| O|  |TAMS 0x0000000708000000, 0x0000000708000000| Untracked 
|  31|0x0000000708200000, 0x0000000708400000, 0x0000000708400000|100%| O|  |TAMS 0x0000000708200000, 0x0000000708200000| Untracked 
|  32|0x0000000708400000, 0x0000000708600000, 0x0000000708600000|100%| O|  |TAMS 0x0000000708400000, 0x0000000708400000| Untracked 
|  33|0x0000000708600000, 0x0000000708800000, 0x0000000708800000|100%| O|  |TAMS 0x0000000708600000, 0x0000000708600000| Untracked 
|  34|0x0000000708800000, 0x0000000708a00000, 0x0000000708a00000|100%| O|  |TAMS 0x0000000708800000, 0x0000000708800000| Untracked 
|  35|0x0000000708a00000, 0x0000000708c00000, 0x0000000708c00000|100%| O|  |TAMS 0x0000000708a00000, 0x0000000708a00000| Untracked 
|  36|0x0000000708c00000, 0x0000000708e00000, 0x0000000708e00000|100%| O|  |TAMS 0x0000000708c00000, 0x0000000708c00000| Untracked 
|  37|0x0000000708e00000, 0x0000000709000000, 0x0000000709000000|100%| O|  |TAMS 0x0000000708e00000, 0x0000000708e00000| Untracked 
|  38|0x0000000709000000, 0x0000000709200000, 0x0000000709200000|100%| O|  |TAMS 0x0000000709000000, 0x0000000709000000| Untracked 
|  39|0x0000000709200000, 0x0000000709400000, 0x0000000709400000|100%| O|  |TAMS 0x0000000709200000, 0x0000000709200000| Untracked 
|  40|0x0000000709400000, 0x0000000709600000, 0x0000000709600000|100%| O|  |TAMS 0x0000000709400000, 0x0000000709400000| Untracked 
|  41|0x0000000709600000, 0x0000000709800000, 0x0000000709800000|100%| O|  |TAMS 0x0000000709600000, 0x0000000709600000| Untracked 
|  42|0x0000000709800000, 0x0000000709a00000, 0x0000000709a00000|100%| O|  |TAMS 0x0000000709800000, 0x0000000709800000| Untracked 
|  43|0x0000000709a00000, 0x0000000709c00000, 0x0000000709c00000|100%| O|  |TAMS 0x0000000709a00000, 0x0000000709a00000| Untracked 
|  44|0x0000000709c00000, 0x0000000709e00000, 0x0000000709e00000|100%| O|  |TAMS 0x0000000709c00000, 0x0000000709c00000| Untracked 
|  45|0x0000000709e00000, 0x000000070a000000, 0x000000070a000000|100%| O|  |TAMS 0x0000000709e00000, 0x0000000709e00000| Untracked 
|  46|0x000000070a000000, 0x000000070a200000, 0x000000070a200000|100%| O|  |TAMS 0x000000070a000000, 0x000000070a000000| Untracked 
|  47|0x000000070a200000, 0x000000070a400000, 0x000000070a400000|100%| O|  |TAMS 0x000000070a200000, 0x000000070a200000| Untracked 
|  48|0x000000070a400000, 0x000000070a600000, 0x000000070a600000|100%| O|  |TAMS 0x000000070a400000, 0x000000070a400000| Untracked 
|  49|0x000000070a600000, 0x000000070a7f8600, 0x000000070a800000| 98%| O|  |TAMS 0x000000070a600000, 0x000000070a600000| Untracked 
|  50|0x000000070a800000, 0x000000070a800000, 0x000000070aa00000|  0%| F|  |TAMS 0x000000070a800000, 0x000000070a800000| Untracked 
|  51|0x000000070aa00000, 0x000000070aa00000, 0x000000070ac00000|  0%| F|  |TAMS 0x000000070aa00000, 0x000000070aa00000| Untracked 
|  52|0x000000070ac00000, 0x000000070ac00000, 0x000000070ae00000|  0%| F|  |TAMS 0x000000070ac00000, 0x000000070ac00000| Untracked 
|  53|0x000000070ae00000, 0x000000070ae00000, 0x000000070b000000|  0%| F|  |TAMS 0x000000070ae00000, 0x000000070ae00000| Untracked 
|  54|0x000000070b000000, 0x000000070b000000, 0x000000070b200000|  0%| F|  |TAMS 0x000000070b000000, 0x000000070b000000| Untracked 
|  55|0x000000070b200000, 0x000000070b200000, 0x000000070b400000|  0%| F|  |TAMS 0x000000070b200000, 0x000000070b200000| Untracked 
|  56|0x000000070b400000, 0x000000070b400000, 0x000000070b600000|  0%| F|  |TAMS 0x000000070b400000, 0x000000070b400000| Untracked 
|  57|0x000000070b600000, 0x000000070b600000, 0x000000070b800000|  0%| F|  |TAMS 0x000000070b600000, 0x000000070b600000| Untracked 
|  58|0x000000070b800000, 0x000000070b800000, 0x000000070ba00000|  0%| F|  |TAMS 0x000000070b800000, 0x000000070b800000| Untracked 
|  59|0x000000070ba00000, 0x000000070ba00000, 0x000000070bc00000|  0%| F|  |TAMS 0x000000070ba00000, 0x000000070ba00000| Untracked 
|  60|0x000000070bc00000, 0x000000070bc00000, 0x000000070be00000|  0%| F|  |TAMS 0x000000070bc00000, 0x000000070bc00000| Untracked 
|  61|0x000000070be00000, 0x000000070be00000, 0x000000070c000000|  0%| F|  |TAMS 0x000000070be00000, 0x000000070be00000| Untracked 
|  62|0x000000070c000000, 0x000000070c000000, 0x000000070c200000|  0%| F|  |TAMS 0x000000070c000000, 0x000000070c000000| Untracked 
|  63|0x000000070c200000, 0x000000070c200000, 0x000000070c400000|  0%| F|  |TAMS 0x000000070c200000, 0x000000070c200000| Untracked 
|  64|0x000000070c400000, 0x000000070c400000, 0x000000070c600000|  0%| F|  |TAMS 0x000000070c400000, 0x000000070c400000| Untracked 
|  65|0x000000070c600000, 0x000000070c600000, 0x000000070c800000|  0%| F|  |TAMS 0x000000070c600000, 0x000000070c600000| Untracked 
|  66|0x000000070c800000, 0x000000070c800000, 0x000000070ca00000|  0%| F|  |TAMS 0x000000070c800000, 0x000000070c800000| Untracked 
|  67|0x000000070ca00000, 0x000000070ca00000, 0x000000070cc00000|  0%| F|  |TAMS 0x000000070ca00000, 0x000000070ca00000| Untracked 
|  68|0x000000070cc00000, 0x000000070cc00000, 0x000000070ce00000|  0%| F|  |TAMS 0x000000070cc00000, 0x000000070cc00000| Untracked 
|  69|0x000000070ce00000, 0x000000070ce00000, 0x000000070d000000|  0%| F|  |TAMS 0x000000070ce00000, 0x000000070ce00000| Untracked 
|  70|0x000000070d000000, 0x000000070d000000, 0x000000070d200000|  0%| F|  |TAMS 0x000000070d000000, 0x000000070d000000| Untracked 
|  71|0x000000070d200000, 0x000000070d200000, 0x000000070d400000|  0%| F|  |TAMS 0x000000070d200000, 0x000000070d200000| Untracked 
|  72|0x000000070d400000, 0x000000070d400000, 0x000000070d600000|  0%| F|  |TAMS 0x000000070d400000, 0x000000070d400000| Untracked 
|  73|0x000000070d600000, 0x000000070d600000, 0x000000070d800000|  0%| F|  |TAMS 0x000000070d600000, 0x000000070d600000| Untracked 
|  74|0x000000070d800000, 0x000000070d800000, 0x000000070da00000|  0%| F|  |TAMS 0x000000070d800000, 0x000000070d800000| Untracked 
|  75|0x000000070da00000, 0x000000070da00000, 0x000000070dc00000|  0%| F|  |TAMS 0x000000070da00000, 0x000000070da00000| Untracked 
|  76|0x000000070dc00000, 0x000000070dc00000, 0x000000070de00000|  0%| F|  |TAMS 0x000000070dc00000, 0x000000070dc00000| Untracked 
|  77|0x000000070de00000, 0x000000070de00000, 0x000000070e000000|  0%| F|  |TAMS 0x000000070de00000, 0x000000070de00000| Untracked 
|  78|0x000000070e000000, 0x000000070e000000, 0x000000070e200000|  0%| F|  |TAMS 0x000000070e000000, 0x000000070e000000| Untracked 
|  79|0x000000070e200000, 0x000000070e200000, 0x000000070e400000|  0%| F|  |TAMS 0x000000070e200000, 0x000000070e200000| Untracked 
|  80|0x000000070e400000, 0x000000070e400000, 0x000000070e600000|  0%| F|  |TAMS 0x000000070e400000, 0x000000070e400000| Untracked 
|  81|0x000000070e600000, 0x000000070e600000, 0x000000070e800000|  0%| F|  |TAMS 0x000000070e600000, 0x000000070e600000| Untracked 
|  82|0x000000070e800000, 0x000000070e800000, 0x000000070ea00000|  0%| F|  |TAMS 0x000000070e800000, 0x000000070e800000| Untracked 
|  83|0x000000070ea00000, 0x000000070ea00000, 0x000000070ec00000|  0%| F|  |TAMS 0x000000070ea00000, 0x000000070ea00000| Untracked 
|  84|0x000000070ec00000, 0x000000070ec00000, 0x000000070ee00000|  0%| F|  |TAMS 0x000000070ec00000, 0x000000070ec00000| Untracked 
|  85|0x000000070ee00000, 0x000000070ee00000, 0x000000070f000000|  0%| F|  |TAMS 0x000000070ee00000, 0x000000070ee00000| Untracked 
|  86|0x000000070f000000, 0x000000070f000000, 0x000000070f200000|  0%| F|  |TAMS 0x000000070f000000, 0x000000070f000000| Untracked 
|  87|0x000000070f200000, 0x000000070f200000, 0x000000070f400000|  0%| F|  |TAMS 0x000000070f200000, 0x000000070f200000| Untracked 
|  88|0x000000070f400000, 0x000000070f400000, 0x000000070f600000|  0%| F|  |TAMS 0x000000070f400000, 0x000000070f400000| Untracked 
|  89|0x000000070f600000, 0x000000070f600000, 0x000000070f800000|  0%| F|  |TAMS 0x000000070f600000, 0x000000070f600000| Untracked 
|  90|0x000000070f800000, 0x000000070f800000, 0x000000070fa00000|  0%| F|  |TAMS 0x000000070f800000, 0x000000070f800000| Untracked 
|  91|0x000000070fa00000, 0x000000070fa00000, 0x000000070fc00000|  0%| F|  |TAMS 0x000000070fa00000, 0x000000070fa00000| Untracked 
|  92|0x000000070fc00000, 0x000000070fe00000, 0x000000070fe00000|100%| S|CS|TAMS 0x000000070fc00000, 0x000000070fc00000| Complete 
|  93|0x000000070fe00000, 0x000000070fe00000, 0x0000000710000000|  0%| F|  |TAMS 0x000000070fe00000, 0x000000070fe00000| Untracked 
|  94|0x0000000710000000, 0x0000000710200000, 0x0000000710200000|100%| S|CS|TAMS 0x0000000710000000, 0x0000000710000000| Complete 
|  95|0x0000000710200000, 0x0000000710400000, 0x0000000710400000|100%| S|CS|TAMS 0x0000000710200000, 0x0000000710200000| Complete 
|  96|0x0000000710400000, 0x0000000710600000, 0x0000000710600000|100%| S|CS|TAMS 0x0000000710400000, 0x0000000710400000| Complete 
|  97|0x0000000710600000, 0x0000000710800000, 0x0000000710800000|100%| S|CS|TAMS 0x0000000710600000, 0x0000000710600000| Complete 
|  98|0x0000000710800000, 0x0000000710a00000, 0x0000000710a00000|100%| S|CS|TAMS 0x0000000710800000, 0x0000000710800000| Complete 
|  99|0x0000000710a00000, 0x0000000710c00000, 0x0000000710c00000|100%| S|CS|TAMS 0x0000000710a00000, 0x0000000710a00000| Complete 
| 100|0x0000000710c00000, 0x0000000710e00000, 0x0000000710e00000|100%| S|CS|TAMS 0x0000000710c00000, 0x0000000710c00000| Complete 
| 101|0x0000000710e00000, 0x0000000711000000, 0x0000000711000000|100%| S|CS|TAMS 0x0000000710e00000, 0x0000000710e00000| Complete 
| 102|0x0000000711000000, 0x0000000711200000, 0x0000000711200000|100%| S|CS|TAMS 0x0000000711000000, 0x0000000711000000| Complete 
| 103|0x0000000711200000, 0x0000000711200000, 0x0000000711400000|  0%| F|  |TAMS 0x0000000711200000, 0x0000000711200000| Untracked 
| 104|0x0000000711400000, 0x0000000711400000, 0x0000000711600000|  0%| F|  |TAMS 0x0000000711400000, 0x0000000711400000| Untracked 
| 105|0x0000000711600000, 0x0000000711600000, 0x0000000711800000|  0%| F|  |TAMS 0x0000000711600000, 0x0000000711600000| Untracked 
| 106|0x0000000711800000, 0x0000000711800000, 0x0000000711a00000|  0%| F|  |TAMS 0x0000000711800000, 0x0000000711800000| Untracked 
| 107|0x0000000711a00000, 0x0000000711a00000, 0x0000000711c00000|  0%| F|  |TAMS 0x0000000711a00000, 0x0000000711a00000| Untracked 
| 108|0x0000000711c00000, 0x0000000711c00000, 0x0000000711e00000|  0%| F|  |TAMS 0x0000000711c00000, 0x0000000711c00000| Untracked 
| 109|0x0000000711e00000, 0x0000000711e00000, 0x0000000712000000|  0%| F|  |TAMS 0x0000000711e00000, 0x0000000711e00000| Untracked 
| 110|0x0000000712000000, 0x0000000712000000, 0x0000000712200000|  0%| F|  |TAMS 0x0000000712000000, 0x0000000712000000| Untracked 
| 111|0x0000000712200000, 0x0000000712200000, 0x0000000712400000|  0%| F|  |TAMS 0x0000000712200000, 0x0000000712200000| Untracked 
| 112|0x0000000712400000, 0x0000000712400000, 0x0000000712600000|  0%| F|  |TAMS 0x0000000712400000, 0x0000000712400000| Untracked 
| 113|0x0000000712600000, 0x0000000712600000, 0x0000000712800000|  0%| F|  |TAMS 0x0000000712600000, 0x0000000712600000| Untracked 
| 114|0x0000000712800000, 0x0000000712a00000, 0x0000000712a00000|100%| S|CS|TAMS 0x0000000712800000, 0x0000000712800000| Complete 
| 115|0x0000000712a00000, 0x0000000712c00000, 0x0000000712c00000|100%| S|CS|TAMS 0x0000000712a00000, 0x0000000712a00000| Complete 
| 116|0x0000000712c00000, 0x0000000712e00000, 0x0000000712e00000|100%| S|CS|TAMS 0x0000000712c00000, 0x0000000712c00000| Complete 
| 117|0x0000000712e00000, 0x0000000713000000, 0x0000000713000000|100%| S|CS|TAMS 0x0000000712e00000, 0x0000000712e00000| Complete 
| 118|0x0000000713000000, 0x0000000713200000, 0x0000000713200000|100%| S|CS|TAMS 0x0000000713000000, 0x0000000713000000| Complete 
| 119|0x0000000713200000, 0x0000000713400000, 0x0000000713400000|100%| S|CS|TAMS 0x0000000713200000, 0x0000000713200000| Complete 
| 120|0x0000000713400000, 0x0000000713400000, 0x0000000713600000|  0%| F|  |TAMS 0x0000000713400000, 0x0000000713400000| Untracked 
| 121|0x0000000713600000, 0x0000000713600000, 0x0000000713800000|  0%| F|  |TAMS 0x0000000713600000, 0x0000000713600000| Untracked 
| 122|0x0000000713800000, 0x0000000713800000, 0x0000000713a00000|  0%| F|  |TAMS 0x0000000713800000, 0x0000000713800000| Untracked 
| 123|0x0000000713a00000, 0x0000000713a00000, 0x0000000713c00000|  0%| F|  |TAMS 0x0000000713a00000, 0x0000000713a00000| Untracked 
| 124|0x0000000713c00000, 0x0000000713e00000, 0x0000000713e00000|100%| S|CS|TAMS 0x0000000713c00000, 0x0000000713c00000| Complete 
| 125|0x0000000713e00000, 0x0000000713e00000, 0x0000000714000000|  0%| F|  |TAMS 0x0000000713e00000, 0x0000000713e00000| Untracked 
| 126|0x0000000714000000, 0x0000000714000000, 0x0000000714200000|  0%| F|  |TAMS 0x0000000714000000, 0x0000000714000000| Untracked 
| 127|0x0000000714200000, 0x0000000714200000, 0x0000000714400000|  0%| F|  |TAMS 0x0000000714200000, 0x0000000714200000| Untracked 
| 128|0x0000000714400000, 0x0000000714400000, 0x0000000714600000|  0%| F|  |TAMS 0x0000000714400000, 0x0000000714400000| Untracked 
| 129|0x0000000714600000, 0x0000000714600000, 0x0000000714800000|  0%| F|  |TAMS 0x0000000714600000, 0x0000000714600000| Untracked 
| 130|0x0000000714800000, 0x0000000714800000, 0x0000000714a00000|  0%| F|  |TAMS 0x0000000714800000, 0x0000000714800000| Untracked 
| 131|0x0000000714a00000, 0x0000000714a00000, 0x0000000714c00000|  0%| F|  |TAMS 0x0000000714a00000, 0x0000000714a00000| Untracked 
| 132|0x0000000714c00000, 0x0000000714c00000, 0x0000000714e00000|  0%| F|  |TAMS 0x0000000714c00000, 0x0000000714c00000| Untracked 
| 133|0x0000000714e00000, 0x0000000714e00000, 0x0000000715000000|  0%| F|  |TAMS 0x0000000714e00000, 0x0000000714e00000| Untracked 
| 134|0x0000000715000000, 0x0000000715000000, 0x0000000715200000|  0%| F|  |TAMS 0x0000000715000000, 0x0000000715000000| Untracked 
| 135|0x0000000715200000, 0x0000000715200000, 0x0000000715400000|  0%| F|  |TAMS 0x0000000715200000, 0x0000000715200000| Untracked 
| 136|0x0000000715400000, 0x0000000715400000, 0x0000000715600000|  0%| F|  |TAMS 0x0000000715400000, 0x0000000715400000| Untracked 
| 137|0x0000000715600000, 0x0000000715600000, 0x0000000715800000|  0%| F|  |TAMS 0x0000000715600000, 0x0000000715600000| Untracked 
| 138|0x0000000715800000, 0x0000000715800000, 0x0000000715a00000|  0%| F|  |TAMS 0x0000000715800000, 0x0000000715800000| Untracked 
| 139|0x0000000715a00000, 0x0000000715a00000, 0x0000000715c00000|  0%| F|  |TAMS 0x0000000715a00000, 0x0000000715a00000| Untracked 
| 140|0x0000000715c00000, 0x0000000715c00000, 0x0000000715e00000|  0%| F|  |TAMS 0x0000000715c00000, 0x0000000715c00000| Untracked 
| 141|0x0000000715e00000, 0x0000000715e00000, 0x0000000716000000|  0%| F|  |TAMS 0x0000000715e00000, 0x0000000715e00000| Untracked 
| 142|0x0000000716000000, 0x0000000716000000, 0x0000000716200000|  0%| F|  |TAMS 0x0000000716000000, 0x0000000716000000| Untracked 
| 143|0x0000000716200000, 0x0000000716200000, 0x0000000716400000|  0%| F|  |TAMS 0x0000000716200000, 0x0000000716200000| Untracked 
| 144|0x0000000716400000, 0x0000000716400000, 0x0000000716600000|  0%| F|  |TAMS 0x0000000716400000, 0x0000000716400000| Untracked 
| 145|0x0000000716600000, 0x0000000716600000, 0x0000000716800000|  0%| F|  |TAMS 0x0000000716600000, 0x0000000716600000| Untracked 
| 146|0x0000000716800000, 0x0000000716800000, 0x0000000716a00000|  0%| F|  |TAMS 0x0000000716800000, 0x0000000716800000| Untracked 
| 147|0x0000000716a00000, 0x0000000716a00000, 0x0000000716c00000|  0%| F|  |TAMS 0x0000000716a00000, 0x0000000716a00000| Untracked 
| 148|0x0000000716c00000, 0x0000000716c00000, 0x0000000716e00000|  0%| F|  |TAMS 0x0000000716c00000, 0x0000000716c00000| Untracked 
| 149|0x0000000716e00000, 0x0000000716e00000, 0x0000000717000000|  0%| F|  |TAMS 0x0000000716e00000, 0x0000000716e00000| Untracked 
| 150|0x0000000717000000, 0x0000000717000000, 0x0000000717200000|  0%| F|  |TAMS 0x0000000717000000, 0x0000000717000000| Untracked 
| 151|0x0000000717200000, 0x0000000717200000, 0x0000000717400000|  0%| F|  |TAMS 0x0000000717200000, 0x0000000717200000| Untracked 
| 152|0x0000000717400000, 0x0000000717400000, 0x0000000717600000|  0%| F|  |TAMS 0x0000000717400000, 0x0000000717400000| Untracked 
| 153|0x0000000717600000, 0x0000000717600000, 0x0000000717800000|  0%| F|  |TAMS 0x0000000717600000, 0x0000000717600000| Untracked 
| 154|0x0000000717800000, 0x0000000717800000, 0x0000000717a00000|  0%| F|  |TAMS 0x0000000717800000, 0x0000000717800000| Untracked 
| 155|0x0000000717a00000, 0x0000000717a00000, 0x0000000717c00000|  0%| F|  |TAMS 0x0000000717a00000, 0x0000000717a00000| Untracked 
| 156|0x0000000717c00000, 0x0000000717c00000, 0x0000000717e00000|  0%| F|  |TAMS 0x0000000717c00000, 0x0000000717c00000| Untracked 
| 157|0x0000000717e00000, 0x0000000717e00000, 0x0000000718000000|  0%| F|  |TAMS 0x0000000717e00000, 0x0000000717e00000| Untracked 
| 158|0x0000000718000000, 0x0000000718000000, 0x0000000718200000|  0%| F|  |TAMS 0x0000000718000000, 0x0000000718000000| Untracked 
| 159|0x0000000718200000, 0x0000000718200000, 0x0000000718400000|  0%| F|  |TAMS 0x0000000718200000, 0x0000000718200000| Untracked 
| 160|0x0000000718400000, 0x0000000718400000, 0x0000000718600000|  0%| F|  |TAMS 0x0000000718400000, 0x0000000718400000| Untracked 
| 161|0x0000000718600000, 0x0000000718600000, 0x0000000718800000|  0%| F|  |TAMS 0x0000000718600000, 0x0000000718600000| Untracked 
| 162|0x0000000718800000, 0x0000000718800000, 0x0000000718a00000|  0%| F|  |TAMS 0x0000000718800000, 0x0000000718800000| Untracked 
| 163|0x0000000718a00000, 0x0000000718a00000, 0x0000000718c00000|  0%| F|  |TAMS 0x0000000718a00000, 0x0000000718a00000| Untracked 
| 164|0x0000000718c00000, 0x0000000718c00000, 0x0000000718e00000|  0%| F|  |TAMS 0x0000000718c00000, 0x0000000718c00000| Untracked 
| 165|0x0000000718e00000, 0x0000000718e00000, 0x0000000719000000|  0%| F|  |TAMS 0x0000000718e00000, 0x0000000718e00000| Untracked 
| 166|0x0000000719000000, 0x0000000719000000, 0x0000000719200000|  0%| F|  |TAMS 0x0000000719000000, 0x0000000719000000| Untracked 
| 167|0x0000000719200000, 0x0000000719200000, 0x0000000719400000|  0%| F|  |TAMS 0x0000000719200000, 0x0000000719200000| Untracked 
| 168|0x0000000719400000, 0x0000000719400000, 0x0000000719600000|  0%| F|  |TAMS 0x0000000719400000, 0x0000000719400000| Untracked 
| 169|0x0000000719600000, 0x0000000719600000, 0x0000000719800000|  0%| F|  |TAMS 0x0000000719600000, 0x0000000719600000| Untracked 
| 170|0x0000000719800000, 0x0000000719800000, 0x0000000719a00000|  0%| F|  |TAMS 0x0000000719800000, 0x0000000719800000| Untracked 
| 171|0x0000000719a00000, 0x0000000719a00000, 0x0000000719c00000|  0%| F|  |TAMS 0x0000000719a00000, 0x0000000719a00000| Untracked 
| 172|0x0000000719c00000, 0x0000000719c00000, 0x0000000719e00000|  0%| F|  |TAMS 0x0000000719c00000, 0x0000000719c00000| Untracked 
| 173|0x0000000719e00000, 0x0000000719e00000, 0x000000071a000000|  0%| F|  |TAMS 0x0000000719e00000, 0x0000000719e00000| Untracked 
| 174|0x000000071a000000, 0x000000071a000000, 0x000000071a200000|  0%| F|  |TAMS 0x000000071a000000, 0x000000071a000000| Untracked 
| 175|0x000000071a200000, 0x000000071a200000, 0x000000071a400000|  0%| F|  |TAMS 0x000000071a200000, 0x000000071a200000| Untracked 
| 176|0x000000071a400000, 0x000000071a400000, 0x000000071a600000|  0%| F|  |TAMS 0x000000071a400000, 0x000000071a400000| Untracked 
| 177|0x000000071a600000, 0x000000071a600000, 0x000000071a800000|  0%| F|  |TAMS 0x000000071a600000, 0x000000071a600000| Untracked 
| 178|0x000000071a800000, 0x000000071a800000, 0x000000071aa00000|  0%| F|  |TAMS 0x000000071a800000, 0x000000071a800000| Untracked 
| 179|0x000000071aa00000, 0x000000071aa00000, 0x000000071ac00000|  0%| F|  |TAMS 0x000000071aa00000, 0x000000071aa00000| Untracked 
| 180|0x000000071ac00000, 0x000000071ac00000, 0x000000071ae00000|  0%| F|  |TAMS 0x000000071ac00000, 0x000000071ac00000| Untracked 
| 181|0x000000071ae00000, 0x000000071ae00000, 0x000000071b000000|  0%| F|  |TAMS 0x000000071ae00000, 0x000000071ae00000| Untracked 
| 182|0x000000071b000000, 0x000000071b000000, 0x000000071b200000|  0%| F|  |TAMS 0x000000071b000000, 0x000000071b000000| Untracked 
| 183|0x000000071b200000, 0x000000071b200000, 0x000000071b400000|  0%| F|  |TAMS 0x000000071b200000, 0x000000071b200000| Untracked 
| 184|0x000000071b400000, 0x000000071b400000, 0x000000071b600000|  0%| F|  |TAMS 0x000000071b400000, 0x000000071b400000| Untracked 
| 185|0x000000071b600000, 0x000000071b600000, 0x000000071b800000|  0%| F|  |TAMS 0x000000071b600000, 0x000000071b600000| Untracked 
| 186|0x000000071b800000, 0x000000071b800000, 0x000000071ba00000|  0%| F|  |TAMS 0x000000071b800000, 0x000000071b800000| Untracked 
| 187|0x000000071ba00000, 0x000000071ba00000, 0x000000071bc00000|  0%| F|  |TAMS 0x000000071ba00000, 0x000000071ba00000| Untracked 
| 188|0x000000071bc00000, 0x000000071bc00000, 0x000000071be00000|  0%| F|  |TAMS 0x000000071bc00000, 0x000000071bc00000| Untracked 
| 189|0x000000071be00000, 0x000000071be00000, 0x000000071c000000|  0%| F|  |TAMS 0x000000071be00000, 0x000000071be00000| Untracked 
| 190|0x000000071c000000, 0x000000071c000000, 0x000000071c200000|  0%| F|  |TAMS 0x000000071c000000, 0x000000071c000000| Untracked 
| 191|0x000000071c200000, 0x000000071c200000, 0x000000071c400000|  0%| F|  |TAMS 0x000000071c200000, 0x000000071c200000| Untracked 
| 192|0x000000071c400000, 0x000000071c400000, 0x000000071c600000|  0%| F|  |TAMS 0x000000071c400000, 0x000000071c400000| Untracked 
| 193|0x000000071c600000, 0x000000071c600000, 0x000000071c800000|  0%| F|  |TAMS 0x000000071c600000, 0x000000071c600000| Untracked 
| 194|0x000000071c800000, 0x000000071c800000, 0x000000071ca00000|  0%| F|  |TAMS 0x000000071c800000, 0x000000071c800000| Untracked 
| 195|0x000000071ca00000, 0x000000071ca00000, 0x000000071cc00000|  0%| F|  |TAMS 0x000000071ca00000, 0x000000071ca00000| Untracked 
| 196|0x000000071cc00000, 0x000000071cc00000, 0x000000071ce00000|  0%| F|  |TAMS 0x000000071cc00000, 0x000000071cc00000| Untracked 
| 197|0x000000071ce00000, 0x000000071ce00000, 0x000000071d000000|  0%| F|  |TAMS 0x000000071ce00000, 0x000000071ce00000| Untracked 
| 198|0x000000071d000000, 0x000000071d000000, 0x000000071d200000|  0%| F|  |TAMS 0x000000071d000000, 0x000000071d000000| Untracked 
| 199|0x000000071d200000, 0x000000071d200000, 0x000000071d400000|  0%| F|  |TAMS 0x000000071d200000, 0x000000071d200000| Untracked 
| 200|0x000000071d400000, 0x000000071d400000, 0x000000071d600000|  0%| F|  |TAMS 0x000000071d400000, 0x000000071d400000| Untracked 
| 201|0x000000071d600000, 0x000000071d600000, 0x000000071d800000|  0%| F|  |TAMS 0x000000071d600000, 0x000000071d600000| Untracked 
| 202|0x000000071d800000, 0x000000071d800000, 0x000000071da00000|  0%| F|  |TAMS 0x000000071d800000, 0x000000071d800000| Untracked 
| 203|0x000000071da00000, 0x000000071da00000, 0x000000071dc00000|  0%| F|  |TAMS 0x000000071da00000, 0x000000071da00000| Untracked 
| 204|0x000000071dc00000, 0x000000071dc00000, 0x000000071de00000|  0%| F|  |TAMS 0x000000071dc00000, 0x000000071dc00000| Untracked 
| 205|0x000000071de00000, 0x000000071de00000, 0x000000071e000000|  0%| F|  |TAMS 0x000000071de00000, 0x000000071de00000| Untracked 
| 206|0x000000071e000000, 0x000000071e000000, 0x000000071e200000|  0%| F|  |TAMS 0x000000071e000000, 0x000000071e000000| Untracked 
| 207|0x000000071e200000, 0x000000071e200000, 0x000000071e400000|  0%| F|  |TAMS 0x000000071e200000, 0x000000071e200000| Untracked 
| 208|0x000000071e400000, 0x000000071e400000, 0x000000071e600000|  0%| F|  |TAMS 0x000000071e400000, 0x000000071e400000| Untracked 
| 209|0x000000071e600000, 0x000000071e600000, 0x000000071e800000|  0%| F|  |TAMS 0x000000071e600000, 0x000000071e600000| Untracked 
| 210|0x000000071e800000, 0x000000071e800000, 0x000000071ea00000|  0%| F|  |TAMS 0x000000071e800000, 0x000000071e800000| Untracked 
| 211|0x000000071ea00000, 0x000000071ea00000, 0x000000071ec00000|  0%| F|  |TAMS 0x000000071ea00000, 0x000000071ea00000| Untracked 
| 212|0x000000071ec00000, 0x000000071ec00000, 0x000000071ee00000|  0%| F|  |TAMS 0x000000071ec00000, 0x000000071ec00000| Untracked 
| 213|0x000000071ee00000, 0x000000071ee00000, 0x000000071f000000|  0%| F|  |TAMS 0x000000071ee00000, 0x000000071ee00000| Untracked 
| 214|0x000000071f000000, 0x000000071f000000, 0x000000071f200000|  0%| F|  |TAMS 0x000000071f000000, 0x000000071f000000| Untracked 
| 215|0x000000071f200000, 0x000000071f200000, 0x000000071f400000|  0%| F|  |TAMS 0x000000071f200000, 0x000000071f200000| Untracked 
| 216|0x000000071f400000, 0x000000071f400000, 0x000000071f600000|  0%| F|  |TAMS 0x000000071f400000, 0x000000071f400000| Untracked 
| 217|0x000000071f600000, 0x000000071f600000, 0x000000071f800000|  0%| F|  |TAMS 0x000000071f600000, 0x000000071f600000| Untracked 
| 218|0x000000071f800000, 0x000000071f800000, 0x000000071fa00000|  0%| F|  |TAMS 0x000000071f800000, 0x000000071f800000| Untracked 
| 219|0x000000071fa00000, 0x000000071fa00000, 0x000000071fc00000|  0%| F|  |TAMS 0x000000071fa00000, 0x000000071fa00000| Untracked 
| 220|0x000000071fc00000, 0x000000071fc00000, 0x000000071fe00000|  0%| F|  |TAMS 0x000000071fc00000, 0x000000071fc00000| Untracked 
| 221|0x000000071fe00000, 0x000000071fe00000, 0x0000000720000000|  0%| F|  |TAMS 0x000000071fe00000, 0x000000071fe00000| Untracked 
| 222|0x0000000720000000, 0x0000000720000000, 0x0000000720200000|  0%| F|  |TAMS 0x0000000720000000, 0x0000000720000000| Untracked 
| 223|0x0000000720200000, 0x0000000720200000, 0x0000000720400000|  0%| F|  |TAMS 0x0000000720200000, 0x0000000720200000| Untracked 
| 224|0x0000000720400000, 0x0000000720400000, 0x0000000720600000|  0%| F|  |TAMS 0x0000000720400000, 0x0000000720400000| Untracked 
| 225|0x0000000720600000, 0x0000000720600000, 0x0000000720800000|  0%| F|  |TAMS 0x0000000720600000, 0x0000000720600000| Untracked 
| 226|0x0000000720800000, 0x0000000720800000, 0x0000000720a00000|  0%| F|  |TAMS 0x0000000720800000, 0x0000000720800000| Untracked 
| 227|0x0000000720a00000, 0x0000000720a00000, 0x0000000720c00000|  0%| F|  |TAMS 0x0000000720a00000, 0x0000000720a00000| Untracked 
| 228|0x0000000720c00000, 0x0000000720c00000, 0x0000000720e00000|  0%| F|  |TAMS 0x0000000720c00000, 0x0000000720c00000| Untracked 
| 229|0x0000000720e00000, 0x0000000720e00000, 0x0000000721000000|  0%| F|  |TAMS 0x0000000720e00000, 0x0000000720e00000| Untracked 
| 230|0x0000000721000000, 0x0000000721000000, 0x0000000721200000|  0%| F|  |TAMS 0x0000000721000000, 0x0000000721000000| Untracked 
| 231|0x0000000721200000, 0x0000000721200000, 0x0000000721400000|  0%| F|  |TAMS 0x0000000721200000, 0x0000000721200000| Untracked 
| 232|0x0000000721400000, 0x0000000721400000, 0x0000000721600000|  0%| F|  |TAMS 0x0000000721400000, 0x0000000721400000| Untracked 
| 233|0x0000000721600000, 0x0000000721600000, 0x0000000721800000|  0%| F|  |TAMS 0x0000000721600000, 0x0000000721600000| Untracked 
| 234|0x0000000721800000, 0x0000000721800000, 0x0000000721a00000|  0%| F|  |TAMS 0x0000000721800000, 0x0000000721800000| Untracked 
| 235|0x0000000721a00000, 0x0000000721a00000, 0x0000000721c00000|  0%| F|  |TAMS 0x0000000721a00000, 0x0000000721a00000| Untracked 
| 236|0x0000000721c00000, 0x0000000721c00000, 0x0000000721e00000|  0%| F|  |TAMS 0x0000000721c00000, 0x0000000721c00000| Untracked 
| 237|0x0000000721e00000, 0x0000000721e00000, 0x0000000722000000|  0%| F|  |TAMS 0x0000000721e00000, 0x0000000721e00000| Untracked 
| 238|0x0000000722000000, 0x0000000722000000, 0x0000000722200000|  0%| F|  |TAMS 0x0000000722000000, 0x0000000722000000| Untracked 
| 239|0x0000000722200000, 0x0000000722200000, 0x0000000722400000|  0%| F|  |TAMS 0x0000000722200000, 0x0000000722200000| Untracked 
| 240|0x0000000722400000, 0x0000000722400000, 0x0000000722600000|  0%| F|  |TAMS 0x0000000722400000, 0x0000000722400000| Untracked 
| 241|0x0000000722600000, 0x0000000722600000, 0x0000000722800000|  0%| F|  |TAMS 0x0000000722600000, 0x0000000722600000| Untracked 
| 242|0x0000000722800000, 0x0000000722800000, 0x0000000722a00000|  0%| F|  |TAMS 0x0000000722800000, 0x0000000722800000| Untracked 
| 243|0x0000000722a00000, 0x0000000722a00000, 0x0000000722c00000|  0%| F|  |TAMS 0x0000000722a00000, 0x0000000722a00000| Untracked 
| 244|0x0000000722c00000, 0x0000000722c00000, 0x0000000722e00000|  0%| F|  |TAMS 0x0000000722c00000, 0x0000000722c00000| Untracked 
| 245|0x0000000722e00000, 0x0000000722e00000, 0x0000000723000000|  0%| F|  |TAMS 0x0000000722e00000, 0x0000000722e00000| Untracked 
| 246|0x0000000723000000, 0x0000000723000000, 0x0000000723200000|  0%| F|  |TAMS 0x0000000723000000, 0x0000000723000000| Untracked 
| 247|0x0000000723200000, 0x0000000723200000, 0x0000000723400000|  0%| F|  |TAMS 0x0000000723200000, 0x0000000723200000| Untracked 
| 248|0x0000000723400000, 0x0000000723400000, 0x0000000723600000|  0%| F|  |TAMS 0x0000000723400000, 0x0000000723400000| Untracked 
| 249|0x0000000723600000, 0x0000000723600000, 0x0000000723800000|  0%| F|  |TAMS 0x0000000723600000, 0x0000000723600000| Untracked 
| 250|0x0000000723800000, 0x0000000723800000, 0x0000000723a00000|  0%| F|  |TAMS 0x0000000723800000, 0x0000000723800000| Untracked 
| 251|0x0000000723a00000, 0x0000000723a00000, 0x0000000723c00000|  0%| F|  |TAMS 0x0000000723a00000, 0x0000000723a00000| Untracked 
| 252|0x0000000723c00000, 0x0000000723c00000, 0x0000000723e00000|  0%| F|  |TAMS 0x0000000723c00000, 0x0000000723c00000| Untracked 
| 253|0x0000000723e00000, 0x0000000723e00000, 0x0000000724000000|  0%| F|  |TAMS 0x0000000723e00000, 0x0000000723e00000| Untracked 
| 254|0x0000000724000000, 0x0000000724000000, 0x0000000724200000|  0%| F|  |TAMS 0x0000000724000000, 0x0000000724000000| Untracked 
| 255|0x0000000724200000, 0x0000000724200000, 0x0000000724400000|  0%| F|  |TAMS 0x0000000724200000, 0x0000000724200000| Untracked 
| 256|0x0000000724400000, 0x0000000724400000, 0x0000000724600000|  0%| F|  |TAMS 0x0000000724400000, 0x0000000724400000| Untracked 
| 257|0x0000000724600000, 0x0000000724600000, 0x0000000724800000|  0%| F|  |TAMS 0x0000000724600000, 0x0000000724600000| Untracked 
| 258|0x0000000724800000, 0x0000000724800000, 0x0000000724a00000|  0%| F|  |TAMS 0x0000000724800000, 0x0000000724800000| Untracked 
| 259|0x0000000724a00000, 0x0000000724a00000, 0x0000000724c00000|  0%| F|  |TAMS 0x0000000724a00000, 0x0000000724a00000| Untracked 
| 260|0x0000000724c00000, 0x0000000724c00000, 0x0000000724e00000|  0%| F|  |TAMS 0x0000000724c00000, 0x0000000724c00000| Untracked 
| 261|0x0000000724e00000, 0x0000000724e00000, 0x0000000725000000|  0%| F|  |TAMS 0x0000000724e00000, 0x0000000724e00000| Untracked 
| 262|0x0000000725000000, 0x0000000725000000, 0x0000000725200000|  0%| F|  |TAMS 0x0000000725000000, 0x0000000725000000| Untracked 
| 263|0x0000000725200000, 0x0000000725200000, 0x0000000725400000|  0%| F|  |TAMS 0x0000000725200000, 0x0000000725200000| Untracked 
| 264|0x0000000725400000, 0x0000000725400000, 0x0000000725600000|  0%| F|  |TAMS 0x0000000725400000, 0x0000000725400000| Untracked 
| 265|0x0000000725600000, 0x0000000725600000, 0x0000000725800000|  0%| F|  |TAMS 0x0000000725600000, 0x0000000725600000| Untracked 
| 266|0x0000000725800000, 0x0000000725800000, 0x0000000725a00000|  0%| F|  |TAMS 0x0000000725800000, 0x0000000725800000| Untracked 
| 267|0x0000000725a00000, 0x0000000725a00000, 0x0000000725c00000|  0%| F|  |TAMS 0x0000000725a00000, 0x0000000725a00000| Untracked 
| 268|0x0000000725c00000, 0x0000000725c00000, 0x0000000725e00000|  0%| F|  |TAMS 0x0000000725c00000, 0x0000000725c00000| Untracked 
| 269|0x0000000725e00000, 0x0000000725e00000, 0x0000000726000000|  0%| F|  |TAMS 0x0000000725e00000, 0x0000000725e00000| Untracked 
| 270|0x0000000726000000, 0x0000000726000000, 0x0000000726200000|  0%| F|  |TAMS 0x0000000726000000, 0x0000000726000000| Untracked 

Card table byte_map: [0x00000145df200000,0x00000145df9e0000] _byte_map_base: 0x00000145db9de000

Marking Bits (Prev, Next): (CMBitMap*) 0x00000145d8ced9e0, (CMBitMap*) 0x00000145d8ced9a0
 Prev Bits: [0x00000145e40b0000, 0x00000145e7fa0000)
 Next Bits: [0x00000145e01c0000, 0x00000145e40b0000)

Polling page: 0x00000145d8450000

Metaspace:

Usage:
  Non-class:     29.74 MB used.
      Class:      4.42 MB used.
       Both:     34.16 MB used.

Virtual space:
  Non-class space:       32.00 MB reserved,      29.88 MB ( 93%) committed,  4 nodes.
      Class space:        1.00 GB reserved,       4.56 MB ( <1%) committed,  1 nodes.
             Both:        1.03 GB reserved,      34.44 MB (  3%) committed. 

Chunk freelists:
   Non-Class:  2.08 MB
       Class:  3.38 MB
        Both:  5.45 MB

MaxMetaspaceSize: unlimited
CompressedClassSpaceSize: 1.00 GB
Initial GC threshold: 21.00 MB
Current GC threshold: 35.31 MB
CDS: off
MetaspaceReclaimPolicy: balanced
 - commit_granule_bytes: 65536.
 - commit_granule_words: 8192.
 - virtual_space_node_default_size: 1048576.
 - enlarge_chunks_in_place: 1.
 - new_chunks_are_fully_committed: 0.
 - uncommit_free_chunks: 1.
 - use_allocation_guard: 0.
 - handle_deallocations: 1.


Internal statistics:

num_allocs_failed_limit: 5.
num_arena_births: 298.
num_arena_deaths: 0.
num_vsnodes_births: 5.
num_vsnodes_deaths: 0.
num_space_committed: 551.
num_space_uncommitted: 0.
num_chunks_returned_to_freelist: 5.
num_chunks_taken_from_freelist: 1279.
num_chunk_merges: 5.
num_chunk_splits: 890.
num_chunks_enlarged: 698.
num_purges: 0.
num_inconsistent_stats: 0.

CodeCache: size=49152Kb used=9287Kb max_used=9287Kb free=39864Kb
 bounds [0x00000145db910000, 0x00000145dc230000, 0x00000145de910000]
 total_blobs=4278 nmethods=3750 adapters=452
 compilation: enabled
              stopped_count=0, restarted_count=0
 full_count=0

Compilation events (20 events):
Event: 3.300 Thread 0x00000145eb694a40 nmethod 3741 0x00000145dc21b710 code [0x00000145dc21b8c0, 0x00000145dc21baf8]
Event: 3.300 Thread 0x00000145eb694a40 3744   !   1       nonapi.io.github.classgraph.fastzipfilereader.NestedJarHandler$8::read (225 bytes)
Event: 3.300 Thread 0x00000145eb6a3120 nmethod 3740 0x00000145dc21bc10 code [0x00000145dc21bde0, 0x00000145dc21c288]
Event: 3.300 Thread 0x00000145eb6a3120 3743   !   1       nonapi.io.github.classgraph.fileslice.Slice$1::close (28 bytes)
Event: 3.300 Thread 0x00000145eb49fde0 nmethod 3736 0x00000145dc21c410 code [0x00000145dc21c6a0, 0x00000145dc21cf88]
Event: 3.300 Thread 0x00000145ec115280 nmethod 3742 0x00000145dc21d390 code [0x00000145dc21d560, 0x00000145dc21d998]
Event: 3.301 Thread 0x00000145ec115280 3745       1       io.github.classgraph.ClasspathElementZip$1::close (28 bytes)
Event: 3.301 Thread 0x00000145eb6a3120 nmethod 3743 0x00000145dc21db10 code [0x00000145dc21dce0, 0x00000145dc21dfd8]
Event: 3.301 Thread 0x00000145eb694a40 nmethod 3744 0x00000145dc21e190 code [0x00000145dc21e400, 0x00000145dc21ecc8]
Event: 3.301 Thread 0x00000145ec115280 nmethod 3745 0x00000145dc21f390 code [0x00000145dc21f560, 0x00000145dc21f8f8]
Event: 3.306 Thread 0x00000145ec115280 3746       1       io.github.classgraph.ClasspathElementZip$1::openClassfile (13 bytes)
Event: 3.306 Thread 0x00000145eb694a40 3747   !   1       io.github.classgraph.ClasspathElementZip$1::open (79 bytes)
Event: 3.307 Thread 0x00000145ec115280 nmethod 3746 0x00000145dc21fb10 code [0x00000145dc21fcc0, 0x00000145dc21ffe8]
Event: 3.308 Thread 0x00000145eb694a40 nmethod 3747 0x00000145dc220110 code [0x00000145dc220360, 0x00000145dc220c98]
Event: 3.382 Thread 0x00000145eb694a40 3748       1       io.github.classgraph.PotentiallyUnmodifiableList$1::hasNext (22 bytes)
Event: 3.382 Thread 0x00000145eb694a40 nmethod 3748 0x00000145dc221210 code [0x00000145dc2213c0, 0x00000145dc221508]
Event: 3.384 Thread 0x00000145eb694a40 3749       1       io.github.classgraph.ScanResultObject::<init> (5 bytes)
Event: 3.384 Thread 0x00000145eb694a40 nmethod 3749 0x00000145dc221610 code [0x00000145dc2217a0, 0x00000145dc221858]
Event: 3.391 Thread 0x00000145eb694a40 3750       1       io.github.classgraph.MethodInfo::getThrownExceptionNames (19 bytes)
Event: 3.391 Thread 0x00000145eb694a40 nmethod 3750 0x00000145dc221910 code [0x00000145dc221aa0, 0x00000145dc221c38]

GC Heap History (20 events):
Event: 2.487 GC heap after
{Heap after GC invocations=9 (full 0):
 garbage-first heap   total 153600K, used 42065K [0x0000000704400000, 0x0000000800000000)
  region size 2048K, 5 young (10240K), 5 survivors (10240K)
 Metaspace       used 33755K, committed 33984K, reserved 1081344K
  class space    used 4301K, committed 4416K, reserved 1048576K
}
Event: 2.760 GC heap before
{Heap before GC invocations=9 (full 0):
 garbage-first heap   total 153600K, used 95313K [0x0000000704400000, 0x0000000800000000)
  region size 2048K, 32 young (65536K), 5 survivors (10240K)
 Metaspace       used 34739K, committed 35072K, reserved 1081344K
  class space    used 4505K, committed 4672K, reserved 1048576K
}
Event: 2.782 GC heap after
{Heap after GC invocations=10 (full 0):
 garbage-first heap   total 153600K, used 57155K [0x0000000704400000, 0x0000000800000000)
  region size 2048K, 4 young (8192K), 4 survivors (8192K)
 Metaspace       used 34739K, committed 35072K, reserved 1081344K
  class space    used 4505K, committed 4672K, reserved 1048576K
}
Event: 2.798 GC heap before
{Heap before GC invocations=10 (full 0):
 garbage-first heap   total 153600K, used 102211K [0x0000000704400000, 0x0000000800000000)
  region size 2048K, 27 young (55296K), 4 survivors (8192K)
 Metaspace       used 34753K, committed 35072K, reserved 1081344K
  class space    used 4505K, committed 4672K, reserved 1048576K
}
Event: 2.805 GC heap after
{Heap after GC invocations=11 (full 0):
 garbage-first heap   total 233472K, used 61622K [0x0000000704400000, 0x0000000800000000)
  region size 2048K, 2 young (4096K), 2 survivors (4096K)
 Metaspace       used 34753K, committed 35072K, reserved 1081344K
  class space    used 4505K, committed 4672K, reserved 1048576K
}
Event: 2.839 GC heap before
{Heap before GC invocations=11 (full 0):
 garbage-first heap   total 233472K, used 159926K [0x0000000704400000, 0x0000000800000000)
  region size 2048K, 51 young (104448K), 2 survivors (4096K)
 Metaspace       used 34849K, committed 35136K, reserved 1081344K
  class space    used 4518K, committed 4672K, reserved 1048576K
}
Event: 2.842 GC heap after
{Heap after GC invocations=12 (full 0):
 garbage-first heap   total 233472K, used 64631K [0x0000000704400000, 0x0000000800000000)
  region size 2048K, 3 young (6144K), 3 survivors (6144K)
 Metaspace       used 34849K, committed 35136K, reserved 1081344K
  class space    used 4518K, committed 4672K, reserved 1048576K
}
Event: 2.865 GC heap before
{Heap before GC invocations=12 (full 0):
 garbage-first heap   total 233472K, used 169079K [0x0000000704400000, 0x0000000800000000)
  region size 2048K, 55 young (112640K), 3 survivors (6144K)
 Metaspace       used 34849K, committed 35136K, reserved 1081344K
  class space    used 4518K, committed 4672K, reserved 1048576K
}
Event: 2.869 GC heap after
{Heap after GC invocations=13 (full 0):
 garbage-first heap   total 233472K, used 68984K [0x0000000704400000, 0x0000000800000000)
  region size 2048K, 6 young (12288K), 6 survivors (12288K)
 Metaspace       used 34849K, committed 35136K, reserved 1081344K
  class space    used 4518K, committed 4672K, reserved 1048576K
}
Event: 2.892 GC heap before
{Heap before GC invocations=13 (full 0):
 garbage-first heap   total 233472K, used 171384K [0x0000000704400000, 0x0000000800000000)
  region size 2048K, 57 young (116736K), 6 survivors (12288K)
 Metaspace       used 34849K, committed 35136K, reserved 1081344K
  class space    used 4518K, committed 4672K, reserved 1048576K
}
Event: 2.897 GC heap after
{Heap after GC invocations=14 (full 0):
 garbage-first heap   total 233472K, used 73324K [0x0000000704400000, 0x0000000800000000)
  region size 2048K, 7 young (14336K), 7 survivors (14336K)
 Metaspace       used 34849K, committed 35136K, reserved 1081344K
  class space    used 4518K, committed 4672K, reserved 1048576K
}
Event: 2.919 GC heap before
{Heap before GC invocations=14 (full 0):
 garbage-first heap   total 233472K, used 177772K [0x0000000704400000, 0x0000000800000000)
  region size 2048K, 59 young (120832K), 7 survivors (14336K)
 Metaspace       used 34850K, committed 35136K, reserved 1081344K
  class space    used 4518K, committed 4672K, reserved 1048576K
}
Event: 2.927 GC heap after
{Heap after GC invocations=15 (full 0):
 garbage-first heap   total 555008K, used 78134K [0x0000000704400000, 0x0000000800000000)
  region size 2048K, 5 young (10240K), 5 survivors (10240K)
 Metaspace       used 34850K, committed 35136K, reserved 1081344K
  class space    used 4518K, committed 4672K, reserved 1048576K
}
Event: 3.027 GC heap before
{Heap before GC invocations=15 (full 0):
 garbage-first heap   total 555008K, used 397622K [0x0000000704400000, 0x0000000800000000)
  region size 2048K, 162 young (331776K), 5 survivors (10240K)
 Metaspace       used 34850K, committed 35136K, reserved 1081344K
  class space    used 4518K, committed 4672K, reserved 1048576K
}
Event: 3.036 GC heap after
{Heap after GC invocations=16 (full 0):
 garbage-first heap   total 555008K, used 90323K [0x0000000704400000, 0x0000000800000000)
  region size 2048K, 11 young (22528K), 11 survivors (22528K)
 Metaspace       used 34850K, committed 35136K, reserved 1081344K
  class space    used 4518K, committed 4672K, reserved 1048576K
}
Event: 3.107 GC heap before
{Heap before GC invocations=16 (full 0):
 garbage-first heap   total 555008K, used 397523K [0x0000000704400000, 0x0000000800000000)
  region size 2048K, 162 young (331776K), 11 survivors (22528K)
 Metaspace       used 34850K, committed 35136K, reserved 1081344K
  class space    used 4518K, committed 4672K, reserved 1048576K
}
Event: 3.119 GC heap after
{Heap after GC invocations=17 (full 0):
 garbage-first heap   total 555008K, used 103065K [0x0000000704400000, 0x0000000800000000)
  region size 2048K, 15 young (30720K), 15 survivors (30720K)
 Metaspace       used 34850K, committed 35136K, reserved 1081344K
  class space    used 4518K, committed 4672K, reserved 1048576K
}
Event: 3.185 GC heap before
{Heap before GC invocations=17 (full 0):
 garbage-first heap   total 555008K, used 402073K [0x0000000704400000, 0x0000000800000000)
  region size 2048K, 162 young (331776K), 15 survivors (30720K)
 Metaspace       used 34850K, committed 35136K, reserved 1081344K
  class space    used 4518K, committed 4672K, reserved 1048576K
}
Event: 3.198 GC heap after
{Heap after GC invocations=18 (full 0):
 garbage-first heap   total 555008K, used 122829K [0x0000000704400000, 0x0000000800000000)
  region size 2048K, 16 young (32768K), 16 survivors (32768K)
 Metaspace       used 34850K, committed 35136K, reserved 1081344K
  class space    used 4518K, committed 4672K, reserved 1048576K
}
Event: 3.432 GC heap before
{Heap before GC invocations=18 (full 0):
 garbage-first heap   total 555008K, used 419789K [0x0000000704400000, 0x0000000800000000)
  region size 2048K, 162 young (331776K), 16 survivors (32768K)
 Metaspace       used 34983K, committed 35264K, reserved 1081344K
  class space    used 4527K, committed 4672K, reserved 1048576K
}

Deoptimization events (14 events):
Event: 1.165 Thread 0x00000145d8c82260 DEOPT PACKING pc=0x00000145dbe540f9 sp=0x0000004221cfcf70
Event: 1.165 Thread 0x00000145d8c82260 DEOPT UNPACKING pc=0x00000145db966763 sp=0x0000004221cfc450 mode 3
Event: 2.012 Thread 0x00000145eca0c6b0 DEOPT PACKING pc=0x00000145dbf6c355 sp=0x00000042238fe330
Event: 2.012 Thread 0x00000145eca0c6b0 DEOPT UNPACKING pc=0x00000145db966763 sp=0x00000042238fd848 mode 3
Event: 2.029 Thread 0x00000145d8c82260 DEOPT PACKING pc=0x00000145dbfc9379 sp=0x0000004221cfc4e0
Event: 2.029 Thread 0x00000145d8c82260 DEOPT UNPACKING pc=0x00000145db966763 sp=0x0000004221cfb9c0 mode 3
Event: 2.080 Thread 0x00000145eca0c6b0 DEOPT PACKING pc=0x00000145dc02b313 sp=0x00000042238fe7e0
Event: 2.080 Thread 0x00000145eca0c6b0 DEOPT UNPACKING pc=0x00000145db966763 sp=0x00000042238fdd28 mode 3
Event: 2.282 Thread 0x00000145ec91de80 DEOPT PACKING pc=0x00000145dbe52f09 sp=0x00000042244fecb0
Event: 2.282 Thread 0x00000145ec91de80 DEOPT UNPACKING pc=0x00000145db966763 sp=0x00000042244fe140 mode 3
Event: 2.282 Thread 0x00000145ecae1670 DEOPT PACKING pc=0x00000145dbe4d49f sp=0x0000004223bfeda0
Event: 2.282 Thread 0x00000145ecae1670 DEOPT UNPACKING pc=0x00000145db966763 sp=0x0000004223bfe1f8 mode 3
Event: 2.500 Thread 0x00000145ecb4a5d0 DEOPT PACKING pc=0x00000145dc1a156d sp=0x0000004224cfd7e0
Event: 2.501 Thread 0x00000145ecb4a5d0 DEOPT UNPACKING pc=0x00000145db966763 sp=0x0000004224cfccf8 mode 3

Classes unloaded (0 events):
No events

Classes redefined (0 events):
No events

Internal exceptions (20 events):
Event: 2.121 Thread 0x00000145ecae1670 Exception <a 'sun/nio/fs/WindowsException'{0x000000070c465968}> (0x000000070c465968) 
thrown [s\src\hotspot\share\prims\jni.cpp, line 516]
Event: 2.121 Thread 0x00000145ecae1670 Exception <a 'sun/nio/fs/WindowsException'{0x000000070c466368}> (0x000000070c466368) 
thrown [s\src\hotspot\share\prims\jni.cpp, line 516]
Event: 2.121 Thread 0x00000145ecae1670 Exception <a 'sun/nio/fs/WindowsException'{0x000000070c466728}> (0x000000070c466728) 
thrown [s\src\hotspot\share\prims\jni.cpp, line 516]
Event: 2.122 Thread 0x00000145ecae1670 Exception <a 'sun/nio/fs/WindowsException'{0x000000070c467128}> (0x000000070c467128) 
thrown [s\src\hotspot\share\prims\jni.cpp, line 516]
Event: 2.122 Thread 0x00000145ecae1670 Exception <a 'sun/nio/fs/WindowsException'{0x000000070c4674d8}> (0x000000070c4674d8) 
thrown [s\src\hotspot\share\prims\jni.cpp, line 516]
Event: 2.122 Thread 0x00000145ecae1670 Exception <a 'sun/nio/fs/WindowsException'{0x000000070c467ed8}> (0x000000070c467ed8) 
thrown [s\src\hotspot\share\prims\jni.cpp, line 516]
Event: 2.122 Thread 0x00000145ecae1670 Exception <a 'sun/nio/fs/WindowsException'{0x000000070c468298}> (0x000000070c468298) 
thrown [s\src\hotspot\share\prims\jni.cpp, line 516]
Event: 2.122 Thread 0x00000145ecae1670 Exception <a 'sun/nio/fs/WindowsException'{0x000000070c468cc0}> (0x000000070c468cc0) 
thrown [s\src\hotspot\share\prims\jni.cpp, line 516]
Event: 2.122 Thread 0x00000145ecae1670 Exception <a 'sun/nio/fs/WindowsException'{0x000000070c4690a0}> (0x000000070c4690a0) 
thrown [s\src\hotspot\share\prims\jni.cpp, line 516]
Event: 2.123 Thread 0x00000145ecae1670 Exception <a 'sun/nio/fs/WindowsException'{0x000000070c469ad8}> (0x000000070c469ad8) 
thrown [s\src\hotspot\share\prims\jni.cpp, line 516]
Event: 2.123 Thread 0x00000145ecae1670 Exception <a 'sun/nio/fs/WindowsException'{0x000000070c469ec8}> (0x000000070c469ec8) 
thrown [s\src\hotspot\share\prims\jni.cpp, line 516]
Event: 2.123 Thread 0x00000145ecae1670 Exception <a 'sun/nio/fs/WindowsException'{0x000000070c46a8f0}> (0x000000070c46a8f0) 
thrown [s\src\hotspot\share\prims\jni.cpp, line 516]
Event: 2.124 Thread 0x00000145ecae1670 Exception <a 'sun/nio/fs/WindowsException'{0x000000070c46ace0}> (0x000000070c46ace0) 
thrown [s\src\hotspot\share\prims\jni.cpp, line 516]
Event: 2.130 Thread 0x00000145d8c82260 Exception <a 'java/lang/NoSuchMethodError'{0x000000070c7a4140}: 'java.lang.Object java.lang.invoke.DirectMethodHandle$Holder.newInvokeSpecial(java.lang.Object, java.lang.Object, int, java.lang.Object, java.lang.Object)'> (0x000000070c7a4140) 
thrown [s\src\hotspot\share\interpreter\linkResolver.cpp, line 759]
Event: 2.496 Thread 0x00000145ecb4a5d0 Exception <a 'java/lang/NoSuchMethodError'{0x0000000713fe6f40}: 'java.lang.Object java.lang.invoke.DirectMethodHandle$Holder.invokeStatic(java.lang.Object, int, java.lang.Object)'> (0x0000000713fe6f40) 
thrown [s\src\hotspot\share\interpreter\linkResolver.cpp, line 759]
Event: 2.568 Thread 0x00000145ecb4a5d0 Exception <a 'java/lang/NoSuchMethodError'{0x000000070d00c978}: 'int java.lang.invoke.DirectMethodHandle$Holder.invokeStatic(java.lang.Object)'> (0x000000070d00c978) 
thrown [s\src\hotspot\share\interpreter\linkResolver.cpp, line 759]
Event: 2.568 Thread 0x00000145ecb4a5d0 Exception <a 'java/lang/NoSuchMethodError'{0x000000070d0100d0}: 'int java.lang.invoke.DirectMethodHandle$Holder.invokeStaticInit(java.lang.Object)'> (0x000000070d0100d0) 
thrown [s\src\hotspot\share\interpreter\linkResolver.cpp, line 759]
Event: 2.580 Thread 0x00000145ecb4b910 Exception <a 'java/lang/NoSuchMethodError'{0x000000070d0c0130}: 'int java.lang.invoke.DirectMethodHandle$Holder.invokeVirtual(java.lang.Object, java.lang.Object)'> (0x000000070d0c0130) 
thrown [s\src\hotspot\share\interpreter\linkResolver.cpp, line 759]
Event: 3.303 Thread 0x00000145ec91d9b0 Exception <a 'sun/nio/fs/WindowsException'{0x000000071efa8e68}> (0x000000071efa8e68) 
thrown [s\src\hotspot\share\prims\jni.cpp, line 516]
Event: 3.303 Thread 0x00000145ec91d9b0 Exception <a 'sun/nio/fs/WindowsException'{0x000000071efa9238}> (0x000000071efa9238) 
thrown [s\src\hotspot\share\prims\jni.cpp, line 516]

VM Operations (20 events):
Event: 2.892 Executing VM operation: G1CollectForAllocation done
Event: 2.892 Executing VM operation: G1CollectForAllocation
Event: 2.897 Executing VM operation: G1CollectForAllocation done
Event: 2.919 Executing VM operation: G1CollectForAllocation
Event: 2.919 Executing VM operation: G1CollectForAllocation done
Event: 2.919 Executing VM operation: G1CollectForAllocation
Event: 2.927 Executing VM operation: G1CollectForAllocation done
Event: 3.025 Executing VM operation: G1CollectForAllocation
Event: 3.027 Executing VM operation: G1CollectForAllocation done
Event: 3.027 Executing VM operation: G1CollectForAllocation
Event: 3.036 Executing VM operation: G1CollectForAllocation done
Event: 3.107 Executing VM operation: G1CollectForAllocation
Event: 3.107 Executing VM operation: G1CollectForAllocation done
Event: 3.107 Executing VM operation: G1CollectForAllocation
Event: 3.119 Executing VM operation: G1CollectForAllocation done
Event: 3.184 Executing VM operation: G1CollectForAllocation
Event: 3.184 Executing VM operation: G1CollectForAllocation done
Event: 3.184 Executing VM operation: G1CollectForAllocation
Event: 3.198 Executing VM operation: G1CollectForAllocation done
Event: 3.432 Executing VM operation: G1CollectForAllocation

Events (20 events):
Event: 2.512 loading class java/util/concurrent/atomic/AtomicLongFieldUpdater done
Event: 2.512 loading class java/util/concurrent/atomic/AtomicLongFieldUpdater$CASUpdater
Event: 2.512 loading class java/util/concurrent/atomic/AtomicLongFieldUpdater$CASUpdater done
Event: 2.512 loading class java/util/concurrent/atomic/AtomicLongFieldUpdater$CASUpdater$1
Event: 2.512 loading class java/util/concurrent/atomic/AtomicLongFieldUpdater$CASUpdater$1 done
Event: 2.572 Thread 0x00000145ecb4fc70 Thread added: 0x00000145ecb4fc70
Event: 2.574 loading class java/util/concurrent/CompletionException
Event: 2.575 loading class java/util/concurrent/CompletionException done
Event: 2.582 loading class java/io/PrintWriter
Event: 2.582 loading class java/io/PrintWriter done
Event: 2.584 loading class sun/nio/cs/StringUTF16
Event: 2.584 loading class sun/nio/cs/StringUTF16 done
Event: 2.585 loading class java/util/WeakHashMap$EntrySet
Event: 2.585 loading class java/util/WeakHashMap$EntrySet done
Event: 2.585 loading class java/util/WeakHashMap$EntryIterator
Event: 2.585 loading class java/util/WeakHashMap$HashIterator
Event: 2.585 loading class java/util/WeakHashMap$HashIterator done
Event: 2.585 loading class java/util/WeakHashMap$EntryIterator done
Event: 3.217 loading class sun/nio/fs/WindowsChannelFactory$2
Event: 3.217 loading class sun/nio/fs/WindowsChannelFactory$2 done


Dynamic libraries:
0x00007ff7c1560000 - 0x00007ff7c156e000 	c:\Users\zckxw\.vscode\extensions\redhat.java-1.10.0-win32-x64\jre\17.0.4-win32-x86_64\bin\java.exe
0x00007ffc40310000 - 0x00007ffc40508000 	C:\WINDOWS\SYSTEM32\ntdll.dll
0x00007ffc3e8a0000 - 0x00007ffc3e95d000 	C:\WINDOWS\System32\KERNEL32.DLL
0x00007ffc3dc70000 - 0x00007ffc3df3e000 	C:\WINDOWS\System32\KERNELBASE.dll
0x00007ffc3a820000 - 0x00007ffc3a8b0000 	C:\WINDOWS\SYSTEM32\apphelp.dll
0x00007ffc3dae0000 - 0x00007ffc3dbe0000 	C:\WINDOWS\System32\ucrtbase.dll
0x00007ffc23dc0000 - 0x00007ffc23dd9000 	c:\Users\zckxw\.vscode\extensions\redhat.java-1.10.0-win32-x64\jre\17.0.4-win32-x86_64\bin\VCRUNTIME140.dll
0x00007ffc23e00000 - 0x00007ffc23e18000 	c:\Users\zckxw\.vscode\extensions\redhat.java-1.10.0-win32-x64\jre\17.0.4-win32-x86_64\bin\jli.dll
0x00007ffc3e420000 - 0x00007ffc3e5c0000 	C:\WINDOWS\System32\USER32.dll
0x00007ffc3df40000 - 0x00007ffc3df62000 	C:\WINDOWS\System32\win32u.dll
0x00007ffc3f1e0000 - 0x00007ffc3f20a000 	C:\WINDOWS\System32\GDI32.dll
0x00007ffc3dfa0000 - 0x00007ffc3e0ab000 	C:\WINDOWS\System32\gdi32full.dll
0x00007ffc28750000 - 0x00007ffc289ea000 	C:\WINDOWS\WinSxS\amd64_microsoft.windows.common-controls_6595b64144ccf1df_6.0.19041.1110_none_60b5254171f9507e\COMCTL32.dll
0x00007ffc3e280000 - 0x00007ffc3e31d000 	C:\WINDOWS\System32\msvcp_win.dll
0x00007ffc3f280000 - 0x00007ffc3f31e000 	C:\WINDOWS\System32\msvcrt.dll
0x00007ffc3ea20000 - 0x00007ffc3ea50000 	C:\WINDOWS\System32\IMM32.DLL
0x00007ffc31830000 - 0x00007ffc3183c000 	c:\Users\zckxw\.vscode\extensions\redhat.java-1.10.0-win32-x64\jre\17.0.4-win32-x86_64\bin\vcruntime140_1.dll
0x00007ffc06220000 - 0x00007ffc062b1000 	c:\Users\zckxw\.vscode\extensions\redhat.java-1.10.0-win32-x64\jre\17.0.4-win32-x86_64\bin\msvcp140.dll
0x00007ffb9a6e0000 - 0x00007ffb9b326000 	c:\Users\zckxw\.vscode\extensions\redhat.java-1.10.0-win32-x64\jre\17.0.4-win32-x86_64\bin\server\jvm.dll
0x00007ffc3ec40000 - 0x00007ffc3ecee000 	C:\WINDOWS\System32\ADVAPI32.dll
0x00007ffc3e380000 - 0x00007ffc3e41c000 	C:\WINDOWS\System32\sechost.dll
0x00007ffc3e5c0000 - 0x00007ffc3e6e5000 	C:\WINDOWS\System32\RPCRT4.dll
0x00007ffc3f550000 - 0x00007ffc3f558000 	C:\WINDOWS\System32\PSAPI.DLL
0x00007ffc3b890000 - 0x00007ffc3b8b7000 	C:\WINDOWS\SYSTEM32\WINMM.dll
0x00007ffc298c0000 - 0x00007ffc298c9000 	C:\WINDOWS\SYSTEM32\WSOCK32.dll
0x00007ffc33110000 - 0x00007ffc3311a000 	C:\WINDOWS\SYSTEM32\VERSION.dll
0x00007ffc3f210000 - 0x00007ffc3f27b000 	C:\WINDOWS\System32\WS2_32.dll
0x00007ffc3c2b0000 - 0x00007ffc3c2c2000 	C:\WINDOWS\SYSTEM32\kernel.appcore.dll
0x00007ffc28e20000 - 0x00007ffc28e2a000 	c:\Users\zckxw\.vscode\extensions\redhat.java-1.10.0-win32-x64\jre\17.0.4-win32-x86_64\bin\jimage.dll
0x00007ffc3b670000 - 0x00007ffc3b854000 	C:\WINDOWS\SYSTEM32\DBGHELP.DLL
0x00007ffc3b860000 - 0x00007ffc3b88c000 	C:\WINDOWS\SYSTEM32\dbgcore.DLL
0x00007ffc3dbe0000 - 0x00007ffc3dc62000 	C:\WINDOWS\System32\bcryptPrimitives.dll
0x00007ffc15090000 - 0x00007ffc150b5000 	c:\Users\zckxw\.vscode\extensions\redhat.java-1.10.0-win32-x64\jre\17.0.4-win32-x86_64\bin\java.dll
0x00007ffc1d880000 - 0x00007ffc1d898000 	c:\Users\zckxw\.vscode\extensions\redhat.java-1.10.0-win32-x64\jre\17.0.4-win32-x86_64\bin\zip.dll
0x00007ffc3fa30000 - 0x00007ffc40173000 	C:\WINDOWS\System32\SHELL32.dll
0x00007ffc3bb00000 - 0x00007ffc3c295000 	C:\WINDOWS\SYSTEM32\windows.storage.dll
0x00007ffc3ed50000 - 0x00007ffc3f0a4000 	C:\WINDOWS\System32\combase.dll
0x00007ffc3d490000 - 0x00007ffc3d4c0000 	C:\WINDOWS\SYSTEM32\Wldp.dll
0x00007ffc3f400000 - 0x00007ffc3f4ad000 	C:\WINDOWS\System32\SHCORE.dll
0x00007ffc3e9c0000 - 0x00007ffc3ea15000 	C:\WINDOWS\System32\shlwapi.dll
0x00007ffc3d970000 - 0x00007ffc3d98f000 	C:\WINDOWS\SYSTEM32\profapi.dll
0x00007ffc1b3b0000 - 0x00007ffc1b3c9000 	C:\Users\zckxw\.vscode\extensions\redhat.java-1.10.0-win32-x64\jre\17.0.4-win32-x86_64\bin\net.dll
0x00007ffc38250000 - 0x00007ffc3835a000 	C:\WINDOWS\SYSTEM32\WINHTTP.dll
0x00007ffc3d1f0000 - 0x00007ffc3d25a000 	C:\WINDOWS\system32\mswsock.dll
0x00007ffc23de0000 - 0x00007ffc23df5000 	C:\Users\zckxw\.vscode\extensions\redhat.java-1.10.0-win32-x64\jre\17.0.4-win32-x86_64\bin\nio.dll
0x00007ffc23ca0000 - 0x00007ffc23cb0000 	c:\Users\zckxw\.vscode\extensions\redhat.java-1.10.0-win32-x64\jre\17.0.4-win32-x86_64\bin\verify.dll
0x00007ffc31230000 - 0x00007ffc31239000 	C:\Users\zckxw\.vscode\extensions\redhat.java-1.10.0-win32-x64\jre\17.0.4-win32-x86_64\bin\management.dll
0x00007ffc31220000 - 0x00007ffc3122b000 	C:\Users\zckxw\.vscode\extensions\redhat.java-1.10.0-win32-x64\jre\17.0.4-win32-x86_64\bin\management_ext.dll
0x00007ffc24750000 - 0x00007ffc24767000 	C:\WINDOWS\system32\napinsp.dll
0x00007ffc24730000 - 0x00007ffc2474b000 	C:\WINDOWS\system32\pnrpnsp.dll
0x00007ffc381f0000 - 0x00007ffc38205000 	C:\WINDOWS\system32\wshbth.dll
0x00007ffc38220000 - 0x00007ffc3823d000 	C:\WINDOWS\system32\NLAapi.dll
0x00007ffc3ce90000 - 0x00007ffc3cecb000 	C:\WINDOWS\SYSTEM32\IPHLPAPI.DLL
0x00007ffc3cf20000 - 0x00007ffc3cfea000 	C:\WINDOWS\SYSTEM32\DNSAPI.dll
0x00007ffc3e370000 - 0x00007ffc3e378000 	C:\WINDOWS\System32\NSI.dll
0x00007ffc1f2f0000 - 0x00007ffc1f302000 	C:\WINDOWS\System32\winrnr.dll
0x00007ffc33770000 - 0x00007ffc3377a000 	C:\Windows\System32\rasadhlp.dll
0x00007ffc32c10000 - 0x00007ffc32c90000 	C:\WINDOWS\System32\fwpuclnt.dll
0x00007ffc3df70000 - 0x00007ffc3df97000 	C:\WINDOWS\System32\bcrypt.dll
0x00007ffc3d3e0000 - 0x00007ffc3d3f8000 	C:\WINDOWS\SYSTEM32\CRYPTSP.dll
0x00007ffc3cb00000 - 0x00007ffc3cb34000 	C:\WINDOWS\system32\rsaenh.dll
0x00007ffc3d930000 - 0x00007ffc3d95e000 	C:\WINDOWS\SYSTEM32\USERENV.dll
0x00007ffc3d400000 - 0x00007ffc3d40c000 	C:\WINDOWS\SYSTEM32\CRYPTBASE.dll
0x00007ffc33c60000 - 0x00007ffc33c77000 	C:\WINDOWS\SYSTEM32\dhcpcsvc6.DLL
0x00007ffc33c40000 - 0x00007ffc33c5d000 	C:\WINDOWS\SYSTEM32\dhcpcsvc.DLL

dbghelp: loaded successfully - version: 4.0.5 - missing functions: none
symbol engine: initialized successfully - sym options: 0x614 - pdb path: .;c:\Users\zckxw\.vscode\extensions\redhat.java-1.10.0-win32-x64\jre\17.0.4-win32-x86_64\bin;C:\WINDOWS\SYSTEM32;C:\WINDOWS\WinSxS\amd64_microsoft.windows.common-controls_6595b64144ccf1df_6.0.19041.1110_none_60b5254171f9507e;c:\Users\zckxw\.vscode\extensions\redhat.java-1.10.0-win32-x64\jre\17.0.4-win32-x86_64\bin\server

VM Arguments:
jvm_args: -Dsts.lsp.client=vscode -Dsts.log.file=/dev/null -XX:TieredStopAtLevel=1 -Dspring.config.location=file:c:\Users\zckxw\.vscode\extensions\pivotal.vscode-spring-boot-1.38.0\language-server\BOOT-INF\classes\application.properties 
java_command: org.springframework.ide.vscode.boot.app.BootLanguageServerBootApp
java_class_path (initial): c:\Users\zckxw\.vscode\extensions\pivotal.vscode-spring-boot-1.38.0\language-server\BOOT-INF\classes;c:\Users\zckxw\.vscode\extensions\pivotal.vscode-spring-boot-1.38.0\language-server\BOOT-INF\lib\annotations-23.0.0.jar;c:\Users\zckxw\.vscode\extensions\pivotal.vscode-spring-boot-1.38.0\language-server\BOOT-INF\lib\antlr-runtime-3.5.2.jar;c:\Users\zckxw\.vscode\extensions\pivotal.vscode-spring-boot-1.38.0\language-server\BOOT-INF\lib\antlr4-4.9.3.jar;c:\Users\zckxw\.vscode\extensions\pivotal.vscode-spring-boot-1.38.0\language-server\BOOT-INF\lib\antlr4-runtime-4.9.3.jar;c:\Users\zckxw\.vscode\extensions\pivotal.vscode-spring-boot-1.38.0\language-server\BOOT-INF\lib\asm-9.3.jar;c:\Users\zckxw\.vscode\extensions\pivotal.vscode-spring-boot-1.38.0\language-server\BOOT-INF\lib\asm-analysis-9.3.jar;c:\Users\zckxw\.vscode\extensions\pivotal.vscode-spring-boot-1.38.0\language-server\BOOT-INF\lib\asm-tree-9.3.jar;c:\Users\zckxw\.vscode\extensions\pivotal.vscode-spring-boot-1.38.0\language-server\BOOT-INF\lib\asm-util-9.3.jar;c:\Users\zckxw\.vscode\extensions\pivotal.vscode-spring-boot-1.38.0\language-server\BOOT-INF\lib\byte-buddy-1.10.18.jar;c:\Users\zckxw\.vscode\extensions\pivotal.vscode-spring-boot-1.38.0\language-server\BOOT-INF\lib\caffeine-2.8.6.jar;c:\Users\zckxw\.vscode\extensions\pivotal.vscode-spring-boot-1.38.0\language-server\BOOT-INF\lib\checker-qual-3.12.0.jar;c:\Users\zckxw\.vscode\extensions\pivotal.vscode-spring-boot-1.38.0\language-server\BOOT-INF\lib\classgraph-4.8.149.jar;c:\Users\zckxw\.vscode\extensions\pivotal.vscode-spring-boot-1.38.0\language-server\BOOT-INF\lib\commons-codec-1.14.jar;c:\Users\zckxw\.vscode\extensions\pivotal.vscode-spring-boot-1.38.0\language-server\BOOT-INF\lib\commons-compress-1.21.jar;c:\Users\zckxw\.vscode\extensions\pivotal.vscode-spring-boot-1.38.0\language-server\BOOT-INF\lib\commons-exec-1.3.jar;c:\Users\zckxw\.vscode\extensions\pivotal.vscode-spring-boot-1.38.0\language-server\BOOT-INF\lib\com
Launcher Type: SUN_STANDARD

[Global flags]
     intx CICompilerCount                          = 4                                         {product} {ergonomic}
     uint ConcGCThreads                            = 2                                         {product} {ergonomic}
     uint G1ConcRefinementThreads                  = 8                                         {product} {ergonomic}
   size_t G1HeapRegionSize                         = 2097152                                   {product} {ergonomic}
    uintx GCDrainStackTargetSize                   = 64                                        {product} {ergonomic}
   size_t InitialHeapSize                          = 264241152                                 {product} {ergonomic}
   size_t MarkStackSize                            = 4194304                                   {product} {ergonomic}
   size_t MaxHeapSize                              = 4223664128                                {product} {ergonomic}
   size_t MaxNewSize                               = 2533359616                                {product} {ergonomic}
   size_t MinHeapDeltaBytes                        = 2097152                                   {product} {ergonomic}
   size_t MinHeapSize                              = 8388608                                   {product} {ergonomic}
    uintx NonProfiledCodeHeapSize                  = 0                                      {pd product} {ergonomic}
     bool ProfileInterpreter                       = false                                  {pd product} {command line}
    uintx ProfiledCodeHeapSize                     = 0                                      {pd product} {ergonomic}
   size_t SoftMaxHeapSize                          = 4223664128                             {manageable} {ergonomic}
     intx TieredStopAtLevel                        = 1                                         {product} {command line}
     bool UseCompressedClassPointers               = true                           {product lp64_product} {ergonomic}
     bool UseCompressedOops                        = true                           {product lp64_product} {ergonomic}
     bool UseG1GC                                  = true                                      {product} {ergonomic}
     bool UseLargePagesIndividualAllocation        = false                                  {pd product} {ergonomic}

Logging:
Log output configuration:
 #0: stdout all=warning uptime,level,tags
 #1: stderr all=off uptime,level,tags

Environment Variables:
JAVA_HOME=C:\ldwdev\jdk-11.0.15.1
PATH=C:\Program Files (x86)\NetSarang\Xshell 6\;C:\WINDOWS\system32;C:\WINDOWS;C:\WINDOWS\System32\Wbem;C:\WINDOWS\System32\WindowsPowerShell\v1.0\;C:\WINDOWS\System32\OpenSSH\;C:\Program Files\Git\cmd;C:\ldwdev\jdk-11.0.15.1\bin;C:\ldwdev\apache-maven-3.6.3\bin;C:\Program Files\MySQL\MySQL Server 8.0\bin;C:\Program Files\dotnet\;C:\Program Files (x86)\NetSarang\Xshell 7\;D:\OpenSSL-Win64\bin;C:\ProgramData\chocolatey\bin;C:\Program Files\MongoDB\Server\6.0\bin;C:\Users\zckxw\AppData\Roaming\nvm;C:\Program Files\nodejs;C:\Program Files\MySQL\MySQL Shell 8.0\bin\;C:\Users\zckxw\AppData\Local\Microsoft\WindowsApps;C:\Program Files\Bandizip\;C:\Users\zckxw\AppData\Local\Programs\Microsoft VS Code\bin;C:\Users\zckxw\.dotnet\tools;C:\Users\zckxw\AppData\Roaming\npm;C:\Users\zckxw\AppData\Roaming\nvm;C:\Program Files\nodejs
USERNAME=zckxw
OS=Windows_NT
PROCESSOR_IDENTIFIER=Intel64 Family 6 Model 140 Stepping 1, GenuineIntel
TMP=C:\Users\zckxw\AppData\Local\Temp
TEMP=C:\Users\zckxw\AppData\Local\Temp



---------------  S Y S T E M  ---------------

OS:
 Windows 10 , 64 bit Build 19041 (10.0.19041.1889)
OS uptime: 6 days 8:24 hours

CPU: total 8 (initial active 8) (4 cores per cpu, 2 threads per core) family 6 model 140 stepping 1 microcode 0xa4, cx8, cmov, fxsr, ht, mmx, 3dnowpref, sse, sse2, sse3, ssse3, sse4.1, sse4.2, popcnt, lzcnt, tsc, tscinvbit, avx, avx2, aes, erms, clmul, bmi1, bmi2, adx, avx512f, avx512dq, avx512cd, avx512bw, avx512vl, sha, fma, vzeroupper, avx512_vpopcntdq, avx512_vpclmulqdq, avx512_vaes, avx512_vnni, clflush, clflushopt, clwb, avx512_vbmi2, avx512_vbmi

Memory: 4k page, system-wide physical 16110M (1442M free)
TotalPageFile size 50940M (AvailPageFile size 338M)
current process WorkingSet (physical memory assigned to process): 680M, peak: 680M
current process commit charge ("private bytes"): 698M, peak: 1330M

vm_info: OpenJDK 64-Bit Server VM (17.0.4+8) for windows-amd64 JRE (17.0.4+8), built on Jul 19 2022 16:05:16 by "temurin" with MS VC++ 16.7 (VS2019)

END.
