#
# There is insufficient memory for the Java Runtime Environment to continue.
# Native memory allocation (mmap) failed to map 610271232 bytes for G1 virtual space
# Possible reasons:
#   The system is out of physical RAM or swap space
#   The process is running with CompressedOops enabled, and the Java Heap may be blocking the growth of the native heap
# Possible solutions:
#   Reduce memory load on the system
#   Increase physical memory or swap space
#   Check if swap backing store is full
#   Decrease Java heap size (-Xmx/-Xms)
#   Decrease number of Java threads
#   Decrease Java thread stack sizes (-Xss)
#   Set larger code cache with -XX:ReservedCodeCacheSize=
#   JVM is running with Zero Based Compressed Oops mode in which the Java heap is
#     placed in the first 32GB address space. The Java Heap base address is the
#     maximum limit for the native heap growth. Please use -XX:HeapBaseMinAddress
#     to set the Java Heap base and to place the Java Heap above 32GB virtual address.
# This output file may be truncated or incomplete.
#
#  Out of Memory Error (os_windows.cpp:3541), pid=23828, tid=28656
#
# JRE version: OpenJDK Runtime Environment Temurin-17.0.4+8 (17.0.4+8) (build 17.0.4+8)
# Java VM: OpenJDK 64-Bit Server VM Temurin-17.0.4+8 (17.0.4+8, mixed mode, emulated-client, tiered, compressed oops, compressed class ptrs, g1 gc, windows-amd64)
# No core dump will be written. Minidumps are not enabled by default on client versions of Windows
#

---------------  S U M M A R Y ------------

Command Line: -Dsts.lsp.client=vscode -Dsts.log.file=/dev/null -XX:TieredStopAtLevel=1 -Dspring.config.location=file:c:\Users\zckxw\.vscode\extensions\pivotal.vscode-spring-boot-1.38.0\language-server\BOOT-INF\classes\application.properties org.springframework.ide.vscode.boot.app.BootLanguageServerBootApp

Host: 11th Gen Intel(R) Core(TM) i5-1135G7 @ 2.40GHz, 8 cores, 15G,  Windows 10 , 64 bit Build 19041 (10.0.19041.1889)
Time: Fri Sep 23 03:52:43 2022  Windows 10 , 64 bit Build 19041 (10.0.19041.1889) elapsed time: 10.211236 seconds (0d 0h 0m 10s)

---------------  T H R E A D  ---------------

Current thread (0x0000027fffeaed20):  VMThread "VM Thread" [stack: 0x000000a5dc400000,0x000000a5dc500000] [id=28656]

Stack: [0x000000a5dc400000,0x000000a5dc500000]
Native frames: (J=compiled Java code, j=interpreted, Vv=VM code, C=native code)
V  [jvm.dll+0x67733a]
V  [jvm.dll+0x8323c4]
V  [jvm.dll+0x833b6e]
V  [jvm.dll+0x8341d3]
V  [jvm.dll+0x2455e5]
V  [jvm.dll+0x674229]
V  [jvm.dll+0x668ab2]
V  [jvm.dll+0x30458b]
V  [jvm.dll+0x30bad6]
V  [jvm.dll+0x35ba7e]
V  [jvm.dll+0x35bcaf]
V  [jvm.dll+0x2db428]
V  [jvm.dll+0x2d96dc]
V  [jvm.dll+0x2d8cac]
V  [jvm.dll+0x31cc0b]
V  [jvm.dll+0x83867b]
V  [jvm.dll+0x8393b4]
V  [jvm.dll+0x8398cc]
V  [jvm.dll+0x839ca4]
V  [jvm.dll+0x839d70]
V  [jvm.dll+0x7e245a]
V  [jvm.dll+0x6761c5]
C  [ucrtbase.dll+0x21bb2]
C  [KERNEL32.DLL+0x17034]
C  [ntdll.dll+0x526a1]

VM_Operation (0x000000a5de6fe1d0): G1CollectForAllocation, mode: safepoint, requested by thread 0x0000027f87e7c920


---------------  P R O C E S S  ---------------

Threads class SMR info:
_java_thread_list=0x0000027f8a632000, length=34, elements={
0x0000027f86835d70, 0x0000027f86836ba0, 0x0000027f8688d950, 0x0000027f8685f640,
0x0000027f86864010, 0x0000027f868658e0, 0x0000027f86867c20, 0x0000027f86896d20,
0x0000027f86a990a0, 0x0000027f86ac3bd0, 0x0000027f86ac80b0, 0x0000027f8735e740,
0x0000027f8738e420, 0x0000027f87dd4040, 0x0000027f87c082d0, 0x0000027f87c015a0,
0x0000027f87c03820, 0x0000027f87dd1890, 0x0000027f87dd0080, 0x0000027f87dd0550,
0x0000027f87dd0a20, 0x0000027f87dd0ef0, 0x0000027f87dd13c0, 0x0000027f87e7c920,
0x0000027f87e807b0, 0x0000027f87e81150, 0x0000027f87e7cdf0, 0x0000027f87e7ead0,
0x0000027f87e7bf80, 0x0000027f87e7d2c0, 0x0000027f87e82960, 0x0000027f87e7f470,
0x0000027f87e81620, 0x0000027f87e81af0
}

Java Threads: ( => current thread )
  0x0000027f86835d70 JavaThread "Reference Handler" daemon [_thread_blocked, id=24404, stack(0x000000a5dc500000,0x000000a5dc600000)]
  0x0000027f86836ba0 JavaThread "Finalizer" daemon [_thread_blocked, id=27772, stack(0x000000a5dc600000,0x000000a5dc700000)]
  0x0000027f8688d950 JavaThread "Signal Dispatcher" daemon [_thread_blocked, id=18660, stack(0x000000a5dc700000,0x000000a5dc800000)]
  0x0000027f8685f640 JavaThread "Attach Listener" daemon [_thread_blocked, id=26180, stack(0x000000a5dc800000,0x000000a5dc900000)]
  0x0000027f86864010 JavaThread "Service Thread" daemon [_thread_blocked, id=23496, stack(0x000000a5dc900000,0x000000a5dca00000)]
  0x0000027f868658e0 JavaThread "Monitor Deflation Thread" daemon [_thread_blocked, id=22432, stack(0x000000a5dca00000,0x000000a5dcb00000)]
  0x0000027f86867c20 JavaThread "C1 CompilerThread0" daemon [_thread_blocked, id=21368, stack(0x000000a5dcb00000,0x000000a5dcc00000)]
  0x0000027f86896d20 JavaThread "Sweeper thread" daemon [_thread_blocked, id=26076, stack(0x000000a5dcc00000,0x000000a5dcd00000)]
  0x0000027f86a990a0 JavaThread "C1 CompilerThread1" daemon [_thread_blocked, id=21400, stack(0x000000a5dcd00000,0x000000a5dce00000)]
  0x0000027f86ac3bd0 JavaThread "Notification Thread" daemon [_thread_blocked, id=25908, stack(0x000000a5dcf00000,0x000000a5dd000000)]
  0x0000027f86ac80b0 JavaThread "Common-Cleaner" daemon [_thread_blocked, id=23588, stack(0x000000a5dd100000,0x000000a5dd200000)]
  0x0000027f8735e740 JavaThread "C1 CompilerThread2" daemon [_thread_blocked, id=17260, stack(0x000000a5dce00000,0x000000a5dcf00000)]
  0x0000027f8738e420 JavaThread "C1 CompilerThread3" daemon [_thread_blocked, id=15276, stack(0x000000a5dd200000,0x000000a5dd300000)]
  0x0000027f87dd4040 JavaThread "ForkJoinPool.commonPool-worker-1" daemon [_thread_blocked, id=11176, stack(0x000000a5ddb00000,0x000000a5ddc00000)]
  0x0000027f87c082d0 JavaThread "ClassGraph-worker-0" daemon [_thread_blocked, id=17808, stack(0x000000a5ddd00000,0x000000a5dde00000)]
  0x0000027f87c015a0 JavaThread "ClassGraph-worker-1" daemon [_thread_blocked, id=27756, stack(0x000000a5dde00000,0x000000a5ddf00000)]
  0x0000027f87c03820 JavaThread "ClassGraph-worker-2" daemon [_thread_blocked, id=13652, stack(0x000000a5ddf00000,0x000000a5de000000)]
  0x0000027f87dd1890 JavaThread "ClassGraph-worker-3" daemon [_thread_blocked, id=25384, stack(0x000000a5de000000,0x000000a5de100000)]
  0x0000027f87dd0080 JavaThread "ClassGraph-worker-4" daemon [_thread_blocked, id=20364, stack(0x000000a5de100000,0x000000a5de200000)]
  0x0000027f87dd0550 JavaThread "ClassGraph-worker-5" daemon [_thread_blocked, id=12548, stack(0x000000a5de200000,0x000000a5de300000)]
  0x0000027f87dd0a20 JavaThread "ClassGraph-worker-6" daemon [_thread_blocked, id=27936, stack(0x000000a5de300000,0x000000a5de400000)]
  0x0000027f87dd0ef0 JavaThread "ClassGraph-worker-7" daemon [_thread_blocked, id=21808, stack(0x000000a5de400000,0x000000a5de500000)]
  0x0000027f87dd13c0 JavaThread "ClassGraph-worker-8" daemon [_thread_blocked, id=7824, stack(0x000000a5de500000,0x000000a5de600000)]
  0x0000027f87e7c920 JavaThread "ClassGraph-worker-9" daemon [_thread_blocked, id=21716, stack(0x000000a5de600000,0x000000a5de700000)]
  0x0000027f87e807b0 JavaThread "ClassGraph-worker-10" daemon [_thread_blocked, id=23848, stack(0x000000a5de700000,0x000000a5de800000)]
  0x0000027f87e81150 JavaThread "ClassGraph-worker-11" daemon [_thread_blocked, id=11992, stack(0x000000a5de800000,0x000000a5de900000)]
  0x0000027f87e7cdf0 JavaThread "ClassGraph-worker-12" daemon [_thread_blocked, id=8396, stack(0x000000a5de900000,0x000000a5dea00000)]
  0x0000027f87e7ead0 JavaThread "ClassGraph-worker-13" daemon [_thread_blocked, id=7888, stack(0x000000a5dea00000,0x000000a5deb00000)]
  0x0000027f87e7bf80 JavaThread "pool-7-thread-1" [_thread_blocked, id=24968, stack(0x000000a5deb00000,0x000000a5dec00000)]
  0x0000027f87e7d2c0 JavaThread "LanguageServerApp-lifecycle" [_thread_blocked, id=17892, stack(0x000000a5dec00000,0x000000a5ded00000)]
  0x0000027f87e82960 JavaThread "DestroyJavaVM" [_thread_blocked, id=12376, stack(0x000000a5dbe00000,0x000000a5dbf00000)]
  0x0000027f87e7f470 JavaThread "pool-8-thread-1" [_thread_in_native, id=27136, stack(0x000000a5ded00000,0x000000a5dee00000)]
  0x0000027f87e81620 JavaThread "Simple-Language-Server main thread" daemon [_thread_blocked, id=5156, stack(0x000000a5def00000,0x000000a5df000000)]
  0x0000027f87e81af0 JavaThread "parallel-1" daemon [_thread_blocked, id=26840, stack(0x000000a5df000000,0x000000a5df100000)]

Other Threads:
=>0x0000027fffeaed20 VMThread "VM Thread" [stack: 0x000000a5dc400000,0x000000a5dc500000] [id=28656]
  0x0000027ff2048fe0 WatcherThread [stack: 0x000000a5dd000000,0x000000a5dd100000] [id=22560]
  0x0000027ff201cfd0 GCTaskThread "GC Thread#0" [stack: 0x000000a5dbf00000,0x000000a5dc000000] [id=26228]
  0x0000027f87068760 GCTaskThread "GC Thread#1" [stack: 0x000000a5dd300000,0x000000a5dd400000] [id=26488]
  0x0000027f87068a10 GCTaskThread "GC Thread#2" [stack: 0x000000a5dd400000,0x000000a5dd500000] [id=26812]
  0x0000027f87068cc0 GCTaskThread "GC Thread#3" [stack: 0x000000a5dd500000,0x000000a5dd600000] [id=27036]
  0x0000027f87068f70 GCTaskThread "GC Thread#4" [stack: 0x000000a5dd600000,0x000000a5dd700000] [id=23380]
  0x0000027f87069220 GCTaskThread "GC Thread#5" [stack: 0x000000a5dd700000,0x000000a5dd800000] [id=27828]
  0x0000027f869bda50 GCTaskThread "GC Thread#6" [stack: 0x000000a5dd900000,0x000000a5dda00000] [id=25688]
  0x0000027f869bdd00 GCTaskThread "GC Thread#7" [stack: 0x000000a5dda00000,0x000000a5ddb00000] [id=22912]
  0x0000027ff202d9e0 ConcurrentGCThread "G1 Main Marker" [stack: 0x000000a5dc000000,0x000000a5dc100000] [id=7596]
  0x0000027ff202fba0 ConcurrentGCThread "G1 Conc#0" [stack: 0x000000a5dc100000,0x000000a5dc200000] [id=4676]
  0x0000027f878033a0 ConcurrentGCThread "G1 Conc#1" [stack: 0x000000a5ddc00000,0x000000a5ddd00000] [id=27556]
  0x0000027ff207e140 ConcurrentGCThread "G1 Refine#0" [stack: 0x000000a5dc200000,0x000000a5dc300000] [id=5856]
  0x0000027f870694d0 ConcurrentGCThread "G1 Refine#1" [stack: 0x000000a5dd800000,0x000000a5dd900000] [id=25524]
  0x0000027f8a5ca180 ConcurrentGCThread "G1 Refine#2" [stack: 0x000000a5dee00000,0x000000a5def00000] [id=23280]
  0x0000027f8a62de30 ConcurrentGCThread "G1 Refine#3" [stack: 0x000000a5df100000,0x000000a5df200000] [id=26512]
  0x0000027ff207eb60 ConcurrentGCThread "G1 Service" [stack: 0x000000a5dc300000,0x000000a5dc400000] [id=3136]

Threads with active compile tasks:

VM state: at safepoint (normal execution)

VM Mutex/Monitor currently owned by a thread:  ([mutex/lock_event])
[0x0000027ff1d8e320] Threads_lock - owner thread: 0x0000027fffeaed20
[0x0000027ff1faf980] Heap_lock - owner thread: 0x0000027f87e7c920

Heap address: 0x0000000704400000, size: 4028 MB, Compressed Oops mode: Zero based, Oop shift amount: 3

CDS archive(s) not mapped
Compressed class space mapped at: 0x0000000800000000-0x0000000840000000, reserved size: 1073741824
Narrow klass base: 0x0000000800000000, Narrow klass shift: 0, Narrow klass range: 0x40000000

GC Precious Log:
 CPUs: 8 total, 8 available
 Memory: 16110M
 Large Page Support: Disabled
 NUMA Support: Disabled
 Compressed Oops: Enabled (Zero based)
 Heap Region Size: 2M
 Heap Min Capacity: 8M
 Heap Initial Capacity: 252M
 Heap Max Capacity: 4028M
 Pre-touch: Disabled
 Parallel Workers: 8
 Concurrent Workers: 2
 Concurrent Refinement Workers: 8
 Periodic GC: Disabled

Heap:
 garbage-first heap   total 641024K, used 161774K [0x0000000704400000, 0x0000000800000000)
  region size 2048K, 18 young (36864K), 18 survivors (36864K)
 Metaspace       used 34978K, committed 35264K, reserved 1081344K
  class space    used 4523K, committed 4672K, reserved 1048576K

Heap Regions: E=young(eden), S=young(survivor), O=old, HS=humongous(starts), HC=humongous(continues), CS=collection set, F=free, OA=open archive, CA=closed archive, TAMS=top-at-mark-start (previous, next)
|   0|0x0000000704400000, 0x0000000704600000, 0x0000000704600000|100%| O|  |TAMS 0x0000000704600000, 0x0000000704400000| Untracked 
|   1|0x0000000704600000, 0x0000000704800000, 0x0000000704800000|100%| O|  |TAMS 0x0000000704800000, 0x0000000704600000| Untracked 
|   2|0x0000000704800000, 0x0000000704a00000, 0x0000000704a00000|100%| O|  |TAMS 0x0000000704a00000, 0x0000000704800000| Untracked 
|   3|0x0000000704a00000, 0x0000000704c00000, 0x0000000704c00000|100%| O|  |TAMS 0x0000000704a00000, 0x0000000704a00000| Untracked 
|   4|0x0000000704c00000, 0x0000000704e00000, 0x0000000704e00000|100%| O|  |TAMS 0x0000000704c00000, 0x0000000704c00000| Untracked 
|   5|0x0000000704e00000, 0x0000000705000000, 0x0000000705000000|100%| O|  |TAMS 0x0000000704e00000, 0x0000000704e00000| Untracked 
|   6|0x0000000705000000, 0x0000000705200000, 0x0000000705200000|100%| O|  |TAMS 0x0000000705000000, 0x0000000705000000| Untracked 
|   7|0x0000000705200000, 0x0000000705400000, 0x0000000705400000|100%| O|  |TAMS 0x0000000705200000, 0x0000000705200000| Untracked 
|   8|0x0000000705400000, 0x0000000705600000, 0x0000000705600000|100%| O|  |TAMS 0x0000000705400000, 0x0000000705400000| Untracked 
|   9|0x0000000705600000, 0x0000000705800000, 0x0000000705800000|100%| O|  |TAMS 0x0000000705600000, 0x0000000705600000| Untracked 
|  10|0x0000000705800000, 0x0000000705a00000, 0x0000000705a00000|100%| O|  |TAMS 0x0000000705800000, 0x0000000705800000| Untracked 
|  11|0x0000000705a00000, 0x0000000705c00000, 0x0000000705c00000|100%| O|  |TAMS 0x0000000705a00000, 0x0000000705a00000| Untracked 
|  12|0x0000000705c00000, 0x0000000705e00000, 0x0000000705e00000|100%| O|  |TAMS 0x0000000705c00000, 0x0000000705c00000| Untracked 
|  13|0x0000000705e00000, 0x0000000706000000, 0x0000000706000000|100%| O|  |TAMS 0x0000000705e00000, 0x0000000705e00000| Untracked 
|  14|0x0000000706000000, 0x0000000706200000, 0x0000000706200000|100%| O|  |TAMS 0x0000000706000000, 0x0000000706000000| Untracked 
|  15|0x0000000706200000, 0x0000000706400000, 0x0000000706400000|100%| O|  |TAMS 0x0000000706200000, 0x0000000706200000| Untracked 
|  16|0x0000000706400000, 0x0000000706600000, 0x0000000706600000|100%| O|  |TAMS 0x0000000706400000, 0x0000000706400000| Untracked 
|  17|0x0000000706600000, 0x0000000706800000, 0x0000000706800000|100%| O|  |TAMS 0x0000000706600000, 0x0000000706600000| Untracked 
|  18|0x0000000706800000, 0x0000000706a00000, 0x0000000706a00000|100%| O|  |TAMS 0x0000000706800000, 0x0000000706800000| Untracked 
|  19|0x0000000706a00000, 0x0000000706c00000, 0x0000000706c00000|100%| O|  |TAMS 0x0000000706a00000, 0x0000000706a00000| Untracked 
|  20|0x0000000706c00000, 0x0000000706e00000, 0x0000000706e00000|100%| O|  |TAMS 0x0000000706c00000, 0x0000000706c00000| Untracked 
|  21|0x0000000706e00000, 0x0000000707000000, 0x0000000707000000|100%| O|  |TAMS 0x0000000706e00000, 0x0000000706e00000| Untracked 
|  22|0x0000000707000000, 0x0000000707200000, 0x0000000707200000|100%| O|  |TAMS 0x0000000707000000, 0x0000000707000000| Untracked 
|  23|0x0000000707200000, 0x0000000707400000, 0x0000000707400000|100%| O|  |TAMS 0x0000000707200000, 0x0000000707200000| Untracked 
|  24|0x0000000707400000, 0x0000000707600000, 0x0000000707600000|100%| O|  |TAMS 0x0000000707400000, 0x0000000707400000| Untracked 
|  25|0x0000000707600000, 0x0000000707800000, 0x0000000707800000|100%| O|  |TAMS 0x0000000707600000, 0x0000000707600000| Untracked 
|  26|0x0000000707800000, 0x0000000707a00000, 0x0000000707a00000|100%| O|  |TAMS 0x0000000707800000, 0x0000000707800000| Untracked 
|  27|0x0000000707a00000, 0x0000000707c00000, 0x0000000707c00000|100%| O|  |TAMS 0x0000000707a00000, 0x0000000707a00000| Untracked 
|  28|0x0000000707c00000, 0x0000000707e00000, 0x0000000707e00000|100%| O|  |TAMS 0x0000000707c00000, 0x0000000707c00000| Untracked 
|  29|0x0000000707e00000, 0x0000000708000000, 0x0000000708000000|100%| O|  |TAMS 0x0000000707e00000, 0x0000000707e00000| Untracked 
|  30|0x0000000708000000, 0x0000000708200000, 0x0000000708200000|100%| O|  |TAMS 0x0000000708000000, 0x0000000708000000| Untracked 
|  31|0x0000000708200000, 0x0000000708400000, 0x0000000708400000|100%| O|  |TAMS 0x0000000708200000, 0x0000000708200000| Untracked 
|  32|0x0000000708400000, 0x0000000708600000, 0x0000000708600000|100%| O|  |TAMS 0x0000000708400000, 0x0000000708400000| Untracked 
|  33|0x0000000708600000, 0x0000000708800000, 0x0000000708800000|100%| O|  |TAMS 0x0000000708600000, 0x0000000708600000| Untracked 
|  34|0x0000000708800000, 0x0000000708a00000, 0x0000000708a00000|100%| O|  |TAMS 0x0000000708800000, 0x0000000708800000| Untracked 
|  35|0x0000000708a00000, 0x0000000708c00000, 0x0000000708c00000|100%| O|  |TAMS 0x0000000708a00000, 0x0000000708a00000| Untracked 
|  36|0x0000000708c00000, 0x0000000708e00000, 0x0000000708e00000|100%| O|  |TAMS 0x0000000708c00000, 0x0000000708c00000| Untracked 
|  37|0x0000000708e00000, 0x0000000709000000, 0x0000000709000000|100%| O|  |TAMS 0x0000000708e00000, 0x0000000708e00000| Untracked 
|  38|0x0000000709000000, 0x0000000709200000, 0x0000000709200000|100%| O|  |TAMS 0x0000000709000000, 0x0000000709000000| Untracked 
|  39|0x0000000709200000, 0x0000000709400000, 0x0000000709400000|100%| O|  |TAMS 0x0000000709200000, 0x0000000709200000| Untracked 
|  40|0x0000000709400000, 0x0000000709600000, 0x0000000709600000|100%| O|  |TAMS 0x0000000709400000, 0x0000000709400000| Untracked 
|  41|0x0000000709600000, 0x0000000709800000, 0x0000000709800000|100%| O|  |TAMS 0x0000000709600000, 0x0000000709600000| Untracked 
|  42|0x0000000709800000, 0x0000000709a00000, 0x0000000709a00000|100%| O|  |TAMS 0x0000000709800000, 0x0000000709800000| Untracked 
|  43|0x0000000709a00000, 0x0000000709c00000, 0x0000000709c00000|100%| O|  |TAMS 0x0000000709a00000, 0x0000000709a00000| Untracked 
|  44|0x0000000709c00000, 0x0000000709e00000, 0x0000000709e00000|100%| O|  |TAMS 0x0000000709c00000, 0x0000000709c00000| Untracked 
|  45|0x0000000709e00000, 0x000000070a000000, 0x000000070a000000|100%| O|  |TAMS 0x0000000709e00000, 0x0000000709e00000| Untracked 
|  46|0x000000070a000000, 0x000000070a200000, 0x000000070a200000|100%| O|  |TAMS 0x000000070a000000, 0x000000070a000000| Untracked 
|  47|0x000000070a200000, 0x000000070a400000, 0x000000070a400000|100%| O|  |TAMS 0x000000070a200000, 0x000000070a200000| Untracked 
|  48|0x000000070a400000, 0x000000070a600000, 0x000000070a600000|100%| O|  |TAMS 0x000000070a400000, 0x000000070a400000| Untracked 
|  49|0x000000070a600000, 0x000000070a800000, 0x000000070a800000|100%| O|  |TAMS 0x000000070a600000, 0x000000070a600000| Untracked 
|  50|0x000000070a800000, 0x000000070aa00000, 0x000000070aa00000|100%| O|  |TAMS 0x000000070a800000, 0x000000070a800000| Untracked 
|  51|0x000000070aa00000, 0x000000070ac00000, 0x000000070ac00000|100%| O|  |TAMS 0x000000070aa00000, 0x000000070aa00000| Untracked 
|  52|0x000000070ac00000, 0x000000070ae00000, 0x000000070ae00000|100%| O|  |TAMS 0x000000070ac00000, 0x000000070ac00000| Untracked 
|  53|0x000000070ae00000, 0x000000070b000000, 0x000000070b000000|100%| O|  |TAMS 0x000000070ae00000, 0x000000070ae00000| Untracked 
|  54|0x000000070b000000, 0x000000070b200000, 0x000000070b200000|100%| O|  |TAMS 0x000000070b000000, 0x000000070b000000| Untracked 
|  55|0x000000070b200000, 0x000000070b400000, 0x000000070b400000|100%| O|  |TAMS 0x000000070b200000, 0x000000070b200000| Untracked 
|  56|0x000000070b400000, 0x000000070b600000, 0x000000070b600000|100%| O|  |TAMS 0x000000070b400000, 0x000000070b400000| Untracked 
|  57|0x000000070b600000, 0x000000070b800000, 0x000000070b800000|100%| O|  |TAMS 0x000000070b600000, 0x000000070b600000| Untracked 
|  58|0x000000070b800000, 0x000000070ba00000, 0x000000070ba00000|100%| O|  |TAMS 0x000000070b800000, 0x000000070b800000| Untracked 
|  59|0x000000070ba00000, 0x000000070bc00000, 0x000000070bc00000|100%| O|  |TAMS 0x000000070ba00000, 0x000000070ba00000| Untracked 
|  60|0x000000070bc00000, 0x000000070bdfb800, 0x000000070be00000| 99%| O|  |TAMS 0x000000070bc00000, 0x000000070bc00000| Untracked 
|  61|0x000000070be00000, 0x000000070be00000, 0x000000070c000000|  0%| F|  |TAMS 0x000000070be00000, 0x000000070be00000| Untracked 
|  62|0x000000070c000000, 0x000000070c000000, 0x000000070c200000|  0%| F|  |TAMS 0x000000070c000000, 0x000000070c000000| Untracked 
|  63|0x000000070c200000, 0x000000070c200000, 0x000000070c400000|  0%| F|  |TAMS 0x000000070c200000, 0x000000070c200000| Untracked 
|  64|0x000000070c400000, 0x000000070c400000, 0x000000070c600000|  0%| F|  |TAMS 0x000000070c400000, 0x000000070c400000| Untracked 
|  65|0x000000070c600000, 0x000000070c600000, 0x000000070c800000|  0%| F|  |TAMS 0x000000070c600000, 0x000000070c600000| Untracked 
|  66|0x000000070c800000, 0x000000070c800000, 0x000000070ca00000|  0%| F|  |TAMS 0x000000070c800000, 0x000000070c800000| Untracked 
|  67|0x000000070ca00000, 0x000000070ca00000, 0x000000070cc00000|  0%| F|  |TAMS 0x000000070ca00000, 0x000000070ca00000| Untracked 
|  68|0x000000070cc00000, 0x000000070cc00000, 0x000000070ce00000|  0%| F|  |TAMS 0x000000070cc00000, 0x000000070cc00000| Untracked 
|  69|0x000000070ce00000, 0x000000070ce00000, 0x000000070d000000|  0%| F|  |TAMS 0x000000070ce00000, 0x000000070ce00000| Untracked 
|  70|0x000000070d000000, 0x000000070d000000, 0x000000070d200000|  0%| F|  |TAMS 0x000000070d000000, 0x000000070d000000| Untracked 
|  71|0x000000070d200000, 0x000000070d200000, 0x000000070d400000|  0%| F|  |TAMS 0x000000070d200000, 0x000000070d200000| Untracked 
|  72|0x000000070d400000, 0x000000070d400000, 0x000000070d600000|  0%| F|  |TAMS 0x000000070d400000, 0x000000070d400000| Untracked 
|  73|0x000000070d600000, 0x000000070d600000, 0x000000070d800000|  0%| F|  |TAMS 0x000000070d600000, 0x000000070d600000| Untracked 
|  74|0x000000070d800000, 0x000000070d800000, 0x000000070da00000|  0%| F|  |TAMS 0x000000070d800000, 0x000000070d800000| Untracked 
|  75|0x000000070da00000, 0x000000070da00000, 0x000000070dc00000|  0%| F|  |TAMS 0x000000070da00000, 0x000000070da00000| Untracked 
|  76|0x000000070dc00000, 0x000000070dc00000, 0x000000070de00000|  0%| F|  |TAMS 0x000000070dc00000, 0x000000070dc00000| Untracked 
|  77|0x000000070de00000, 0x000000070de00000, 0x000000070e000000|  0%| F|  |TAMS 0x000000070de00000, 0x000000070de00000| Untracked 
|  78|0x000000070e000000, 0x000000070e000000, 0x000000070e200000|  0%| F|  |TAMS 0x000000070e000000, 0x000000070e000000| Untracked 
|  79|0x000000070e200000, 0x000000070e200000, 0x000000070e400000|  0%| F|  |TAMS 0x000000070e200000, 0x000000070e200000| Untracked 
|  80|0x000000070e400000, 0x000000070e400000, 0x000000070e600000|  0%| F|  |TAMS 0x000000070e400000, 0x000000070e400000| Untracked 
|  81|0x000000070e600000, 0x000000070e600000, 0x000000070e800000|  0%| F|  |TAMS 0x000000070e600000, 0x000000070e600000| Untracked 
|  82|0x000000070e800000, 0x000000070e800000, 0x000000070ea00000|  0%| F|  |TAMS 0x000000070e800000, 0x000000070e800000| Untracked 
|  83|0x000000070ea00000, 0x000000070ea00000, 0x000000070ec00000|  0%| F|  |TAMS 0x000000070ea00000, 0x000000070ea00000| Untracked 
|  84|0x000000070ec00000, 0x000000070ec00000, 0x000000070ee00000|  0%| F|  |TAMS 0x000000070ec00000, 0x000000070ec00000| Untracked 
|  85|0x000000070ee00000, 0x000000070ee00000, 0x000000070f000000|  0%| F|  |TAMS 0x000000070ee00000, 0x000000070ee00000| Untracked 
|  86|0x000000070f000000, 0x000000070f000000, 0x000000070f200000|  0%| F|  |TAMS 0x000000070f000000, 0x000000070f000000| Untracked 
|  87|0x000000070f200000, 0x000000070f200000, 0x000000070f400000|  0%| F|  |TAMS 0x000000070f200000, 0x000000070f200000| Untracked 
|  88|0x000000070f400000, 0x000000070f400000, 0x000000070f600000|  0%| F|  |TAMS 0x000000070f400000, 0x000000070f400000| Untracked 
|  89|0x000000070f600000, 0x000000070f600000, 0x000000070f800000|  0%| F|  |TAMS 0x000000070f600000, 0x000000070f600000| Untracked 
|  90|0x000000070f800000, 0x000000070f800000, 0x000000070fa00000|  0%| F|  |TAMS 0x000000070f800000, 0x000000070f800000| Untracked 
|  91|0x000000070fa00000, 0x000000070fa00000, 0x000000070fc00000|  0%| F|  |TAMS 0x000000070fa00000, 0x000000070fa00000| Untracked 
|  92|0x000000070fc00000, 0x000000070fc00000, 0x000000070fe00000|  0%| F|  |TAMS 0x000000070fc00000, 0x000000070fc00000| Untracked 
|  93|0x000000070fe00000, 0x000000070fe00000, 0x0000000710000000|  0%| F|  |TAMS 0x000000070fe00000, 0x000000070fe00000| Untracked 
|  94|0x0000000710000000, 0x0000000710000000, 0x0000000710200000|  0%| F|  |TAMS 0x0000000710000000, 0x0000000710000000| Untracked 
|  95|0x0000000710200000, 0x0000000710200000, 0x0000000710400000|  0%| F|  |TAMS 0x0000000710200000, 0x0000000710200000| Untracked 
|  96|0x0000000710400000, 0x0000000710400000, 0x0000000710600000|  0%| F|  |TAMS 0x0000000710400000, 0x0000000710400000| Untracked 
|  97|0x0000000710600000, 0x0000000710600000, 0x0000000710800000|  0%| F|  |TAMS 0x0000000710600000, 0x0000000710600000| Untracked 
|  98|0x0000000710800000, 0x0000000710800000, 0x0000000710a00000|  0%| F|  |TAMS 0x0000000710800000, 0x0000000710800000| Untracked 
|  99|0x0000000710a00000, 0x0000000710a00000, 0x0000000710c00000|  0%| F|  |TAMS 0x0000000710a00000, 0x0000000710a00000| Untracked 
| 100|0x0000000710c00000, 0x0000000710c00000, 0x0000000710e00000|  0%| F|  |TAMS 0x0000000710c00000, 0x0000000710c00000| Untracked 
| 101|0x0000000710e00000, 0x0000000710e00000, 0x0000000711000000|  0%| F|  |TAMS 0x0000000710e00000, 0x0000000710e00000| Untracked 
| 102|0x0000000711000000, 0x0000000711000000, 0x0000000711200000|  0%| F|  |TAMS 0x0000000711000000, 0x0000000711000000| Untracked 
| 103|0x0000000711200000, 0x0000000711200000, 0x0000000711400000|  0%| F|  |TAMS 0x0000000711200000, 0x0000000711200000| Untracked 
| 104|0x0000000711400000, 0x0000000711400000, 0x0000000711600000|  0%| F|  |TAMS 0x0000000711400000, 0x0000000711400000| Untracked 
| 105|0x0000000711600000, 0x0000000711600000, 0x0000000711800000|  0%| F|  |TAMS 0x0000000711600000, 0x0000000711600000| Untracked 
| 106|0x0000000711800000, 0x0000000711800000, 0x0000000711a00000|  0%| F|  |TAMS 0x0000000711800000, 0x0000000711800000| Untracked 
| 107|0x0000000711a00000, 0x0000000711a00000, 0x0000000711c00000|  0%| F|  |TAMS 0x0000000711a00000, 0x0000000711a00000| Untracked 
| 108|0x0000000711c00000, 0x0000000711e00000, 0x0000000711e00000|100%| S|CS|TAMS 0x0000000711c00000, 0x0000000711c00000| Complete 
| 109|0x0000000711e00000, 0x0000000712000000, 0x0000000712000000|100%| S|CS|TAMS 0x0000000711e00000, 0x0000000711e00000| Complete 
| 110|0x0000000712000000, 0x0000000712200000, 0x0000000712200000|100%| S|CS|TAMS 0x0000000712000000, 0x0000000712000000| Complete 
| 111|0x0000000712200000, 0x0000000712400000, 0x0000000712400000|100%| S|CS|TAMS 0x0000000712200000, 0x0000000712200000| Complete 
| 112|0x0000000712400000, 0x0000000712600000, 0x0000000712600000|100%| S|CS|TAMS 0x0000000712400000, 0x0000000712400000| Complete 
| 113|0x0000000712600000, 0x0000000712800000, 0x0000000712800000|100%| S|CS|TAMS 0x0000000712600000, 0x0000000712600000| Complete 
| 114|0x0000000712800000, 0x0000000712a00000, 0x0000000712a00000|100%| S|CS|TAMS 0x0000000712800000, 0x0000000712800000| Complete 
| 115|0x0000000712a00000, 0x0000000712c00000, 0x0000000712c00000|100%| S|CS|TAMS 0x0000000712a00000, 0x0000000712a00000| Complete 
| 116|0x0000000712c00000, 0x0000000712e00000, 0x0000000712e00000|100%| S|CS|TAMS 0x0000000712c00000, 0x0000000712c00000| Complete 
| 117|0x0000000712e00000, 0x0000000713000000, 0x0000000713000000|100%| S|CS|TAMS 0x0000000712e00000, 0x0000000712e00000| Complete 
| 118|0x0000000713000000, 0x0000000713200000, 0x0000000713200000|100%| S|CS|TAMS 0x0000000713000000, 0x0000000713000000| Complete 
| 119|0x0000000713200000, 0x0000000713400000, 0x0000000713400000|100%| S|CS|TAMS 0x0000000713200000, 0x0000000713200000| Complete 
| 120|0x0000000713400000, 0x0000000713600000, 0x0000000713600000|100%| S|CS|TAMS 0x0000000713400000, 0x0000000713400000| Complete 
| 121|0x0000000713600000, 0x0000000713600000, 0x0000000713800000|  0%| F|  |TAMS 0x0000000713600000, 0x0000000713600000| Untracked 
| 122|0x0000000713800000, 0x0000000713800000, 0x0000000713a00000|  0%| F|  |TAMS 0x0000000713800000, 0x0000000713800000| Untracked 
| 123|0x0000000713a00000, 0x0000000713a00000, 0x0000000713c00000|  0%| F|  |TAMS 0x0000000713a00000, 0x0000000713a00000| Untracked 
| 124|0x0000000713c00000, 0x0000000713c00000, 0x0000000713e00000|  0%| F|  |TAMS 0x0000000713c00000, 0x0000000713c00000| Untracked 
| 125|0x0000000713e00000, 0x0000000713e00000, 0x0000000714000000|  0%| F|  |TAMS 0x0000000713e00000, 0x0000000713e00000| Untracked 
| 126|0x0000000714000000, 0x0000000714000000, 0x0000000714200000|  0%| F|  |TAMS 0x0000000714000000, 0x0000000714000000| Untracked 
| 127|0x0000000714200000, 0x0000000714200000, 0x0000000714400000|  0%| F|  |TAMS 0x0000000714200000, 0x0000000714200000| Untracked 
| 128|0x0000000714400000, 0x0000000714400000, 0x0000000714600000|  0%| F|  |TAMS 0x0000000714400000, 0x0000000714400000| Untracked 
| 129|0x0000000714600000, 0x0000000714600000, 0x0000000714800000|  0%| F|  |TAMS 0x0000000714600000, 0x0000000714600000| Untracked 
| 130|0x0000000714800000, 0x0000000714800000, 0x0000000714a00000|  0%| F|  |TAMS 0x0000000714800000, 0x0000000714800000| Untracked 
| 131|0x0000000714a00000, 0x0000000714a00000, 0x0000000714c00000|  0%| F|  |TAMS 0x0000000714a00000, 0x0000000714a00000| Untracked 
| 132|0x0000000714c00000, 0x0000000714c00000, 0x0000000714e00000|  0%| F|  |TAMS 0x0000000714c00000, 0x0000000714c00000| Untracked 
| 133|0x0000000714e00000, 0x0000000715000000, 0x0000000715000000|100%| S|CS|TAMS 0x0000000714e00000, 0x0000000714e00000| Complete 
| 134|0x0000000715000000, 0x0000000715200000, 0x0000000715200000|100%| S|CS|TAMS 0x0000000715000000, 0x0000000715000000| Complete 
| 135|0x0000000715200000, 0x0000000715400000, 0x0000000715400000|100%| S|CS|TAMS 0x0000000715200000, 0x0000000715200000| Complete 
| 136|0x0000000715400000, 0x0000000715600000, 0x0000000715600000|100%| S|CS|TAMS 0x0000000715400000, 0x0000000715400000| Complete 
| 137|0x0000000715600000, 0x0000000715800000, 0x0000000715800000|100%| S|CS|TAMS 0x0000000715600000, 0x0000000715600000| Complete 
| 138|0x0000000715800000, 0x0000000715800000, 0x0000000715a00000|  0%| F|  |TAMS 0x0000000715800000, 0x0000000715800000| Untracked 
| 139|0x0000000715a00000, 0x0000000715a00000, 0x0000000715c00000|  0%| F|  |TAMS 0x0000000715a00000, 0x0000000715a00000| Untracked 
| 140|0x0000000715c00000, 0x0000000715c00000, 0x0000000715e00000|  0%| F|  |TAMS 0x0000000715c00000, 0x0000000715c00000| Untracked 
| 141|0x0000000715e00000, 0x0000000715e00000, 0x0000000716000000|  0%| F|  |TAMS 0x0000000715e00000, 0x0000000715e00000| Untracked 
| 142|0x0000000716000000, 0x0000000716000000, 0x0000000716200000|  0%| F|  |TAMS 0x0000000716000000, 0x0000000716000000| Untracked 
| 143|0x0000000716200000, 0x0000000716200000, 0x0000000716400000|  0%| F|  |TAMS 0x0000000716200000, 0x0000000716200000| Untracked 
| 144|0x0000000716400000, 0x0000000716400000, 0x0000000716600000|  0%| F|  |TAMS 0x0000000716400000, 0x0000000716400000| Untracked 
| 145|0x0000000716600000, 0x0000000716600000, 0x0000000716800000|  0%| F|  |TAMS 0x0000000716600000, 0x0000000716600000| Untracked 
| 146|0x0000000716800000, 0x0000000716800000, 0x0000000716a00000|  0%| F|  |TAMS 0x0000000716800000, 0x0000000716800000| Untracked 
| 147|0x0000000716a00000, 0x0000000716a00000, 0x0000000716c00000|  0%| F|  |TAMS 0x0000000716a00000, 0x0000000716a00000| Untracked 
| 148|0x0000000716c00000, 0x0000000716c00000, 0x0000000716e00000|  0%| F|  |TAMS 0x0000000716c00000, 0x0000000716c00000| Untracked 
| 149|0x0000000716e00000, 0x0000000716e00000, 0x0000000717000000|  0%| F|  |TAMS 0x0000000716e00000, 0x0000000716e00000| Untracked 
| 150|0x0000000717000000, 0x0000000717000000, 0x0000000717200000|  0%| F|  |TAMS 0x0000000717000000, 0x0000000717000000| Untracked 
| 151|0x0000000717200000, 0x0000000717200000, 0x0000000717400000|  0%| F|  |TAMS 0x0000000717200000, 0x0000000717200000| Untracked 
| 152|0x0000000717400000, 0x0000000717400000, 0x0000000717600000|  0%| F|  |TAMS 0x0000000717400000, 0x0000000717400000| Untracked 
| 153|0x0000000717600000, 0x0000000717600000, 0x0000000717800000|  0%| F|  |TAMS 0x0000000717600000, 0x0000000717600000| Untracked 
| 154|0x0000000717800000, 0x0000000717800000, 0x0000000717a00000|  0%| F|  |TAMS 0x0000000717800000, 0x0000000717800000| Untracked 
| 155|0x0000000717a00000, 0x0000000717a00000, 0x0000000717c00000|  0%| F|  |TAMS 0x0000000717a00000, 0x0000000717a00000| Untracked 
| 156|0x0000000717c00000, 0x0000000717c00000, 0x0000000717e00000|  0%| F|  |TAMS 0x0000000717c00000, 0x0000000717c00000| Untracked 
| 157|0x0000000717e00000, 0x0000000717e00000, 0x0000000718000000|  0%| F|  |TAMS 0x0000000717e00000, 0x0000000717e00000| Untracked 
| 158|0x0000000718000000, 0x0000000718000000, 0x0000000718200000|  0%| F|  |TAMS 0x0000000718000000, 0x0000000718000000| Untracked 
| 159|0x0000000718200000, 0x0000000718200000, 0x0000000718400000|  0%| F|  |TAMS 0x0000000718200000, 0x0000000718200000| Untracked 
| 160|0x0000000718400000, 0x0000000718400000, 0x0000000718600000|  0%| F|  |TAMS 0x0000000718400000, 0x0000000718400000| Untracked 
| 161|0x0000000718600000, 0x0000000718600000, 0x0000000718800000|  0%| F|  |TAMS 0x0000000718600000, 0x0000000718600000| Untracked 
| 162|0x0000000718800000, 0x0000000718800000, 0x0000000718a00000|  0%| F|  |TAMS 0x0000000718800000, 0x0000000718800000| Untracked 
| 163|0x0000000718a00000, 0x0000000718a00000, 0x0000000718c00000|  0%| F|  |TAMS 0x0000000718a00000, 0x0000000718a00000| Untracked 
| 164|0x0000000718c00000, 0x0000000718c00000, 0x0000000718e00000|  0%| F|  |TAMS 0x0000000718c00000, 0x0000000718c00000| Untracked 
| 165|0x0000000718e00000, 0x0000000718e00000, 0x0000000719000000|  0%| F|  |TAMS 0x0000000718e00000, 0x0000000718e00000| Untracked 
| 166|0x0000000719000000, 0x0000000719000000, 0x0000000719200000|  0%| F|  |TAMS 0x0000000719000000, 0x0000000719000000| Untracked 
| 167|0x0000000719200000, 0x0000000719200000, 0x0000000719400000|  0%| F|  |TAMS 0x0000000719200000, 0x0000000719200000| Untracked 
| 168|0x0000000719400000, 0x0000000719400000, 0x0000000719600000|  0%| F|  |TAMS 0x0000000719400000, 0x0000000719400000| Untracked 
| 169|0x0000000719600000, 0x0000000719600000, 0x0000000719800000|  0%| F|  |TAMS 0x0000000719600000, 0x0000000719600000| Untracked 
| 170|0x0000000719800000, 0x0000000719800000, 0x0000000719a00000|  0%| F|  |TAMS 0x0000000719800000, 0x0000000719800000| Untracked 
| 171|0x0000000719a00000, 0x0000000719a00000, 0x0000000719c00000|  0%| F|  |TAMS 0x0000000719a00000, 0x0000000719a00000| Untracked 
| 172|0x0000000719c00000, 0x0000000719c00000, 0x0000000719e00000|  0%| F|  |TAMS 0x0000000719c00000, 0x0000000719c00000| Untracked 
| 173|0x0000000719e00000, 0x0000000719e00000, 0x000000071a000000|  0%| F|  |TAMS 0x0000000719e00000, 0x0000000719e00000| Untracked 
| 174|0x000000071a000000, 0x000000071a000000, 0x000000071a200000|  0%| F|  |TAMS 0x000000071a000000, 0x000000071a000000| Untracked 
| 175|0x000000071a200000, 0x000000071a200000, 0x000000071a400000|  0%| F|  |TAMS 0x000000071a200000, 0x000000071a200000| Untracked 
| 176|0x000000071a400000, 0x000000071a400000, 0x000000071a600000|  0%| F|  |TAMS 0x000000071a400000, 0x000000071a400000| Untracked 
| 177|0x000000071a600000, 0x000000071a600000, 0x000000071a800000|  0%| F|  |TAMS 0x000000071a600000, 0x000000071a600000| Untracked 
| 178|0x000000071a800000, 0x000000071a800000, 0x000000071aa00000|  0%| F|  |TAMS 0x000000071a800000, 0x000000071a800000| Untracked 
| 179|0x000000071aa00000, 0x000000071aa00000, 0x000000071ac00000|  0%| F|  |TAMS 0x000000071aa00000, 0x000000071aa00000| Untracked 
| 180|0x000000071ac00000, 0x000000071ac00000, 0x000000071ae00000|  0%| F|  |TAMS 0x000000071ac00000, 0x000000071ac00000| Untracked 
| 181|0x000000071ae00000, 0x000000071ae00000, 0x000000071b000000|  0%| F|  |TAMS 0x000000071ae00000, 0x000000071ae00000| Untracked 
| 182|0x000000071b000000, 0x000000071b000000, 0x000000071b200000|  0%| F|  |TAMS 0x000000071b000000, 0x000000071b000000| Untracked 
| 183|0x000000071b200000, 0x000000071b200000, 0x000000071b400000|  0%| F|  |TAMS 0x000000071b200000, 0x000000071b200000| Untracked 
| 184|0x000000071b400000, 0x000000071b400000, 0x000000071b600000|  0%| F|  |TAMS 0x000000071b400000, 0x000000071b400000| Untracked 
| 185|0x000000071b600000, 0x000000071b600000, 0x000000071b800000|  0%| F|  |TAMS 0x000000071b600000, 0x000000071b600000| Untracked 
| 186|0x000000071b800000, 0x000000071b800000, 0x000000071ba00000|  0%| F|  |TAMS 0x000000071b800000, 0x000000071b800000| Untracked 
| 187|0x000000071ba00000, 0x000000071ba00000, 0x000000071bc00000|  0%| F|  |TAMS 0x000000071ba00000, 0x000000071ba00000| Untracked 
| 188|0x000000071bc00000, 0x000000071bc00000, 0x000000071be00000|  0%| F|  |TAMS 0x000000071bc00000, 0x000000071bc00000| Untracked 
| 189|0x000000071be00000, 0x000000071be00000, 0x000000071c000000|  0%| F|  |TAMS 0x000000071be00000, 0x000000071be00000| Untracked 
| 190|0x000000071c000000, 0x000000071c000000, 0x000000071c200000|  0%| F|  |TAMS 0x000000071c000000, 0x000000071c000000| Untracked 
| 191|0x000000071c200000, 0x000000071c200000, 0x000000071c400000|  0%| F|  |TAMS 0x000000071c200000, 0x000000071c200000| Untracked 
| 192|0x000000071c400000, 0x000000071c400000, 0x000000071c600000|  0%| F|  |TAMS 0x000000071c400000, 0x000000071c400000| Untracked 
| 193|0x000000071c600000, 0x000000071c600000, 0x000000071c800000|  0%| F|  |TAMS 0x000000071c600000, 0x000000071c600000| Untracked 
| 194|0x000000071c800000, 0x000000071c800000, 0x000000071ca00000|  0%| F|  |TAMS 0x000000071c800000, 0x000000071c800000| Untracked 
| 195|0x000000071ca00000, 0x000000071ca00000, 0x000000071cc00000|  0%| F|  |TAMS 0x000000071ca00000, 0x000000071ca00000| Untracked 
| 196|0x000000071cc00000, 0x000000071cc00000, 0x000000071ce00000|  0%| F|  |TAMS 0x000000071cc00000, 0x000000071cc00000| Untracked 
| 197|0x000000071ce00000, 0x000000071ce00000, 0x000000071d000000|  0%| F|  |TAMS 0x000000071ce00000, 0x000000071ce00000| Untracked 
| 198|0x000000071d000000, 0x000000071d000000, 0x000000071d200000|  0%| F|  |TAMS 0x000000071d000000, 0x000000071d000000| Untracked 
| 199|0x000000071d200000, 0x000000071d200000, 0x000000071d400000|  0%| F|  |TAMS 0x000000071d200000, 0x000000071d200000| Untracked 
| 200|0x000000071d400000, 0x000000071d400000, 0x000000071d600000|  0%| F|  |TAMS 0x000000071d400000, 0x000000071d400000| Untracked 
| 201|0x000000071d600000, 0x000000071d600000, 0x000000071d800000|  0%| F|  |TAMS 0x000000071d600000, 0x000000071d600000| Untracked 
| 202|0x000000071d800000, 0x000000071d800000, 0x000000071da00000|  0%| F|  |TAMS 0x000000071d800000, 0x000000071d800000| Untracked 
| 203|0x000000071da00000, 0x000000071da00000, 0x000000071dc00000|  0%| F|  |TAMS 0x000000071da00000, 0x000000071da00000| Untracked 
| 204|0x000000071dc00000, 0x000000071dc00000, 0x000000071de00000|  0%| F|  |TAMS 0x000000071dc00000, 0x000000071dc00000| Untracked 
| 205|0x000000071de00000, 0x000000071de00000, 0x000000071e000000|  0%| F|  |TAMS 0x000000071de00000, 0x000000071de00000| Untracked 
| 206|0x000000071e000000, 0x000000071e000000, 0x000000071e200000|  0%| F|  |TAMS 0x000000071e000000, 0x000000071e000000| Untracked 
| 207|0x000000071e200000, 0x000000071e200000, 0x000000071e400000|  0%| F|  |TAMS 0x000000071e200000, 0x000000071e200000| Untracked 
| 208|0x000000071e400000, 0x000000071e400000, 0x000000071e600000|  0%| F|  |TAMS 0x000000071e400000, 0x000000071e400000| Untracked 
| 209|0x000000071e600000, 0x000000071e600000, 0x000000071e800000|  0%| F|  |TAMS 0x000000071e600000, 0x000000071e600000| Untracked 
| 210|0x000000071e800000, 0x000000071e800000, 0x000000071ea00000|  0%| F|  |TAMS 0x000000071e800000, 0x000000071e800000| Untracked 
| 211|0x000000071ea00000, 0x000000071ea00000, 0x000000071ec00000|  0%| F|  |TAMS 0x000000071ea00000, 0x000000071ea00000| Untracked 
| 212|0x000000071ec00000, 0x000000071ec00000, 0x000000071ee00000|  0%| F|  |TAMS 0x000000071ec00000, 0x000000071ec00000| Untracked 
| 213|0x000000071ee00000, 0x000000071ee00000, 0x000000071f000000|  0%| F|  |TAMS 0x000000071ee00000, 0x000000071ee00000| Untracked 
| 214|0x000000071f000000, 0x000000071f000000, 0x000000071f200000|  0%| F|  |TAMS 0x000000071f000000, 0x000000071f000000| Untracked 
| 215|0x000000071f200000, 0x000000071f200000, 0x000000071f400000|  0%| F|  |TAMS 0x000000071f200000, 0x000000071f200000| Untracked 
| 216|0x000000071f400000, 0x000000071f400000, 0x000000071f600000|  0%| F|  |TAMS 0x000000071f400000, 0x000000071f400000| Untracked 
| 217|0x000000071f600000, 0x000000071f600000, 0x000000071f800000|  0%| F|  |TAMS 0x000000071f600000, 0x000000071f600000| Untracked 
| 218|0x000000071f800000, 0x000000071f800000, 0x000000071fa00000|  0%| F|  |TAMS 0x000000071f800000, 0x000000071f800000| Untracked 
| 219|0x000000071fa00000, 0x000000071fa00000, 0x000000071fc00000|  0%| F|  |TAMS 0x000000071fa00000, 0x000000071fa00000| Untracked 
| 220|0x000000071fc00000, 0x000000071fc00000, 0x000000071fe00000|  0%| F|  |TAMS 0x000000071fc00000, 0x000000071fc00000| Untracked 
| 221|0x000000071fe00000, 0x000000071fe00000, 0x0000000720000000|  0%| F|  |TAMS 0x000000071fe00000, 0x000000071fe00000| Untracked 
| 222|0x0000000720000000, 0x0000000720000000, 0x0000000720200000|  0%| F|  |TAMS 0x0000000720000000, 0x0000000720000000| Untracked 
| 223|0x0000000720200000, 0x0000000720200000, 0x0000000720400000|  0%| F|  |TAMS 0x0000000720200000, 0x0000000720200000| Untracked 
| 224|0x0000000720400000, 0x0000000720400000, 0x0000000720600000|  0%| F|  |TAMS 0x0000000720400000, 0x0000000720400000| Untracked 
| 225|0x0000000720600000, 0x0000000720600000, 0x0000000720800000|  0%| F|  |TAMS 0x0000000720600000, 0x0000000720600000| Untracked 
| 226|0x0000000720800000, 0x0000000720800000, 0x0000000720a00000|  0%| F|  |TAMS 0x0000000720800000, 0x0000000720800000| Untracked 
| 227|0x0000000720a00000, 0x0000000720a00000, 0x0000000720c00000|  0%| F|  |TAMS 0x0000000720a00000, 0x0000000720a00000| Untracked 
| 228|0x0000000720c00000, 0x0000000720c00000, 0x0000000720e00000|  0%| F|  |TAMS 0x0000000720c00000, 0x0000000720c00000| Untracked 
| 229|0x0000000720e00000, 0x0000000720e00000, 0x0000000721000000|  0%| F|  |TAMS 0x0000000720e00000, 0x0000000720e00000| Untracked 
| 230|0x0000000721000000, 0x0000000721000000, 0x0000000721200000|  0%| F|  |TAMS 0x0000000721000000, 0x0000000721000000| Untracked 
| 231|0x0000000721200000, 0x0000000721200000, 0x0000000721400000|  0%| F|  |TAMS 0x0000000721200000, 0x0000000721200000| Untracked 
| 232|0x0000000721400000, 0x0000000721400000, 0x0000000721600000|  0%| F|  |TAMS 0x0000000721400000, 0x0000000721400000| Untracked 
| 233|0x0000000721600000, 0x0000000721600000, 0x0000000721800000|  0%| F|  |TAMS 0x0000000721600000, 0x0000000721600000| Untracked 
| 234|0x0000000721800000, 0x0000000721800000, 0x0000000721a00000|  0%| F|  |TAMS 0x0000000721800000, 0x0000000721800000| Untracked 
| 235|0x0000000721a00000, 0x0000000721a00000, 0x0000000721c00000|  0%| F|  |TAMS 0x0000000721a00000, 0x0000000721a00000| Untracked 
| 236|0x0000000721c00000, 0x0000000721c00000, 0x0000000721e00000|  0%| F|  |TAMS 0x0000000721c00000, 0x0000000721c00000| Untracked 
| 237|0x0000000721e00000, 0x0000000721e00000, 0x0000000722000000|  0%| F|  |TAMS 0x0000000721e00000, 0x0000000721e00000| Untracked 
| 238|0x0000000722000000, 0x0000000722000000, 0x0000000722200000|  0%| F|  |TAMS 0x0000000722000000, 0x0000000722000000| Untracked 
| 239|0x0000000722200000, 0x0000000722200000, 0x0000000722400000|  0%| F|  |TAMS 0x0000000722200000, 0x0000000722200000| Untracked 
| 240|0x0000000722400000, 0x0000000722400000, 0x0000000722600000|  0%| F|  |TAMS 0x0000000722400000, 0x0000000722400000| Untracked 
| 241|0x0000000722600000, 0x0000000722600000, 0x0000000722800000|  0%| F|  |TAMS 0x0000000722600000, 0x0000000722600000| Untracked 
| 242|0x0000000722800000, 0x0000000722800000, 0x0000000722a00000|  0%| F|  |TAMS 0x0000000722800000, 0x0000000722800000| Untracked 
| 243|0x0000000722a00000, 0x0000000722a00000, 0x0000000722c00000|  0%| F|  |TAMS 0x0000000722a00000, 0x0000000722a00000| Untracked 
| 244|0x0000000722c00000, 0x0000000722c00000, 0x0000000722e00000|  0%| F|  |TAMS 0x0000000722c00000, 0x0000000722c00000| Untracked 
| 245|0x0000000722e00000, 0x0000000722e00000, 0x0000000723000000|  0%| F|  |TAMS 0x0000000722e00000, 0x0000000722e00000| Untracked 
| 246|0x0000000723000000, 0x0000000723000000, 0x0000000723200000|  0%| F|  |TAMS 0x0000000723000000, 0x0000000723000000| Untracked 
| 247|0x0000000723200000, 0x0000000723200000, 0x0000000723400000|  0%| F|  |TAMS 0x0000000723200000, 0x0000000723200000| Untracked 
| 248|0x0000000723400000, 0x0000000723400000, 0x0000000723600000|  0%| F|  |TAMS 0x0000000723400000, 0x0000000723400000| Untracked 
| 249|0x0000000723600000, 0x0000000723600000, 0x0000000723800000|  0%| F|  |TAMS 0x0000000723600000, 0x0000000723600000| Untracked 
| 250|0x0000000723800000, 0x0000000723800000, 0x0000000723a00000|  0%| F|  |TAMS 0x0000000723800000, 0x0000000723800000| Untracked 
| 251|0x0000000723a00000, 0x0000000723a00000, 0x0000000723c00000|  0%| F|  |TAMS 0x0000000723a00000, 0x0000000723a00000| Untracked 
| 252|0x0000000723c00000, 0x0000000723c00000, 0x0000000723e00000|  0%| F|  |TAMS 0x0000000723c00000, 0x0000000723c00000| Untracked 
| 253|0x0000000723e00000, 0x0000000723e00000, 0x0000000724000000|  0%| F|  |TAMS 0x0000000723e00000, 0x0000000723e00000| Untracked 
| 254|0x0000000724000000, 0x0000000724000000, 0x0000000724200000|  0%| F|  |TAMS 0x0000000724000000, 0x0000000724000000| Untracked 
| 255|0x0000000724200000, 0x0000000724200000, 0x0000000724400000|  0%| F|  |TAMS 0x0000000724200000, 0x0000000724200000| Untracked 
| 256|0x0000000724400000, 0x0000000724400000, 0x0000000724600000|  0%| F|  |TAMS 0x0000000724400000, 0x0000000724400000| Untracked 
| 257|0x0000000724600000, 0x0000000724600000, 0x0000000724800000|  0%| F|  |TAMS 0x0000000724600000, 0x0000000724600000| Untracked 
| 258|0x0000000724800000, 0x0000000724800000, 0x0000000724a00000|  0%| F|  |TAMS 0x0000000724800000, 0x0000000724800000| Untracked 
| 259|0x0000000724a00000, 0x0000000724a00000, 0x0000000724c00000|  0%| F|  |TAMS 0x0000000724a00000, 0x0000000724a00000| Untracked 
| 260|0x0000000724c00000, 0x0000000724c00000, 0x0000000724e00000|  0%| F|  |TAMS 0x0000000724c00000, 0x0000000724c00000| Untracked 
| 261|0x0000000724e00000, 0x0000000724e00000, 0x0000000725000000|  0%| F|  |TAMS 0x0000000724e00000, 0x0000000724e00000| Untracked 
| 262|0x0000000725000000, 0x0000000725000000, 0x0000000725200000|  0%| F|  |TAMS 0x0000000725000000, 0x0000000725000000| Untracked 
| 263|0x0000000725200000, 0x0000000725200000, 0x0000000725400000|  0%| F|  |TAMS 0x0000000725200000, 0x0000000725200000| Untracked 
| 264|0x0000000725400000, 0x0000000725400000, 0x0000000725600000|  0%| F|  |TAMS 0x0000000725400000, 0x0000000725400000| Untracked 
| 265|0x0000000725600000, 0x0000000725600000, 0x0000000725800000|  0%| F|  |TAMS 0x0000000725600000, 0x0000000725600000| Untracked 
| 266|0x0000000725800000, 0x0000000725800000, 0x0000000725a00000|  0%| F|  |TAMS 0x0000000725800000, 0x0000000725800000| Untracked 
| 267|0x0000000725a00000, 0x0000000725a00000, 0x0000000725c00000|  0%| F|  |TAMS 0x0000000725a00000, 0x0000000725a00000| Untracked 
| 268|0x0000000725c00000, 0x0000000725c00000, 0x0000000725e00000|  0%| F|  |TAMS 0x0000000725c00000, 0x0000000725c00000| Untracked 
| 269|0x0000000725e00000, 0x0000000725e00000, 0x0000000726000000|  0%| F|  |TAMS 0x0000000725e00000, 0x0000000725e00000| Untracked 
| 270|0x0000000726000000, 0x0000000726000000, 0x0000000726200000|  0%| F|  |TAMS 0x0000000726000000, 0x0000000726000000| Untracked 
| 271|0x0000000726200000, 0x0000000726200000, 0x0000000726400000|  0%| F|  |TAMS 0x0000000726200000, 0x0000000726200000| Untracked 
| 272|0x0000000726400000, 0x0000000726400000, 0x0000000726600000|  0%| F|  |TAMS 0x0000000726400000, 0x0000000726400000| Untracked 
| 273|0x0000000726600000, 0x0000000726600000, 0x0000000726800000|  0%| F|  |TAMS 0x0000000726600000, 0x0000000726600000| Untracked 
| 274|0x0000000726800000, 0x0000000726800000, 0x0000000726a00000|  0%| F|  |TAMS 0x0000000726800000, 0x0000000726800000| Untracked 
| 275|0x0000000726a00000, 0x0000000726a00000, 0x0000000726c00000|  0%| F|  |TAMS 0x0000000726a00000, 0x0000000726a00000| Untracked 
| 276|0x0000000726c00000, 0x0000000726c00000, 0x0000000726e00000|  0%| F|  |TAMS 0x0000000726c00000, 0x0000000726c00000| Untracked 
| 277|0x0000000726e00000, 0x0000000726e00000, 0x0000000727000000|  0%| F|  |TAMS 0x0000000726e00000, 0x0000000726e00000| Untracked 
| 278|0x0000000727000000, 0x0000000727000000, 0x0000000727200000|  0%| F|  |TAMS 0x0000000727000000, 0x0000000727000000| Untracked 
| 279|0x0000000727200000, 0x0000000727200000, 0x0000000727400000|  0%| F|  |TAMS 0x0000000727200000, 0x0000000727200000| Untracked 
| 280|0x0000000727400000, 0x0000000727400000, 0x0000000727600000|  0%| F|  |TAMS 0x0000000727400000, 0x0000000727400000| Untracked 
| 281|0x0000000727600000, 0x0000000727600000, 0x0000000727800000|  0%| F|  |TAMS 0x0000000727600000, 0x0000000727600000| Untracked 
| 282|0x0000000727800000, 0x0000000727800000, 0x0000000727a00000|  0%| F|  |TAMS 0x0000000727800000, 0x0000000727800000| Untracked 
| 283|0x0000000727a00000, 0x0000000727a00000, 0x0000000727c00000|  0%| F|  |TAMS 0x0000000727a00000, 0x0000000727a00000| Untracked 
| 284|0x0000000727c00000, 0x0000000727c00000, 0x0000000727e00000|  0%| F|  |TAMS 0x0000000727c00000, 0x0000000727c00000| Untracked 
| 285|0x0000000727e00000, 0x0000000727e00000, 0x0000000728000000|  0%| F|  |TAMS 0x0000000727e00000, 0x0000000727e00000| Untracked 
| 286|0x0000000728000000, 0x0000000728000000, 0x0000000728200000|  0%| F|  |TAMS 0x0000000728000000, 0x0000000728000000| Untracked 
| 287|0x0000000728200000, 0x0000000728200000, 0x0000000728400000|  0%| F|  |TAMS 0x0000000728200000, 0x0000000728200000| Untracked 
| 288|0x0000000728400000, 0x0000000728400000, 0x0000000728600000|  0%| F|  |TAMS 0x0000000728400000, 0x0000000728400000| Untracked 
| 289|0x0000000728600000, 0x0000000728600000, 0x0000000728800000|  0%| F|  |TAMS 0x0000000728600000, 0x0000000728600000| Untracked 
| 290|0x0000000728800000, 0x0000000728800000, 0x0000000728a00000|  0%| F|  |TAMS 0x0000000728800000, 0x0000000728800000| Untracked 
| 291|0x0000000728a00000, 0x0000000728a00000, 0x0000000728c00000|  0%| F|  |TAMS 0x0000000728a00000, 0x0000000728a00000| Untracked 
| 292|0x0000000728c00000, 0x0000000728c00000, 0x0000000728e00000|  0%| F|  |TAMS 0x0000000728c00000, 0x0000000728c00000| Untracked 
| 293|0x0000000728e00000, 0x0000000728e00000, 0x0000000729000000|  0%| F|  |TAMS 0x0000000728e00000, 0x0000000728e00000| Untracked 
| 294|0x0000000729000000, 0x0000000729000000, 0x0000000729200000|  0%| F|  |TAMS 0x0000000729000000, 0x0000000729000000| Untracked 
| 295|0x0000000729200000, 0x0000000729200000, 0x0000000729400000|  0%| F|  |TAMS 0x0000000729200000, 0x0000000729200000| Untracked 
| 296|0x0000000729400000, 0x0000000729400000, 0x0000000729600000|  0%| F|  |TAMS 0x0000000729400000, 0x0000000729400000| Untracked 
| 297|0x0000000729600000, 0x0000000729600000, 0x0000000729800000|  0%| F|  |TAMS 0x0000000729600000, 0x0000000729600000| Untracked 
| 298|0x0000000729800000, 0x0000000729800000, 0x0000000729a00000|  0%| F|  |TAMS 0x0000000729800000, 0x0000000729800000| Untracked 
| 299|0x0000000729a00000, 0x0000000729a00000, 0x0000000729c00000|  0%| F|  |TAMS 0x0000000729a00000, 0x0000000729a00000| Untracked 
| 300|0x0000000729c00000, 0x0000000729c00000, 0x0000000729e00000|  0%| F|  |TAMS 0x0000000729c00000, 0x0000000729c00000| Untracked 
| 301|0x0000000729e00000, 0x0000000729e00000, 0x000000072a000000|  0%| F|  |TAMS 0x0000000729e00000, 0x0000000729e00000| Untracked 
| 302|0x000000072a000000, 0x000000072a000000, 0x000000072a200000|  0%| F|  |TAMS 0x000000072a000000, 0x000000072a000000| Untracked 
| 303|0x000000072a200000, 0x000000072a200000, 0x000000072a400000|  0%| F|  |TAMS 0x000000072a200000, 0x000000072a200000| Untracked 
| 304|0x000000072a400000, 0x000000072a400000, 0x000000072a600000|  0%| F|  |TAMS 0x000000072a400000, 0x000000072a400000| Untracked 
| 305|0x000000072a600000, 0x000000072a600000, 0x000000072a800000|  0%| F|  |TAMS 0x000000072a600000, 0x000000072a600000| Untracked 
| 306|0x000000072a800000, 0x000000072a800000, 0x000000072aa00000|  0%| F|  |TAMS 0x000000072a800000, 0x000000072a800000| Untracked 
| 307|0x000000072aa00000, 0x000000072aa00000, 0x000000072ac00000|  0%| F|  |TAMS 0x000000072aa00000, 0x000000072aa00000| Untracked 
| 308|0x000000072ac00000, 0x000000072ac00000, 0x000000072ae00000|  0%| F|  |TAMS 0x000000072ac00000, 0x000000072ac00000| Untracked 
| 309|0x000000072ae00000, 0x000000072ae00000, 0x000000072b000000|  0%| F|  |TAMS 0x000000072ae00000, 0x000000072ae00000| Untracked 
| 310|0x000000072b000000, 0x000000072b000000, 0x000000072b200000|  0%| F|  |TAMS 0x000000072b000000, 0x000000072b000000| Untracked 
| 311|0x000000072b200000, 0x000000072b200000, 0x000000072b400000|  0%| F|  |TAMS 0x000000072b200000, 0x000000072b200000| Untracked 
| 312|0x000000072b400000, 0x000000072b400000, 0x000000072b600000|  0%| F|  |TAMS 0x000000072b400000, 0x000000072b400000| Untracked 

Card table byte_map: [0x0000027ffa4d0000,0x0000027ffacb0000] _byte_map_base: 0x0000027ff6cae000

Marking Bits (Prev, Next): (CMBitMap*) 0x0000027ff201d530, (CMBitMap*) 0x0000027ff201d4f0
 Prev Bits: [0x0000027f80000000, 0x0000027f83ef0000)
 Next Bits: [0x0000027ffb490000, 0x0000027fff380000)

Polling page: 0x0000027ff2080000

Metaspace:

Usage:
  Non-class:     29.74 MB used.
      Class:      4.42 MB used.
       Both:     34.16 MB used.

Virtual space:
  Non-class space:       32.00 MB reserved,      29.88 MB ( 93%) committed,  4 nodes.
      Class space:        1.00 GB reserved,       4.56 MB ( <1%) committed,  1 nodes.
             Both:        1.03 GB reserved,      34.44 MB (  3%) committed. 

Chunk freelists:
   Non-Class:  1.69 MB
       Class:  3.39 MB
        Both:  5.08 MB

MaxMetaspaceSize: unlimited
CompressedClassSpaceSize: 1.00 GB
Initial GC threshold: 21.00 MB
Current GC threshold: 35.25 MB
CDS: off
MetaspaceReclaimPolicy: balanced
 - commit_granule_bytes: 65536.
 - commit_granule_words: 8192.
 - virtual_space_node_default_size: 1048576.
 - enlarge_chunks_in_place: 1.
 - new_chunks_are_fully_committed: 0.
 - uncommit_free_chunks: 1.
 - use_allocation_guard: 0.
 - handle_deallocations: 1.


Internal statistics:

num_allocs_failed_limit: 3.
num_arena_births: 298.
num_arena_deaths: 0.
num_vsnodes_births: 5.
num_vsnodes_deaths: 0.
num_space_committed: 551.
num_space_uncommitted: 0.
num_chunks_returned_to_freelist: 3.
num_chunks_taken_from_freelist: 1265.
num_chunk_merges: 3.
num_chunk_splits: 876.
num_chunks_enlarged: 697.
num_purges: 0.
num_inconsistent_stats: 0.

CodeCache: size=49152Kb used=9294Kb max_used=9294Kb free=39857Kb
 bounds [0x0000027ff6410000, 0x0000027ff6d30000, 0x0000027ff9410000]
 total_blobs=4298 nmethods=3770 adapters=452
 compilation: enabled
              stopped_count=0, restarted_count=0
 full_count=0

Compilation events (20 events):
Event: 10.139 Thread 0x0000027f86a990a0 nmethod 3761 0x0000027ff6d1b790 code [0x0000027ff6d1b920, 0x0000027ff6d1b9f8]
Event: 10.139 Thread 0x0000027f86867c20 3762       1       nonapi.io.github.classgraph.types.Parser::appendToToken (10 bytes)
Event: 10.139 Thread 0x0000027f8738e420 nmethod 3760 0x0000027ff6d1ba90 code [0x0000027ff6d1bc20, 0x0000027ff6d1bd18]
Event: 10.139 Thread 0x0000027f86867c20 nmethod 3762 0x0000027ff6d1be10 code [0x0000027ff6d1bfa0, 0x0000027ff6d1c088]
Event: 10.139 Thread 0x0000027f86867c20 3763       1       io.github.classgraph.Classfile::readAnnotationElementValue (527 bytes)
Event: 10.139 Thread 0x0000027f8738e420 3764       1       io.github.classgraph.ObjectTypedValueWrapper::<init> (498 bytes)
Event: 10.139 Thread 0x0000027f8735e740 3765       1       io.github.classgraph.AnnotationParameterValue::<init> (22 bytes)
Event: 10.139 Thread 0x0000027f86a990a0 3766       1       io.github.classgraph.ObjectTypedValueWrapper::instantiateOrGet (416 bytes)
Event: 10.140 Thread 0x0000027f8735e740 nmethod 3765 0x0000027ff6d1c190 code [0x0000027ff6d1c340, 0x0000027ff6d1c568]
Event: 10.140 Thread 0x0000027f8735e740 3767       1       io.github.classgraph.Classfile::extendScanningUpwardsFromAnnotationParameterValues (166 bytes)
Event: 10.140 Thread 0x0000027f86a990a0 nmethod 3766 0x0000027ff6d1c610 code [0x0000027ff6d1c8e0, 0x0000027ff6d1d268]
Event: 10.140 Thread 0x0000027f86a990a0 3768       1       io.github.classgraph.AnnotationParameterValue::getValue (19 bytes)
Event: 10.141 Thread 0x0000027f8735e740 nmethod 3767 0x0000027ff6d1d510 code [0x0000027ff6d1d7a0, 0x0000027ff6d1dfc8]
Event: 10.141 Thread 0x0000027f86a990a0 nmethod 3768 0x0000027ff6d1e510 code [0x0000027ff6d1e6a0, 0x0000027ff6d1e7c8]
Event: 10.141 Thread 0x0000027f86a990a0 3769       1       io.github.classgraph.ObjectTypedValueWrapper::get (7 bytes)
Event: 10.141 Thread 0x0000027f8735e740 3770       1       io.github.classgraph.MethodInfoList::<init> (5 bytes)
Event: 10.141 Thread 0x0000027f86a990a0 nmethod 3769 0x0000027ff6d1e890 code [0x0000027ff6d1ea20, 0x0000027ff6d1eb08]
Event: 10.141 Thread 0x0000027f8735e740 nmethod 3770 0x0000027ff6d1eb90 code [0x0000027ff6d1ed20, 0x0000027ff6d1ee58]
Event: 10.141 Thread 0x0000027f8738e420 nmethod 3764 0x0000027ff6d1ef10 code [0x0000027ff6d1f300, 0x0000027ff6d210a8]
Event: 10.141 Thread 0x0000027f86867c20 nmethod 3763 0x0000027ff6d21690 code [0x0000027ff6d21b00, 0x0000027ff6d22f18]

GC Heap History (20 events):
Event: 8.760 GC heap after
{Heap after GC invocations=13 (full 0):
 garbage-first heap   total 153600K, used 57234K [0x0000000704400000, 0x0000000800000000)
  region size 2048K, 5 young (10240K), 5 survivors (10240K)
 Metaspace       used 34732K, committed 35072K, reserved 1081344K
  class space    used 4499K, committed 4672K, reserved 1048576K
}
Event: 8.784 GC heap before
{Heap before GC invocations=13 (full 0):
 garbage-first heap   total 153600K, used 100242K [0x0000000704400000, 0x0000000800000000)
  region size 2048K, 27 young (55296K), 5 survivors (10240K)
 Metaspace       used 34764K, committed 35072K, reserved 1081344K
  class space    used 4508K, committed 4672K, reserved 1048576K
}
Event: 8.792 GC heap after
{Heap after GC invocations=14 (full 0):
 garbage-first heap   total 153600K, used 61846K [0x0000000704400000, 0x0000000800000000)
  region size 2048K, 2 young (4096K), 2 survivors (4096K)
 Metaspace       used 34764K, committed 35072K, reserved 1081344K
  class space    used 4508K, committed 4672K, reserved 1048576K
}
Event: 8.804 GC heap before
{Heap before GC invocations=14 (full 0):
 garbage-first heap   total 153600K, used 106902K [0x0000000704400000, 0x0000000800000000)
  region size 2048K, 25 young (51200K), 2 survivors (4096K)
 Metaspace       used 34817K, committed 35136K, reserved 1081344K
  class space    used 4509K, committed 4672K, reserved 1048576K
}
Event: 8.806 GC heap after
{Heap after GC invocations=15 (full 0):
 garbage-first heap   total 311296K, used 62773K [0x0000000704400000, 0x0000000800000000)
  region size 2048K, 2 young (4096K), 2 survivors (4096K)
 Metaspace       used 34817K, committed 35136K, reserved 1081344K
  class space    used 4509K, committed 4672K, reserved 1048576K
}
Event: 8.857 GC heap before
{Heap before GC invocations=15 (full 0):
 garbage-first heap   total 311296K, used 214325K [0x0000000704400000, 0x0000000800000000)
  region size 2048K, 77 young (157696K), 2 survivors (4096K)
 Metaspace       used 34848K, committed 35200K, reserved 1081344K
  class space    used 4513K, committed 4672K, reserved 1048576K
}
Event: 8.863 GC heap after
{Heap after GC invocations=16 (full 0):
 garbage-first heap   total 311296K, used 68900K [0x0000000704400000, 0x0000000800000000)
  region size 2048K, 5 young (10240K), 5 survivors (10240K)
 Metaspace       used 34848K, committed 35200K, reserved 1081344K
  class space    used 4513K, committed 4672K, reserved 1048576K
}
Event: 8.907 GC heap before
{Heap before GC invocations=16 (full 0):
 garbage-first heap   total 311296K, used 232740K [0x0000000704400000, 0x0000000800000000)
  region size 2048K, 86 young (176128K), 5 survivors (10240K)
 Metaspace       used 34848K, committed 35200K, reserved 1081344K
  class space    used 4513K, committed 4672K, reserved 1048576K
}
Event: 8.913 GC heap after
{Heap after GC invocations=17 (full 0):
 garbage-first heap   total 311296K, used 75878K [0x0000000704400000, 0x0000000800000000)
  region size 2048K, 9 young (18432K), 9 survivors (18432K)
 Metaspace       used 34848K, committed 35200K, reserved 1081344K
  class space    used 4513K, committed 4672K, reserved 1048576K
}
Event: 8.960 GC heap before
{Heap before GC invocations=17 (full 0):
 garbage-first heap   total 311296K, used 239718K [0x0000000704400000, 0x0000000800000000)
  region size 2048K, 90 young (184320K), 9 survivors (18432K)
 Metaspace       used 34848K, committed 35200K, reserved 1081344K
  class space    used 4514K, committed 4672K, reserved 1048576K
}
Event: 8.969 GC heap after
{Heap after GC invocations=18 (full 0):
 garbage-first heap   total 311296K, used 83083K [0x0000000704400000, 0x0000000800000000)
  region size 2048K, 8 young (16384K), 8 survivors (16384K)
 Metaspace       used 34848K, committed 35200K, reserved 1081344K
  class space    used 4514K, committed 4672K, reserved 1048576K
}
Event: 9.015 GC heap before
{Heap before GC invocations=18 (full 0):
 garbage-first heap   total 311296K, used 242827K [0x0000000704400000, 0x0000000800000000)
  region size 2048K, 87 young (178176K), 8 survivors (16384K)
 Metaspace       used 34848K, committed 35200K, reserved 1081344K
  class space    used 4514K, committed 4672K, reserved 1048576K
}
Event: 9.024 GC heap after
{Heap after GC invocations=19 (full 0):
 garbage-first heap   total 641024K, used 89583K [0x0000000704400000, 0x0000000800000000)
  region size 2048K, 7 young (14336K), 7 survivors (14336K)
 Metaspace       used 34848K, committed 35200K, reserved 1081344K
  class space    used 4514K, committed 4672K, reserved 1048576K
}
Event: 9.146 GC heap before
{Heap before GC invocations=19 (full 0):
 garbage-first heap   total 641024K, used 456175K [0x0000000704400000, 0x0000000800000000)
  region size 2048K, 187 young (382976K), 7 survivors (14336K)
 Metaspace       used 34848K, committed 35200K, reserved 1081344K
  class space    used 4514K, committed 4672K, reserved 1048576K
}
Event: 9.156 GC heap after
{Heap after GC invocations=20 (full 0):
 garbage-first heap   total 641024K, used 103521K [0x0000000704400000, 0x0000000800000000)
  region size 2048K, 14 young (28672K), 14 survivors (28672K)
 Metaspace       used 34848K, committed 35200K, reserved 1081344K
  class space    used 4514K, committed 4672K, reserved 1048576K
}
Event: 9.249 GC heap before
{Heap before GC invocations=20 (full 0):
 garbage-first heap   total 641024K, used 455777K [0x0000000704400000, 0x0000000800000000)
  region size 2048K, 188 young (385024K), 14 survivors (28672K)
 Metaspace       used 34848K, committed 35200K, reserved 1081344K
  class space    used 4514K, committed 4672K, reserved 1048576K
}
Event: 9.262 GC heap after
{Heap after GC invocations=21 (full 0):
 garbage-first heap   total 641024K, used 124837K [0x0000000704400000, 0x0000000800000000)
  region size 2048K, 21 young (43008K), 21 survivors (43008K)
 Metaspace       used 34848K, committed 35200K, reserved 1081344K
  class space    used 4514K, committed 4672K, reserved 1048576K
}
Event: 9.852 GC heap before
{Heap before GC invocations=21 (full 0):
 garbage-first heap   total 641024K, used 462757K [0x0000000704400000, 0x0000000800000000)
  region size 2048K, 187 young (382976K), 21 survivors (43008K)
 Metaspace       used 34978K, committed 35264K, reserved 1081344K
  class space    used 4523K, committed 4672K, reserved 1048576K
}
Event: 9.868 GC heap after
{Heap after GC invocations=22 (full 0):
 garbage-first heap   total 641024K, used 142480K [0x0000000704400000, 0x0000000800000000)
  region size 2048K, 20 young (40960K), 20 survivors (40960K)
 Metaspace       used 34978K, committed 35264K, reserved 1081344K
  class space    used 4523K, committed 4672K, reserved 1048576K
}
Event: 10.192 GC heap before
{Heap before GC invocations=22 (full 0):
 garbage-first heap   total 641024K, used 482448K [0x0000000704400000, 0x0000000800000000)
  region size 2048K, 187 young (382976K), 20 survivors (40960K)
 Metaspace       used 34978K, committed 35264K, reserved 1081344K
  class space    used 4523K, committed 4672K, reserved 1048576K
}

Deoptimization events (14 events):
Event: 5.791 Thread 0x0000027ff1fb1db0 DEOPT PACKING pc=0x0000027ff69500f9 sp=0x000000a5dbefcfc0
Event: 5.791 Thread 0x0000027ff1fb1db0 DEOPT UNPACKING pc=0x0000027ff6466763 sp=0x000000a5dbefc4a0 mode 3
Event: 7.925 Thread 0x0000027f87dd4040 DEOPT PACKING pc=0x0000027ff6a65355 sp=0x000000a5ddbfe3c0
Event: 7.925 Thread 0x0000027f87dd4040 DEOPT UNPACKING pc=0x0000027ff6466763 sp=0x000000a5ddbfd8d8 mode 3
Event: 7.989 Thread 0x0000027ff1fb1db0 DEOPT PACKING pc=0x0000027ff6ac1cf9 sp=0x000000a5dbefc530
Event: 7.989 Thread 0x0000027ff1fb1db0 DEOPT UNPACKING pc=0x0000027ff6466763 sp=0x000000a5dbefba10 mode 3
Event: 7.997 Thread 0x0000027f87dd4040 DEOPT PACKING pc=0x0000027ff6afe813 sp=0x000000a5ddbfe870
Event: 7.997 Thread 0x0000027f87dd4040 DEOPT UNPACKING pc=0x0000027ff6466763 sp=0x000000a5ddbfddb8 mode 3
Event: 8.236 Thread 0x0000027f87c015a0 DEOPT PACKING pc=0x0000027ff694ea89 sp=0x000000a5ddefed60
Event: 8.236 Thread 0x0000027f87c015a0 DEOPT UNPACKING pc=0x0000027ff6466763 sp=0x000000a5ddefe1f0 mode 3
Event: 8.541 Thread 0x0000027f87e81620 DEOPT PACKING pc=0x0000027ff6c9e7ed sp=0x000000a5deffd6f0
Event: 8.541 Thread 0x0000027f87e81620 DEOPT UNPACKING pc=0x0000027ff6466763 sp=0x000000a5deffcc18 mode 3
Event: 8.670 Thread 0x0000027f87dd13c0 DEOPT PACKING pc=0x0000027ff694949f sp=0x000000a5de5ff360
Event: 8.670 Thread 0x0000027f87dd13c0 DEOPT UNPACKING pc=0x0000027ff6466763 sp=0x000000a5de5fe7b8 mode 3

Classes unloaded (0 events):
No events

Classes redefined (0 events):
No events

Internal exceptions (20 events):
Event: 8.041 Thread 0x0000027f87c015a0 Exception <a 'sun/nio/fs/WindowsException'{0x0000000713e5b8e8}> (0x0000000713e5b8e8) 
thrown [s\src\hotspot\share\prims\jni.cpp, line 516]
Event: 8.041 Thread 0x0000027f87c015a0 Exception <a 'sun/nio/fs/WindowsException'{0x0000000713e5bc98}> (0x0000000713e5bc98) 
thrown [s\src\hotspot\share\prims\jni.cpp, line 516]
Event: 8.042 Thread 0x0000027f87c015a0 Exception <a 'sun/nio/fs/WindowsException'{0x0000000713e5c698}> (0x0000000713e5c698) 
thrown [s\src\hotspot\share\prims\jni.cpp, line 516]
Event: 8.042 Thread 0x0000027f87c015a0 Exception <a 'sun/nio/fs/WindowsException'{0x0000000713e5ca58}> (0x0000000713e5ca58) 
thrown [s\src\hotspot\share\prims\jni.cpp, line 516]
Event: 8.042 Thread 0x0000027f87c015a0 Exception <a 'sun/nio/fs/WindowsException'{0x0000000713e5d480}> (0x0000000713e5d480) 
thrown [s\src\hotspot\share\prims\jni.cpp, line 516]
Event: 8.042 Thread 0x0000027f87c015a0 Exception <a 'sun/nio/fs/WindowsException'{0x0000000713e5d860}> (0x0000000713e5d860) 
thrown [s\src\hotspot\share\prims\jni.cpp, line 516]
Event: 8.042 Thread 0x0000027f87c015a0 Exception <a 'sun/nio/fs/WindowsException'{0x0000000713f9b528}> (0x0000000713f9b528) 
thrown [s\src\hotspot\share\prims\jni.cpp, line 516]
Event: 8.042 Thread 0x0000027f87c015a0 Exception <a 'sun/nio/fs/WindowsException'{0x0000000713f9b918}> (0x0000000713f9b918) 
thrown [s\src\hotspot\share\prims\jni.cpp, line 516]
Event: 8.042 Thread 0x0000027f87c015a0 Exception <a 'sun/nio/fs/WindowsException'{0x0000000713f9c340}> (0x0000000713f9c340) 
thrown [s\src\hotspot\share\prims\jni.cpp, line 516]
Event: 8.042 Thread 0x0000027f87c015a0 Exception <a 'sun/nio/fs/WindowsException'{0x0000000713f9c730}> (0x0000000713f9c730) 
thrown [s\src\hotspot\share\prims\jni.cpp, line 516]
Event: 8.263 Thread 0x0000027ff1fb1db0 Exception <a 'java/lang/NoSuchMethodError'{0x000000070d2ba4e0}: 'java.lang.Object java.lang.invoke.DirectMethodHandle$Holder.newInvokeSpecial(java.lang.Object, java.lang.Object, int, java.lang.Object, java.lang.Object)'> (0x000000070d2ba4e0) 
thrown [s\src\hotspot\share\interpreter\linkResolver.cpp, line 759]
Event: 8.535 Thread 0x0000027f87e81620 Exception <a 'java/lang/NoSuchMethodError'{0x000000070c9f6660}: 'java.lang.Object java.lang.invoke.DirectMethodHandle$Holder.invokeStatic(java.lang.Object, int, java.lang.Object)'> (0x000000070c9f6660) 
thrown [s\src\hotspot\share\interpreter\linkResolver.cpp, line 759]
Event: 8.625 Thread 0x0000027f87e81620 Exception <a 'java/lang/NoSuchMethodError'{0x000000070c3a00d8}: 'int java.lang.invoke.DirectMethodHandle$Holder.invokeStatic(java.lang.Object)'> (0x000000070c3a00d8) 
thrown [s\src\hotspot\share\interpreter\linkResolver.cpp, line 759]
Event: 8.625 Thread 0x0000027f87e81620 Exception <a 'java/lang/NoSuchMethodError'{0x000000070c3a38a8}: 'int java.lang.invoke.DirectMethodHandle$Holder.invokeStaticInit(java.lang.Object)'> (0x000000070c3a38a8) 
thrown [s\src\hotspot\share\interpreter\linkResolver.cpp, line 759]
Event: 8.638 Thread 0x0000027f87e7f470 Exception <a 'java/lang/NoSuchMethodError'{0x000000070c07f090}: 'int java.lang.invoke.DirectMethodHandle$Holder.invokeVirtual(java.lang.Object, java.lang.Object)'> (0x000000070c07f090) 
thrown [s\src\hotspot\share\interpreter\linkResolver.cpp, line 759]
Event: 9.620 Thread 0x0000027f87dd0ef0 Exception <a 'sun/nio/fs/WindowsException'{0x000000072727aad0}> (0x000000072727aad0) 
thrown [s\src\hotspot\share\prims\jni.cpp, line 516]
Event: 9.620 Thread 0x0000027f87dd0ef0 Exception <a 'sun/nio/fs/WindowsException'{0x000000072727aea0}> (0x000000072727aea0) 
thrown [s\src\hotspot\share\prims\jni.cpp, line 516]
Event: 9.962 Thread 0x0000027f87dd13c0 Exception <a 'sun/nio/fs/WindowsException'{0x0000000725ae49c8}> (0x0000000725ae49c8) 
thrown [s\src\hotspot\share\prims\jni.cpp, line 516]
Event: 9.962 Thread 0x0000027f87dd13c0 Exception <a 'sun/nio/fs/WindowsException'{0x0000000725ae4e98}> (0x0000000725ae4e98) 
thrown [s\src\hotspot\share\prims\jni.cpp, line 516]
Event: 10.192 Thread 0x0000027f87e807b0 Exception <a 'sun/nio/fs/WindowsException'{0x0000000716fee868}> (0x0000000716fee868) 
thrown [s\src\hotspot\share\prims\jni.cpp, line 516]

VM Operations (20 events):
Event: 8.913 Executing VM operation: G1CollectForAllocation done
Event: 8.959 Executing VM operation: G1CollectForAllocation
Event: 8.960 Executing VM operation: G1CollectForAllocation done
Event: 8.960 Executing VM operation: G1CollectForAllocation
Event: 8.969 Executing VM operation: G1CollectForAllocation done
Event: 9.014 Executing VM operation: G1CollectForAllocation
Event: 9.015 Executing VM operation: G1CollectForAllocation done
Event: 9.015 Executing VM operation: G1CollectForAllocation
Event: 9.024 Executing VM operation: G1CollectForAllocation done
Event: 9.146 Executing VM operation: G1CollectForAllocation
Event: 9.146 Executing VM operation: G1CollectForAllocation done
Event: 9.146 Executing VM operation: G1CollectForAllocation
Event: 9.156 Executing VM operation: G1CollectForAllocation done
Event: 9.248 Executing VM operation: G1CollectForAllocation
Event: 9.249 Executing VM operation: G1CollectForAllocation done
Event: 9.249 Executing VM operation: G1CollectForAllocation
Event: 9.262 Executing VM operation: G1CollectForAllocation done
Event: 9.852 Executing VM operation: G1CollectForAllocation
Event: 9.868 Executing VM operation: G1CollectForAllocation done
Event: 10.192 Executing VM operation: G1CollectForAllocation

Events (20 events):
Event: 8.555 loading class java/util/concurrent/atomic/AtomicLongFieldUpdater done
Event: 8.555 loading class java/util/concurrent/atomic/AtomicLongFieldUpdater$CASUpdater
Event: 8.555 loading class java/util/concurrent/atomic/AtomicLongFieldUpdater$CASUpdater done
Event: 8.555 loading class java/util/concurrent/atomic/AtomicLongFieldUpdater$CASUpdater$1
Event: 8.555 loading class java/util/concurrent/atomic/AtomicLongFieldUpdater$CASUpdater$1 done
Event: 8.630 Thread 0x0000027f87e81af0 Thread added: 0x0000027f87e81af0
Event: 8.634 loading class java/util/concurrent/CompletionException
Event: 8.634 loading class java/util/concurrent/CompletionException done
Event: 8.640 loading class java/io/PrintWriter
Event: 8.640 loading class java/io/PrintWriter done
Event: 8.642 loading class sun/nio/cs/StringUTF16
Event: 8.642 loading class sun/nio/cs/StringUTF16 done
Event: 8.643 loading class java/util/WeakHashMap$EntrySet
Event: 8.643 loading class java/util/WeakHashMap$EntrySet done
Event: 8.643 loading class java/util/WeakHashMap$EntryIterator
Event: 8.643 loading class java/util/WeakHashMap$HashIterator
Event: 8.643 loading class java/util/WeakHashMap$HashIterator done
Event: 8.643 loading class java/util/WeakHashMap$EntryIterator done
Event: 9.276 loading class sun/nio/fs/WindowsChannelFactory$2
Event: 9.276 loading class sun/nio/fs/WindowsChannelFactory$2 done


Dynamic libraries:
0x00007ff7c1560000 - 0x00007ff7c156e000 	c:\Users\zckxw\.vscode\extensions\redhat.java-1.10.0-win32-x64\jre\17.0.4-win32-x86_64\bin\java.exe
0x00007ffc40310000 - 0x00007ffc40508000 	C:\WINDOWS\SYSTEM32\ntdll.dll
0x00007ffc3e8a0000 - 0x00007ffc3e95d000 	C:\WINDOWS\System32\KERNEL32.DLL
0x00007ffc3dc70000 - 0x00007ffc3df3e000 	C:\WINDOWS\System32\KERNELBASE.dll
0x00007ffc3a820000 - 0x00007ffc3a8b0000 	C:\WINDOWS\SYSTEM32\apphelp.dll
0x00007ffc3dae0000 - 0x00007ffc3dbe0000 	C:\WINDOWS\System32\ucrtbase.dll
0x00007ffc23dc0000 - 0x00007ffc23dd9000 	c:\Users\zckxw\.vscode\extensions\redhat.java-1.10.0-win32-x64\jre\17.0.4-win32-x86_64\bin\VCRUNTIME140.dll
0x00007ffc23e00000 - 0x00007ffc23e18000 	c:\Users\zckxw\.vscode\extensions\redhat.java-1.10.0-win32-x64\jre\17.0.4-win32-x86_64\bin\jli.dll
0x00007ffc3e420000 - 0x00007ffc3e5c0000 	C:\WINDOWS\System32\USER32.dll
0x00007ffc3df40000 - 0x00007ffc3df62000 	C:\WINDOWS\System32\win32u.dll
0x00007ffc3f1e0000 - 0x00007ffc3f20a000 	C:\WINDOWS\System32\GDI32.dll
0x00007ffc3dfa0000 - 0x00007ffc3e0ab000 	C:\WINDOWS\System32\gdi32full.dll
0x00007ffc3e280000 - 0x00007ffc3e31d000 	C:\WINDOWS\System32\msvcp_win.dll
0x00007ffc28750000 - 0x00007ffc289ea000 	C:\WINDOWS\WinSxS\amd64_microsoft.windows.common-controls_6595b64144ccf1df_6.0.19041.1110_none_60b5254171f9507e\COMCTL32.dll
0x00007ffc3f280000 - 0x00007ffc3f31e000 	C:\WINDOWS\System32\msvcrt.dll
0x00007ffc3ea20000 - 0x00007ffc3ea50000 	C:\WINDOWS\System32\IMM32.DLL
0x00007ffc31830000 - 0x00007ffc3183c000 	c:\Users\zckxw\.vscode\extensions\redhat.java-1.10.0-win32-x64\jre\17.0.4-win32-x86_64\bin\vcruntime140_1.dll
0x00007ffc06220000 - 0x00007ffc062b1000 	c:\Users\zckxw\.vscode\extensions\redhat.java-1.10.0-win32-x64\jre\17.0.4-win32-x86_64\bin\msvcp140.dll
0x00007ffb9a6e0000 - 0x00007ffb9b326000 	c:\Users\zckxw\.vscode\extensions\redhat.java-1.10.0-win32-x64\jre\17.0.4-win32-x86_64\bin\server\jvm.dll
0x00007ffc3ec40000 - 0x00007ffc3ecee000 	C:\WINDOWS\System32\ADVAPI32.dll
0x00007ffc3e380000 - 0x00007ffc3e41c000 	C:\WINDOWS\System32\sechost.dll
0x00007ffc3e5c0000 - 0x00007ffc3e6e5000 	C:\WINDOWS\System32\RPCRT4.dll
0x00007ffc3f550000 - 0x00007ffc3f558000 	C:\WINDOWS\System32\PSAPI.DLL
0x00007ffc298c0000 - 0x00007ffc298c9000 	C:\WINDOWS\SYSTEM32\WSOCK32.dll
0x00007ffc3b890000 - 0x00007ffc3b8b7000 	C:\WINDOWS\SYSTEM32\WINMM.dll
0x00007ffc3f210000 - 0x00007ffc3f27b000 	C:\WINDOWS\System32\WS2_32.dll
0x00007ffc33110000 - 0x00007ffc3311a000 	C:\WINDOWS\SYSTEM32\VERSION.dll
0x00007ffc3c2b0000 - 0x00007ffc3c2c2000 	C:\WINDOWS\SYSTEM32\kernel.appcore.dll
0x00007ffc28e20000 - 0x00007ffc28e2a000 	c:\Users\zckxw\.vscode\extensions\redhat.java-1.10.0-win32-x64\jre\17.0.4-win32-x86_64\bin\jimage.dll
0x00007ffc3b670000 - 0x00007ffc3b854000 	C:\WINDOWS\SYSTEM32\DBGHELP.DLL
0x00007ffc3b860000 - 0x00007ffc3b88c000 	C:\WINDOWS\SYSTEM32\dbgcore.DLL
0x00007ffc3dbe0000 - 0x00007ffc3dc62000 	C:\WINDOWS\System32\bcryptPrimitives.dll
0x00007ffc15090000 - 0x00007ffc150b5000 	c:\Users\zckxw\.vscode\extensions\redhat.java-1.10.0-win32-x64\jre\17.0.4-win32-x86_64\bin\java.dll
0x00007ffc1d880000 - 0x00007ffc1d898000 	c:\Users\zckxw\.vscode\extensions\redhat.java-1.10.0-win32-x64\jre\17.0.4-win32-x86_64\bin\zip.dll
0x00007ffc3fa30000 - 0x00007ffc40173000 	C:\WINDOWS\System32\SHELL32.dll
0x00007ffc3bb00000 - 0x00007ffc3c295000 	C:\WINDOWS\SYSTEM32\windows.storage.dll
0x00007ffc3ed50000 - 0x00007ffc3f0a4000 	C:\WINDOWS\System32\combase.dll
0x00007ffc3d490000 - 0x00007ffc3d4c0000 	C:\WINDOWS\SYSTEM32\Wldp.dll
0x00007ffc3f400000 - 0x00007ffc3f4ad000 	C:\WINDOWS\System32\SHCORE.dll
0x00007ffc3e9c0000 - 0x00007ffc3ea15000 	C:\WINDOWS\System32\shlwapi.dll
0x00007ffc3d970000 - 0x00007ffc3d98f000 	C:\WINDOWS\SYSTEM32\profapi.dll
0x00007ffc1b3b0000 - 0x00007ffc1b3c9000 	C:\Users\zckxw\.vscode\extensions\redhat.java-1.10.0-win32-x64\jre\17.0.4-win32-x86_64\bin\net.dll
0x00007ffc38250000 - 0x00007ffc3835a000 	C:\WINDOWS\SYSTEM32\WINHTTP.dll
0x00007ffc3d1f0000 - 0x00007ffc3d25a000 	C:\WINDOWS\system32\mswsock.dll
0x00007ffc23de0000 - 0x00007ffc23df5000 	C:\Users\zckxw\.vscode\extensions\redhat.java-1.10.0-win32-x64\jre\17.0.4-win32-x86_64\bin\nio.dll
0x00007ffc23ca0000 - 0x00007ffc23cb0000 	c:\Users\zckxw\.vscode\extensions\redhat.java-1.10.0-win32-x64\jre\17.0.4-win32-x86_64\bin\verify.dll
0x00007ffc31230000 - 0x00007ffc31239000 	C:\Users\zckxw\.vscode\extensions\redhat.java-1.10.0-win32-x64\jre\17.0.4-win32-x86_64\bin\management.dll
0x00007ffc31220000 - 0x00007ffc3122b000 	C:\Users\zckxw\.vscode\extensions\redhat.java-1.10.0-win32-x64\jre\17.0.4-win32-x86_64\bin\management_ext.dll
0x00007ffc24750000 - 0x00007ffc24767000 	C:\WINDOWS\system32\napinsp.dll
0x00007ffc24730000 - 0x00007ffc2474b000 	C:\WINDOWS\system32\pnrpnsp.dll
0x00007ffc381f0000 - 0x00007ffc38205000 	C:\WINDOWS\system32\wshbth.dll
0x00007ffc38220000 - 0x00007ffc3823d000 	C:\WINDOWS\system32\NLAapi.dll
0x00007ffc3ce90000 - 0x00007ffc3cecb000 	C:\WINDOWS\SYSTEM32\IPHLPAPI.DLL
0x00007ffc3cf20000 - 0x00007ffc3cfea000 	C:\WINDOWS\SYSTEM32\DNSAPI.dll
0x00007ffc3e370000 - 0x00007ffc3e378000 	C:\WINDOWS\System32\NSI.dll
0x00007ffc1f2f0000 - 0x00007ffc1f302000 	C:\WINDOWS\System32\winrnr.dll
0x00007ffc33770000 - 0x00007ffc3377a000 	C:\Windows\System32\rasadhlp.dll
0x00007ffc32c10000 - 0x00007ffc32c90000 	C:\WINDOWS\System32\fwpuclnt.dll
0x00007ffc3df70000 - 0x00007ffc3df97000 	C:\WINDOWS\System32\bcrypt.dll
0x00007ffc3d3e0000 - 0x00007ffc3d3f8000 	C:\WINDOWS\SYSTEM32\CRYPTSP.dll
0x00007ffc3cb00000 - 0x00007ffc3cb34000 	C:\WINDOWS\system32\rsaenh.dll
0x00007ffc3d930000 - 0x00007ffc3d95e000 	C:\WINDOWS\SYSTEM32\USERENV.dll
0x00007ffc3d400000 - 0x00007ffc3d40c000 	C:\WINDOWS\SYSTEM32\CRYPTBASE.dll
0x00007ffc33c60000 - 0x00007ffc33c77000 	C:\WINDOWS\SYSTEM32\dhcpcsvc6.DLL
0x00007ffc33c40000 - 0x00007ffc33c5d000 	C:\WINDOWS\SYSTEM32\dhcpcsvc.DLL

dbghelp: loaded successfully - version: 4.0.5 - missing functions: none
symbol engine: initialized successfully - sym options: 0x614 - pdb path: .;c:\Users\zckxw\.vscode\extensions\redhat.java-1.10.0-win32-x64\jre\17.0.4-win32-x86_64\bin;C:\WINDOWS\SYSTEM32;C:\WINDOWS\WinSxS\amd64_microsoft.windows.common-controls_6595b64144ccf1df_6.0.19041.1110_none_60b5254171f9507e;c:\Users\zckxw\.vscode\extensions\redhat.java-1.10.0-win32-x64\jre\17.0.4-win32-x86_64\bin\server

VM Arguments:
jvm_args: -Dsts.lsp.client=vscode -Dsts.log.file=/dev/null -XX:TieredStopAtLevel=1 -Dspring.config.location=file:c:\Users\zckxw\.vscode\extensions\pivotal.vscode-spring-boot-1.38.0\language-server\BOOT-INF\classes\application.properties 
java_command: org.springframework.ide.vscode.boot.app.BootLanguageServerBootApp
java_class_path (initial): c:\Users\zckxw\.vscode\extensions\pivotal.vscode-spring-boot-1.38.0\language-server\BOOT-INF\classes;c:\Users\zckxw\.vscode\extensions\pivotal.vscode-spring-boot-1.38.0\language-server\BOOT-INF\lib\annotations-23.0.0.jar;c:\Users\zckxw\.vscode\extensions\pivotal.vscode-spring-boot-1.38.0\language-server\BOOT-INF\lib\antlr-runtime-3.5.2.jar;c:\Users\zckxw\.vscode\extensions\pivotal.vscode-spring-boot-1.38.0\language-server\BOOT-INF\lib\antlr4-4.9.3.jar;c:\Users\zckxw\.vscode\extensions\pivotal.vscode-spring-boot-1.38.0\language-server\BOOT-INF\lib\antlr4-runtime-4.9.3.jar;c:\Users\zckxw\.vscode\extensions\pivotal.vscode-spring-boot-1.38.0\language-server\BOOT-INF\lib\asm-9.3.jar;c:\Users\zckxw\.vscode\extensions\pivotal.vscode-spring-boot-1.38.0\language-server\BOOT-INF\lib\asm-analysis-9.3.jar;c:\Users\zckxw\.vscode\extensions\pivotal.vscode-spring-boot-1.38.0\language-server\BOOT-INF\lib\asm-tree-9.3.jar;c:\Users\zckxw\.vscode\extensions\pivotal.vscode-spring-boot-1.38.0\language-server\BOOT-INF\lib\asm-util-9.3.jar;c:\Users\zckxw\.vscode\extensions\pivotal.vscode-spring-boot-1.38.0\language-server\BOOT-INF\lib\byte-buddy-1.10.18.jar;c:\Users\zckxw\.vscode\extensions\pivotal.vscode-spring-boot-1.38.0\language-server\BOOT-INF\lib\caffeine-2.8.6.jar;c:\Users\zckxw\.vscode\extensions\pivotal.vscode-spring-boot-1.38.0\language-server\BOOT-INF\lib\checker-qual-3.12.0.jar;c:\Users\zckxw\.vscode\extensions\pivotal.vscode-spring-boot-1.38.0\language-server\BOOT-INF\lib\classgraph-4.8.149.jar;c:\Users\zckxw\.vscode\extensions\pivotal.vscode-spring-boot-1.38.0\language-server\BOOT-INF\lib\commons-codec-1.14.jar;c:\Users\zckxw\.vscode\extensions\pivotal.vscode-spring-boot-1.38.0\language-server\BOOT-INF\lib\commons-compress-1.21.jar;c:\Users\zckxw\.vscode\extensions\pivotal.vscode-spring-boot-1.38.0\language-server\BOOT-INF\lib\commons-exec-1.3.jar;c:\Users\zckxw\.vscode\extensions\pivotal.vscode-spring-boot-1.38.0\language-server\BOOT-INF\lib\com
Launcher Type: SUN_STANDARD

[Global flags]
     intx CICompilerCount                          = 4                                         {product} {ergonomic}
     uint ConcGCThreads                            = 2                                         {product} {ergonomic}
     uint G1ConcRefinementThreads                  = 8                                         {product} {ergonomic}
   size_t G1HeapRegionSize                         = 2097152                                   {product} {ergonomic}
    uintx GCDrainStackTargetSize                   = 64                                        {product} {ergonomic}
   size_t InitialHeapSize                          = 264241152                                 {product} {ergonomic}
   size_t MarkStackSize                            = 4194304                                   {product} {ergonomic}
   size_t MaxHeapSize                              = 4223664128                                {product} {ergonomic}
   size_t MaxNewSize                               = 2533359616                                {product} {ergonomic}
   size_t MinHeapDeltaBytes                        = 2097152                                   {product} {ergonomic}
   size_t MinHeapSize                              = 8388608                                   {product} {ergonomic}
    uintx NonProfiledCodeHeapSize                  = 0                                      {pd product} {ergonomic}
     bool ProfileInterpreter                       = false                                  {pd product} {command line}
    uintx ProfiledCodeHeapSize                     = 0                                      {pd product} {ergonomic}
   size_t SoftMaxHeapSize                          = 4223664128                             {manageable} {ergonomic}
     intx TieredStopAtLevel                        = 1                                         {product} {command line}
     bool UseCompressedClassPointers               = true                           {product lp64_product} {ergonomic}
     bool UseCompressedOops                        = true                           {product lp64_product} {ergonomic}
     bool UseG1GC                                  = true                                      {product} {ergonomic}
     bool UseLargePagesIndividualAllocation        = false                                  {pd product} {ergonomic}

Logging:
Log output configuration:
 #0: stdout all=warning uptime,level,tags
 #1: stderr all=off uptime,level,tags

Environment Variables:
JAVA_HOME=C:\ldwdev\jdk-11.0.15.1
PATH=C:\Program Files (x86)\NetSarang\Xshell 6\;C:\WINDOWS\system32;C:\WINDOWS;C:\WINDOWS\System32\Wbem;C:\WINDOWS\System32\WindowsPowerShell\v1.0\;C:\WINDOWS\System32\OpenSSH\;C:\Program Files\Git\cmd;C:\ldwdev\jdk-11.0.15.1\bin;C:\ldwdev\apache-maven-3.6.3\bin;C:\Program Files\MySQL\MySQL Server 8.0\bin;C:\Program Files\dotnet\;C:\Program Files (x86)\NetSarang\Xshell 7\;D:\OpenSSL-Win64\bin;C:\ProgramData\chocolatey\bin;C:\Program Files\MongoDB\Server\6.0\bin;C:\Users\zckxw\AppData\Roaming\nvm;C:\Program Files\nodejs;C:\Program Files\MySQL\MySQL Shell 8.0\bin\;C:\Users\zckxw\AppData\Local\Microsoft\WindowsApps;C:\Program Files\Bandizip\;C:\Users\zckxw\AppData\Local\Programs\Microsoft VS Code\bin;C:\Users\zckxw\.dotnet\tools;C:\Users\zckxw\AppData\Roaming\npm;C:\Users\zckxw\AppData\Roaming\nvm;C:\Program Files\nodejs
USERNAME=zckxw
OS=Windows_NT
PROCESSOR_IDENTIFIER=Intel64 Family 6 Model 140 Stepping 1, GenuineIntel
TMP=C:\Users\zckxw\AppData\Local\Temp
TEMP=C:\Users\zckxw\AppData\Local\Temp



---------------  S Y S T E M  ---------------

OS:
 Windows 10 , 64 bit Build 19041 (10.0.19041.1889)
OS uptime: 6 days 8:24 hours

CPU: total 8 (initial active 8) (4 cores per cpu, 2 threads per core) family 6 model 140 stepping 1 microcode 0xa4, cx8, cmov, fxsr, ht, mmx, 3dnowpref, sse, sse2, sse3, ssse3, sse4.1, sse4.2, popcnt, lzcnt, tsc, tscinvbit, avx, avx2, aes, erms, clmul, bmi1, bmi2, adx, avx512f, avx512dq, avx512cd, avx512bw, avx512vl, sha, fma, vzeroupper, avx512_vpopcntdq, avx512_vpclmulqdq, avx512_vaes, avx512_vnni, clflush, clflushopt, clwb, avx512_vbmi2, avx512_vbmi

Memory: 4k page, system-wide physical 16110M (1365M free)
TotalPageFile size 50940M (AvailPageFile size 240M)
current process WorkingSet (physical memory assigned to process): 764M, peak: 764M
current process commit charge ("private bytes"): 785M, peak: 1367M

vm_info: OpenJDK 64-Bit Server VM (17.0.4+8) for windows-amd64 JRE (17.0.4+8), built on Jul 19 2022 16:05:16 by "temurin" with MS VC++ 16.7 (VS2019)

END.
