#
# There is insufficient memory for the Java Runtime Environment to continue.
# Native memory allocation (malloc) failed to allocate 1048576 bytes for AllocateHeap
# Possible reasons:
#   The system is out of physical RAM or swap space
#   The process is running with CompressedOops enabled, and the Java Heap may be blocking the growth of the native heap
# Possible solutions:
#   Reduce memory load on the system
#   Increase physical memory or swap space
#   Check if swap backing store is full
#   Decrease Java heap size (-Xmx/-Xms)
#   Decrease number of Java threads
#   Decrease Java thread stack sizes (-Xss)
#   Set larger code cache with -XX:ReservedCodeCacheSize=
#   JVM is running with Zero Based Compressed Oops mode in which the Java heap is
#     placed in the first 32GB address space. The Java Heap base address is the
#     maximum limit for the native heap growth. Please use -XX:HeapBaseMinAddress
#     to set the Java Heap base and to place the Java Heap above 32GB virtual address.
# This output file may be truncated or incomplete.
#
#  Out of Memory Error (allocation.cpp:44), pid=32, tid=9968
#
# JRE version: OpenJDK Runtime Environment Temurin-17.0.4+8 (17.0.4+8) (build 17.0.4+8)
# Java VM: OpenJDK 64-Bit Server VM Temurin-17.0.4+8 (17.0.4+8, mixed mode, emulated-client, tiered, compressed oops, compressed class ptrs, g1 gc, windows-amd64)
# No core dump will be written. Minidumps are not enabled by default on client versions of Windows
#

---------------  S U M M A R Y ------------

Command Line: -Dsts.lsp.client=vscode -Dsts.log.file=/dev/null -XX:TieredStopAtLevel=1 -Dspring.config.location=file:c:\Users\zckxw\.vscode\extensions\pivotal.vscode-spring-boot-1.38.0\language-server\BOOT-INF\classes\application.properties org.springframework.ide.vscode.boot.app.BootLanguageServerBootApp

Host: 11th Gen Intel(R) Core(TM) i5-1135G7 @ 2.40GHz, 8 cores, 15G,  Windows 10 , 64 bit Build 19041 (10.0.19041.1889)
Time: Fri Sep 23 03:52:33 2022  Windows 10 , 64 bit Build 19041 (10.0.19041.1889) elapsed time: 35888.445767 seconds (0d 9h 58m 8s)

---------------  T H R E A D  ---------------

Current thread (0x0000018f6d81a5c0):  VMThread "VM Thread" [stack: 0x0000007825300000,0x0000007825400000] [id=9968]

Stack: [0x0000007825300000,0x0000007825400000]
Native frames: (J=compiled Java code, j=interpreted, Vv=VM code, C=native code)
V  [jvm.dll+0x67733a]
V  [jvm.dll+0x8323c4]
V  [jvm.dll+0x833b6e]
V  [jvm.dll+0x8341d3]
V  [jvm.dll+0x2455e5]
V  [jvm.dll+0xa6393]
V  [jvm.dll+0x2f57a3]
V  [jvm.dll+0x2f14b0]
V  [jvm.dll+0x2d9b97]
V  [jvm.dll+0x31cca7]
V  [jvm.dll+0x83867b]
V  [jvm.dll+0x8393b4]
V  [jvm.dll+0x8398cc]
V  [jvm.dll+0x839ca4]
V  [jvm.dll+0x839d70]
V  [jvm.dll+0x7e245a]
V  [jvm.dll+0x6761c5]
C  [ucrtbase.dll+0x21bb2]
C  [KERNEL32.DLL+0x17034]
C  [ntdll.dll+0x526a1]

VM_Operation (0x0000007826bfed50): G1CollectFull, mode: safepoint, requested by thread 0x0000018f6f899c30


---------------  P R O C E S S  ---------------

Threads class SMR info:
_java_thread_list=0x0000018f6f87ed70, length=16, elements={
0x0000018f6d832d80, 0x0000018f6d833930, 0x0000018f6d86d700, 0x0000018f6d86ddd0,
0x0000018f6d870790, 0x0000018f6d874470, 0x0000018f6d874de0, 0x0000018f6d8756e0,
0x0000018f6daaea60, 0x0000018f6dab5390, 0x0000018f6f899c30, 0x0000018f6f9797a0,
0x0000018f6f979c70, 0x0000018f6f9762b0, 0x0000018f6f976c50, 0x0000018f6f976780
}

Java Threads: ( => current thread )
  0x0000018f6d832d80 JavaThread "Reference Handler" daemon [_thread_blocked, id=9400, stack(0x0000007825400000,0x0000007825500000)]
  0x0000018f6d833930 JavaThread "Finalizer" daemon [_thread_blocked, id=17868, stack(0x0000007825500000,0x0000007825600000)]
  0x0000018f6d86d700 JavaThread "Signal Dispatcher" daemon [_thread_blocked, id=17024, stack(0x0000007825600000,0x0000007825700000)]
  0x0000018f6d86ddd0 JavaThread "Attach Listener" daemon [_thread_blocked, id=18156, stack(0x0000007825700000,0x0000007825800000)]
  0x0000018f6d870790 JavaThread "Service Thread" daemon [_thread_blocked, id=16112, stack(0x0000007825800000,0x0000007825900000)]
  0x0000018f6d874470 JavaThread "Monitor Deflation Thread" daemon [_thread_blocked, id=12164, stack(0x0000007825900000,0x0000007825a00000)]
  0x0000018f6d874de0 JavaThread "C1 CompilerThread0" daemon [_thread_blocked, id=27364, stack(0x0000007825a00000,0x0000007825b00000)]
  0x0000018f6d8756e0 JavaThread "Sweeper thread" daemon [_thread_blocked, id=21380, stack(0x0000007825b00000,0x0000007825c00000)]
  0x0000018f6daaea60 JavaThread "Notification Thread" daemon [_thread_blocked, id=3996, stack(0x0000007825f00000,0x0000007826000000)]
  0x0000018f6dab5390 JavaThread "Common-Cleaner" daemon [_thread_blocked, id=27464, stack(0x0000007826100000,0x0000007826200000)]
  0x0000018f6f899c30 JavaThread "pool-7-thread-1" [_thread_blocked, id=18884, stack(0x0000007826b00000,0x0000007826c00000)]
  0x0000018f6f9797a0 JavaThread "LanguageServerApp-lifecycle" [_thread_blocked, id=23860, stack(0x0000007827a00000,0x0000007827b00000)]
  0x0000018f6f979c70 JavaThread "DestroyJavaVM" [_thread_blocked, id=22428, stack(0x0000007824d00000,0x0000007824e00000)]
  0x0000018f6f9762b0 JavaThread "pool-8-thread-1" [_thread_in_native, id=19840, stack(0x0000007827b00000,0x0000007827c00000)]
  0x0000018f6f976c50 JavaThread "Simple-Language-Server main thread" daemon [_thread_blocked, id=4064, stack(0x0000007827d00000,0x0000007827e00000)]
  0x0000018f6f976780 JavaThread "parallel-1" daemon [_thread_blocked, id=17856, stack(0x0000007827e00000,0x0000007827f00000)]

Other Threads:
=>0x0000018f6d81a5c0 VMThread "VM Thread" [stack: 0x0000007825300000,0x0000007825400000] [id=9968]
  0x0000018f6daaef30 WatcherThread [stack: 0x0000007826000000,0x0000007826100000] [id=27236]
  0x0000018f5b15b6c0 GCTaskThread "GC Thread#0" [stack: 0x0000007824e00000,0x0000007824f00000] [id=11572]
  0x0000018f6e3d43a0 GCTaskThread "GC Thread#1" [stack: 0x0000007826200000,0x0000007826300000] [id=3316]
  0x0000018f6e3d5ea0 GCTaskThread "GC Thread#2" [stack: 0x0000007826300000,0x0000007826400000] [id=12512]
  0x0000018f6e3d6150 GCTaskThread "GC Thread#3" [stack: 0x0000007826400000,0x0000007826500000] [id=28252]
  0x0000018f6e3d6400 GCTaskThread "GC Thread#4" [stack: 0x0000007826500000,0x0000007826600000] [id=25752]
  0x0000018f6e3f3bf0 GCTaskThread "GC Thread#5" [stack: 0x0000007826600000,0x0000007826700000] [id=14940]
  0x0000018f6f0ee5b0 GCTaskThread "GC Thread#6" [stack: 0x0000007826800000,0x0000007826900000] [id=19920]
  0x0000018f6f0ee860 GCTaskThread "GC Thread#7" [stack: 0x0000007826900000,0x0000007826a00000] [id=24228]
  0x0000018f5b16c1c0 ConcurrentGCThread "G1 Main Marker" [stack: 0x0000007824f00000,0x0000007825000000] [id=25500]
  0x0000018f5b16dbe0 ConcurrentGCThread "G1 Conc#0" [stack: 0x0000007825000000,0x0000007825100000] [id=26564]
  0x0000018f6f2caeb0 ConcurrentGCThread "G1 Conc#1" [stack: 0x0000007826a00000,0x0000007826b00000] [id=22008]
  0x0000018f6cda64f0 ConcurrentGCThread "G1 Refine#0" [stack: 0x0000007825100000,0x0000007825200000] [id=19136]
  0x0000018f6f9ddc50 ConcurrentGCThread "G1 Refine#1" [stack: 0x0000007827c00000,0x0000007827d00000] [id=19868]
  0x0000018f71622c50 ConcurrentGCThread "G1 Refine#2" [stack: 0x0000007827f00000,0x0000007828000000] [id=13768]
  0x0000018f71607540 ConcurrentGCThread "G1 Refine#3" [stack: 0x0000007825e00000,0x0000007825f00000] [id=24164]
  0x0000018f715fa0f0 ConcurrentGCThread "G1 Refine#4" [stack: 0x0000007828000000,0x0000007828100000] [id=11040]
  0x0000018f6e0da070 ConcurrentGCThread "G1 Refine#5" [stack: 0x0000007825c00000,0x0000007825d00000] [id=27300]
  0x0000018f6cda6f10 ConcurrentGCThread "G1 Service" [stack: 0x0000007825200000,0x0000007825300000] [id=17980]

Threads with active compile tasks:

VM state: at safepoint (normal execution)

VM Mutex/Monitor currently owned by a thread:  ([mutex/lock_event])
[0x0000018f58e3ce50] Threads_lock - owner thread: 0x0000018f6d81a5c0
[0x0000018f5b0ee580] Heap_lock - owner thread: 0x0000018f6f899c30

Heap address: 0x0000000704400000, size: 4028 MB, Compressed Oops mode: Zero based, Oop shift amount: 3

CDS archive(s) not mapped
Compressed class space mapped at: 0x0000000800000000-0x0000000840000000, reserved size: 1073741824
Narrow klass base: 0x0000000800000000, Narrow klass shift: 0, Narrow klass range: 0x40000000

GC Precious Log:
 CPUs: 8 total, 8 available
 Memory: 16110M
 Large Page Support: Disabled
 NUMA Support: Disabled
 Compressed Oops: Enabled (Zero based)
 Heap Region Size: 2M
 Heap Min Capacity: 8M
 Heap Initial Capacity: 252M
 Heap Max Capacity: 4028M
 Pre-touch: Disabled
 Parallel Workers: 8
 Concurrent Workers: 2
 Concurrent Refinement Workers: 8
 Periodic GC: Disabled

Heap:
 garbage-first heap   total 81920K, used 23235K [0x0000000704400000, 0x0000000800000000)
  region size 2048K, 1 young (2048K), 0 survivors (0K)
 Metaspace       used 41391K, committed 41856K, reserved 1089536K
  class space    used 5764K, committed 5952K, reserved 1048576K

Heap Regions: E=young(eden), S=young(survivor), O=old, HS=humongous(starts), HC=humongous(continues), CS=collection set, F=free, OA=open archive, CA=closed archive, TAMS=top-at-mark-start (previous, next)
|   0|0x0000000704400000, 0x0000000704600000, 0x0000000704600000|100%| O|  |TAMS 0x0000000704600000, 0x0000000704400000| Untracked 
|   1|0x0000000704600000, 0x00000007047fffa8, 0x0000000704800000| 99%| O|  |TAMS 0x00000007047fffa8, 0x0000000704600000| Untracked 
|   2|0x0000000704800000, 0x0000000704a00000, 0x0000000704a00000|100%| O|  |TAMS 0x0000000704a00000, 0x0000000704800000| Untracked 
|   3|0x0000000704a00000, 0x0000000704bffbc0, 0x0000000704c00000| 99%| O|  |TAMS 0x0000000704bffbc0, 0x0000000704a00000| Untracked 
|   4|0x0000000704c00000, 0x0000000704dffff0, 0x0000000704e00000| 99%| O|  |TAMS 0x0000000704dffff0, 0x0000000704c00000| Untracked 
|   5|0x0000000704e00000, 0x0000000704ffffe8, 0x0000000705000000| 99%| O|  |TAMS 0x0000000704ffffe8, 0x0000000704e00000| Untracked 
|   6|0x0000000705000000, 0x00000007051ffff8, 0x0000000705200000| 99%| O|  |TAMS 0x00000007051ffff8, 0x0000000705000000| Untracked 
|   7|0x0000000705200000, 0x00000007052b3d20, 0x0000000705400000| 35%| O|  |TAMS 0x0000000705200000, 0x0000000705200000| Untracked 
|   8|0x0000000705400000, 0x00000007055fd688, 0x0000000705600000| 99%| O|  |TAMS 0x00000007055fd688, 0x0000000705400000| Untracked 
|   9|0x0000000705600000, 0x0000000705800000, 0x0000000705800000|100%| O|  |TAMS 0x0000000705800000, 0x0000000705600000| Untracked 
|  10|0x0000000705800000, 0x0000000705800048, 0x0000000705a00000|  0%| O|  |TAMS 0x0000000705800000, 0x0000000705800000| Untracked 
|  11|0x0000000705a00000, 0x0000000705c00000, 0x0000000705c00000|100%| O|  |TAMS 0x0000000705c00000, 0x0000000705a00000| Untracked 
|  12|0x0000000705c00000, 0x0000000705c00000, 0x0000000705e00000|  0%| F|  |TAMS 0x0000000705c00000, 0x0000000705c00000| Untracked 
|  13|0x0000000705e00000, 0x0000000706000000, 0x0000000706000000|100%| O|  |TAMS 0x0000000706000000, 0x0000000705e00000| Untracked 
|  14|0x0000000706000000, 0x0000000706000000, 0x0000000706200000|  0%| F|  |TAMS 0x0000000706000000, 0x0000000706000000| Untracked 
|  15|0x0000000706200000, 0x0000000706200000, 0x0000000706400000|  0%| F|  |TAMS 0x0000000706200000, 0x0000000706200000| Untracked 
|  16|0x0000000706400000, 0x0000000706400000, 0x0000000706600000|  0%| F|  |TAMS 0x0000000706400000, 0x0000000706400000| Untracked 
|  17|0x0000000706600000, 0x0000000706600000, 0x0000000706800000|  0%| F|  |TAMS 0x0000000706600000, 0x0000000706600000| Untracked 
|  18|0x0000000706800000, 0x0000000706800000, 0x0000000706a00000|  0%| F|  |TAMS 0x0000000706800000, 0x0000000706800000| Untracked 
|  19|0x0000000706a00000, 0x0000000706a00000, 0x0000000706c00000|  0%| F|  |TAMS 0x0000000706a00000, 0x0000000706a00000| Untracked 
|  20|0x0000000706c00000, 0x0000000706c00000, 0x0000000706e00000|  0%| F|  |TAMS 0x0000000706c00000, 0x0000000706c00000| Untracked 
|  21|0x0000000706e00000, 0x0000000706e00000, 0x0000000707000000|  0%| F|  |TAMS 0x0000000706e00000, 0x0000000706e00000| Untracked 
|  22|0x0000000707000000, 0x0000000707000000, 0x0000000707200000|  0%| F|  |TAMS 0x0000000707000000, 0x0000000707000000| Untracked 
|  23|0x0000000707200000, 0x0000000707200000, 0x0000000707400000|  0%| F|  |TAMS 0x0000000707200000, 0x0000000707200000| Untracked 
|  24|0x0000000707400000, 0x0000000707400000, 0x0000000707600000|  0%| F|  |TAMS 0x0000000707400000, 0x0000000707400000| Untracked 
|  25|0x0000000707600000, 0x0000000707600000, 0x0000000707800000|  0%| F|  |TAMS 0x0000000707600000, 0x0000000707600000| Untracked 
|  26|0x0000000707800000, 0x0000000707800000, 0x0000000707a00000|  0%| F|  |TAMS 0x0000000707800000, 0x0000000707800000| Untracked 
|  27|0x0000000707a00000, 0x0000000707a00000, 0x0000000707c00000|  0%| F|  |TAMS 0x0000000707a00000, 0x0000000707a00000| Untracked 
|  28|0x0000000707c00000, 0x0000000707c00000, 0x0000000707e00000|  0%| F|  |TAMS 0x0000000707c00000, 0x0000000707c00000| Untracked 
|  29|0x0000000707e00000, 0x0000000707e00000, 0x0000000708000000|  0%| F|  |TAMS 0x0000000707e00000, 0x0000000707e00000| Untracked 
|  30|0x0000000708000000, 0x0000000708000000, 0x0000000708200000|  0%| F|  |TAMS 0x0000000708000000, 0x0000000708000000| Untracked 
|  31|0x0000000708200000, 0x0000000708200000, 0x0000000708400000|  0%| F|  |TAMS 0x0000000708200000, 0x0000000708200000| Untracked 
|  32|0x0000000708400000, 0x0000000708400000, 0x0000000708600000|  0%| F|  |TAMS 0x0000000708400000, 0x0000000708400000| Untracked 
|  33|0x0000000708600000, 0x0000000708600000, 0x0000000708800000|  0%| F|  |TAMS 0x0000000708600000, 0x0000000708600000| Untracked 
|  34|0x0000000708800000, 0x0000000708800000, 0x0000000708a00000|  0%| F|  |TAMS 0x0000000708800000, 0x0000000708800000| Untracked 
|  35|0x0000000708a00000, 0x0000000708a00000, 0x0000000708c00000|  0%| F|  |TAMS 0x0000000708a00000, 0x0000000708a00000| Untracked 
|  36|0x0000000708c00000, 0x0000000708c00000, 0x0000000708e00000|  0%| F|  |TAMS 0x0000000708c00000, 0x0000000708c00000| Untracked 
|  37|0x0000000708e00000, 0x0000000708e00000, 0x0000000709000000|  0%| F|  |TAMS 0x0000000708e00000, 0x0000000708e00000| Untracked 
|  38|0x0000000709000000, 0x0000000709000000, 0x0000000709200000|  0%| F|  |TAMS 0x0000000709000000, 0x0000000709000000| Untracked 
|  39|0x0000000709200000, 0x0000000709218988, 0x0000000709400000|  4%| E|  |TAMS 0x0000000709200000, 0x0000000709200000| Complete 

Card table byte_map: [0x0000018f61670000,0x0000018f61e50000] _byte_map_base: 0x0000018f5de4e000

Marking Bits (Prev, Next): (CMBitMap*) 0x0000018f5b15bcd0, (CMBitMap*) 0x0000018f5b15bd10
 Prev Bits: [0x0000018f62630000, 0x0000018f66520000)
 Next Bits: [0x0000018f66520000, 0x0000018f6a410000)

Polling page: 0x0000018f59060000

Metaspace:

Usage:
  Non-class:     34.79 MB used.
      Class:      5.63 MB used.
       Both:     40.42 MB used.

Virtual space:
  Non-class space:       40.00 MB reserved,      35.06 MB ( 88%) committed,  5 nodes.
      Class space:        1.00 GB reserved,       5.81 MB ( <1%) committed,  1 nodes.
             Both:        1.04 GB reserved,      40.88 MB (  4%) committed. 

Chunk freelists:
   Non-Class:  903.00 KB
       Class:  2.27 MB
        Both:  3.16 MB

MaxMetaspaceSize: unlimited
CompressedClassSpaceSize: 1.00 GB
Initial GC threshold: 21.00 MB
Current GC threshold: 68.12 MB
CDS: off
MetaspaceReclaimPolicy: balanced
 - commit_granule_bytes: 65536.
 - commit_granule_words: 8192.
 - virtual_space_node_default_size: 1048576.
 - enlarge_chunks_in_place: 1.
 - new_chunks_are_fully_committed: 0.
 - uncommit_free_chunks: 1.
 - use_allocation_guard: 0.
 - handle_deallocations: 1.


Internal statistics:

num_allocs_failed_limit: 6.
num_arena_births: 384.
num_arena_deaths: 102.
num_vsnodes_births: 6.
num_vsnodes_deaths: 0.
num_space_committed: 654.
num_space_uncommitted: 0.
num_chunks_returned_to_freelist: 119.
num_chunks_taken_from_freelist: 1615.
num_chunk_merges: 44.
num_chunk_splits: 1144.
num_chunks_enlarged: 898.
num_purges: 6.
num_inconsistent_stats: 0.

CodeCache: size=49152Kb used=10891Kb max_used=12346Kb free=38260Kb
 bounds [0x0000018f5dd80000, 0x0000018f5e990000, 0x0000018f60d80000]
 total_blobs=6259 nmethods=5704 adapters=482
 compilation: enabled
              stopped_count=0, restarted_count=0
 full_count=0

Compilation events (20 events):
Event: 2701.154 Thread 0x0000018f6d874de0 5694       1       java.lang.ProcessImpl$2::run (5 bytes)
Event: 2701.154 Thread 0x0000018f6d874de0 nmethod 5694 0x0000018f5dfd6290 code [0x0000018f5dfd6420, 0x0000018f5dfd6508]
Event: 2701.154 Thread 0x0000018f6d874de0 5695       1       java.lang.ProcessImpl$2::run (242 bytes)
Event: 2701.155 Thread 0x0000018f6d874de0 nmethod 5695 0x0000018f5dfd4b90 code [0x0000018f5dfd4e40, 0x0000018f5dfd5c98]
Event: 2701.410 Thread 0x0000018f6d874de0 5696   !   1       java.io.FilterOutputStream::close (183 bytes)
Event: 2701.446 Thread 0x0000018f6d874de0 nmethod 5696 0x0000018f5dfd3a10 code [0x0000018f5dfd3c20, 0x0000018f5dfd4118]
Event: 2701.446 Thread 0x0000018f6d874de0 5697   !   1       java.io.FileOutputStream::close (69 bytes)
Event: 2701.447 Thread 0x0000018f6d874de0 nmethod 5697 0x0000018f5dfd3390 code [0x0000018f5dfd3560, 0x0000018f5dfd38d8]
Event: 2701.447 Thread 0x0000018f6d874de0 5701       1       java.lang.ProcessImpl$$Lambda$514/0x00000008002f9a48::run (8 bytes)
Event: 2701.447 Thread 0x0000018f6d874de0 nmethod 5701 0x0000018f5dfd3090 code [0x0000018f5dfd3220, 0x0000018f5dfd3308]
Event: 2701.447 Thread 0x0000018f6d874de0 5702       1       java.lang.ProcessImpl::lambda$new$0 (6 bytes)
Event: 2701.447 Thread 0x0000018f6d874de0 nmethod 5702 0x0000018f5dfd2d90 code [0x0000018f5dfd2f20, 0x0000018f5dfd2fe8]
Event: 2701.447 Thread 0x0000018f6d874de0 5698       1       java.io.FileOutputStream$1::<init> (10 bytes)
Event: 2701.447 Thread 0x0000018f6d874de0 nmethod 5698 0x0000018f5dfd2a90 code [0x0000018f5dfd2c20, 0x0000018f5dfd2d38]
Event: 2701.447 Thread 0x0000018f6d874de0 5699       1       java.io.FileOutputStream$1::close (11 bytes)
Event: 2701.447 Thread 0x0000018f6d874de0 nmethod 5699 0x0000018f5dfd2410 code [0x0000018f5dfd25c0, 0x0000018f5dfd28d8]
Event: 4024.985 Thread 0x0000018f6d874de0 5704       1       java.lang.ProcessImpl::waitFor (136 bytes)
Event: 4024.985 Thread 0x0000018f6d874de0 nmethod 5704 0x0000018f5dfd1790 code [0x0000018f5dfd19a0, 0x0000018f5dfd1db8]
Event: 35878.342 Thread 0x0000018f6d874de0 5706       1       java.lang.StringUTF16::inflate (42 bytes)
Event: 35878.342 Thread 0x0000018f6d874de0 nmethod 5706 0x0000018f5dfd1310 code [0x0000018f5dfd14a0, 0x0000018f5dfd1608]

GC Heap History (20 events):
Event: 35775.124 GC heap before
{Heap before GC invocations=3478 (full 3452):
 garbage-first heap   total 81920K, used 23235K [0x0000000704400000, 0x0000000800000000)
  region size 2048K, 1 young (2048K), 0 survivors (0K)
 Metaspace       used 41391K, committed 41856K, reserved 1089536K
  class space    used 5764K, committed 5952K, reserved 1048576K
}
Event: 35775.156 GC heap after
{Heap after GC invocations=3479 (full 3453):
 garbage-first heap   total 81920K, used 23235K [0x0000000704400000, 0x0000000800000000)
  region size 2048K, 0 young (0K), 0 survivors (0K)
 Metaspace       used 41391K, committed 41856K, reserved 1089536K
  class space    used 5764K, committed 5952K, reserved 1048576K
}
Event: 35785.608 GC heap before
{Heap before GC invocations=3479 (full 3453):
 garbage-first heap   total 81920K, used 23235K [0x0000000704400000, 0x0000000800000000)
  region size 2048K, 1 young (2048K), 0 survivors (0K)
 Metaspace       used 41391K, committed 41856K, reserved 1089536K
  class space    used 5764K, committed 5952K, reserved 1048576K
}
Event: 35785.655 GC heap after
{Heap after GC invocations=3480 (full 3454):
 garbage-first heap   total 81920K, used 23235K [0x0000000704400000, 0x0000000800000000)
  region size 2048K, 0 young (0K), 0 survivors (0K)
 Metaspace       used 41391K, committed 41856K, reserved 1089536K
  class space    used 5764K, committed 5952K, reserved 1048576K
}
Event: 35796.041 GC heap before
{Heap before GC invocations=3480 (full 3454):
 garbage-first heap   total 81920K, used 23235K [0x0000000704400000, 0x0000000800000000)
  region size 2048K, 1 young (2048K), 0 survivors (0K)
 Metaspace       used 41391K, committed 41856K, reserved 1089536K
  class space    used 5764K, committed 5952K, reserved 1048576K
}
Event: 35796.077 GC heap after
{Heap after GC invocations=3481 (full 3455):
 garbage-first heap   total 81920K, used 23235K [0x0000000704400000, 0x0000000800000000)
  region size 2048K, 0 young (0K), 0 survivors (0K)
 Metaspace       used 41391K, committed 41856K, reserved 1089536K
  class space    used 5764K, committed 5952K, reserved 1048576K
}
Event: 35806.397 GC heap before
{Heap before GC invocations=3481 (full 3455):
 garbage-first heap   total 81920K, used 23235K [0x0000000704400000, 0x0000000800000000)
  region size 2048K, 1 young (2048K), 0 survivors (0K)
 Metaspace       used 41391K, committed 41856K, reserved 1089536K
  class space    used 5764K, committed 5952K, reserved 1048576K
}
Event: 35806.432 GC heap after
{Heap after GC invocations=3482 (full 3456):
 garbage-first heap   total 81920K, used 23235K [0x0000000704400000, 0x0000000800000000)
  region size 2048K, 0 young (0K), 0 survivors (0K)
 Metaspace       used 41391K, committed 41856K, reserved 1089536K
  class space    used 5764K, committed 5952K, reserved 1048576K
}
Event: 35816.810 GC heap before
{Heap before GC invocations=3482 (full 3456):
 garbage-first heap   total 81920K, used 23235K [0x0000000704400000, 0x0000000800000000)
  region size 2048K, 1 young (2048K), 0 survivors (0K)
 Metaspace       used 41391K, committed 41856K, reserved 1089536K
  class space    used 5764K, committed 5952K, reserved 1048576K
}
Event: 35816.846 GC heap after
{Heap after GC invocations=3483 (full 3457):
 garbage-first heap   total 81920K, used 23235K [0x0000000704400000, 0x0000000800000000)
  region size 2048K, 0 young (0K), 0 survivors (0K)
 Metaspace       used 41391K, committed 41856K, reserved 1089536K
  class space    used 5764K, committed 5952K, reserved 1048576K
}
Event: 35827.099 GC heap before
{Heap before GC invocations=3483 (full 3457):
 garbage-first heap   total 81920K, used 23235K [0x0000000704400000, 0x0000000800000000)
  region size 2048K, 1 young (2048K), 0 survivors (0K)
 Metaspace       used 41391K, committed 41856K, reserved 1089536K
  class space    used 5764K, committed 5952K, reserved 1048576K
}
Event: 35827.125 GC heap after
{Heap after GC invocations=3484 (full 3458):
 garbage-first heap   total 81920K, used 23235K [0x0000000704400000, 0x0000000800000000)
  region size 2048K, 0 young (0K), 0 survivors (0K)
 Metaspace       used 41391K, committed 41856K, reserved 1089536K
  class space    used 5764K, committed 5952K, reserved 1048576K
}
Event: 35837.371 GC heap before
{Heap before GC invocations=3484 (full 3458):
 garbage-first heap   total 81920K, used 23235K [0x0000000704400000, 0x0000000800000000)
  region size 2048K, 1 young (2048K), 0 survivors (0K)
 Metaspace       used 41391K, committed 41856K, reserved 1089536K
  class space    used 5764K, committed 5952K, reserved 1048576K
}
Event: 35837.400 GC heap after
{Heap after GC invocations=3485 (full 3459):
 garbage-first heap   total 81920K, used 23235K [0x0000000704400000, 0x0000000800000000)
  region size 2048K, 0 young (0K), 0 survivors (0K)
 Metaspace       used 41391K, committed 41856K, reserved 1089536K
  class space    used 5764K, committed 5952K, reserved 1048576K
}
Event: 35847.673 GC heap before
{Heap before GC invocations=3485 (full 3459):
 garbage-first heap   total 81920K, used 23235K [0x0000000704400000, 0x0000000800000000)
  region size 2048K, 1 young (2048K), 0 survivors (0K)
 Metaspace       used 41391K, committed 41856K, reserved 1089536K
  class space    used 5764K, committed 5952K, reserved 1048576K
}
Event: 35847.702 GC heap after
{Heap after GC invocations=3486 (full 3460):
 garbage-first heap   total 81920K, used 23235K [0x0000000704400000, 0x0000000800000000)
  region size 2048K, 0 young (0K), 0 survivors (0K)
 Metaspace       used 41391K, committed 41856K, reserved 1089536K
  class space    used 5764K, committed 5952K, reserved 1048576K
}
Event: 35858.010 GC heap before
{Heap before GC invocations=3486 (full 3460):
 garbage-first heap   total 81920K, used 23235K [0x0000000704400000, 0x0000000800000000)
  region size 2048K, 1 young (2048K), 0 survivors (0K)
 Metaspace       used 41391K, committed 41856K, reserved 1089536K
  class space    used 5764K, committed 5952K, reserved 1048576K
}
Event: 35858.036 GC heap after
{Heap after GC invocations=3487 (full 3461):
 garbage-first heap   total 81920K, used 23235K [0x0000000704400000, 0x0000000800000000)
  region size 2048K, 0 young (0K), 0 survivors (0K)
 Metaspace       used 41391K, committed 41856K, reserved 1089536K
  class space    used 5764K, committed 5952K, reserved 1048576K
}
Event: 35868.298 GC heap before
{Heap before GC invocations=3487 (full 3461):
 garbage-first heap   total 81920K, used 23235K [0x0000000704400000, 0x0000000800000000)
  region size 2048K, 1 young (2048K), 0 survivors (0K)
 Metaspace       used 41391K, committed 41856K, reserved 1089536K
  class space    used 5764K, committed 5952K, reserved 1048576K
}
Event: 35868.324 GC heap after
{Heap after GC invocations=3488 (full 3462):
 garbage-first heap   total 81920K, used 23235K [0x0000000704400000, 0x0000000800000000)
  region size 2048K, 0 young (0K), 0 survivors (0K)
 Metaspace       used 41391K, committed 41856K, reserved 1089536K
  class space    used 5764K, committed 5952K, reserved 1048576K
}

Deoptimization events (20 events):
Event: 14.202 Thread 0x0000018f5b0f04a0 DEOPT PACKING pc=0x0000018f5e440479 sp=0x0000007824dfc390
Event: 14.202 Thread 0x0000018f5b0f04a0 DEOPT UNPACKING pc=0x0000018f5ddd6763 sp=0x0000007824dfb870 mode 3
Event: 14.324 Thread 0x0000018f6d9be720 DEOPT PACKING pc=0x0000018f5e49e113 sp=0x00000078267fe9d0
Event: 14.324 Thread 0x0000018f6d9be720 DEOPT UNPACKING pc=0x0000018f5ddd6763 sp=0x00000078267fdf18 mode 3
Event: 15.088 Thread 0x0000018f6f9753f0 DEOPT PACKING pc=0x0000018f5e2c9e09 sp=0x0000007826fff250
Event: 15.088 Thread 0x0000018f6f9753f0 DEOPT UNPACKING pc=0x0000018f5ddd6763 sp=0x0000007826ffe6e0 mode 3
Event: 15.692 Thread 0x0000018f6f978460 DEOPT PACKING pc=0x0000018f5e2c621f sp=0x00000078278ff040
Event: 15.692 Thread 0x0000018f6f978460 DEOPT UNPACKING pc=0x0000018f5ddd6763 sp=0x00000078278fe498 mode 3
Event: 16.072 Thread 0x0000018f6f976c50 DEOPT PACKING pc=0x0000018f5e61d7ed sp=0x0000007827dfdcc0
Event: 16.072 Thread 0x0000018f6f976c50 DEOPT UNPACKING pc=0x0000018f5ddd6763 sp=0x0000007827dfd1e8 mode 3
Event: 25.962 Thread 0x0000018f6d9be720 DEOPT PACKING pc=0x0000018f5e2a7ee2 sp=0x00000078267fda60
Event: 25.962 Thread 0x0000018f6d9be720 DEOPT UNPACKING pc=0x0000018f5ddd6763 sp=0x00000078267fcf68 mode 3
Event: 26.735 Thread 0x0000018f6d9be720 DEOPT PACKING pc=0x0000018f5e9453bc sp=0x00000078267fe2d0
Event: 26.735 Thread 0x0000018f6d9be720 DEOPT UNPACKING pc=0x0000018f5ddd6763 sp=0x00000078267fd7c8 mode 0
Event: 26.735 Thread 0x0000018f6d9be720 DEOPT PACKING pc=0x0000018f5e95e3b4 sp=0x00000078267fe3a0
Event: 26.735 Thread 0x0000018f6d9be720 DEOPT UNPACKING pc=0x0000018f5ddd6763 sp=0x00000078267fd878 mode 0
Event: 26.735 Thread 0x0000018f6d9be720 DEOPT PACKING pc=0x0000018f5e86ec7c sp=0x00000078267fe450
Event: 26.735 Thread 0x0000018f6d9be720 DEOPT UNPACKING pc=0x0000018f5ddd6763 sp=0x00000078267fd9d0 mode 0
Event: 26.736 Thread 0x0000018f6d9be720 DEOPT PACKING pc=0x0000018f5e932e9c sp=0x00000078267fe750
Event: 26.736 Thread 0x0000018f6d9be720 DEOPT UNPACKING pc=0x0000018f5ddd6763 sp=0x00000078267fdbe0 mode 0

Classes unloaded (20 events):
Event: 106.249 Thread 0x0000018f6d81a5c0 Unloading class 0x00000008005c3c00 'java/lang/invoke/LambdaForm$DMH+0x00000008005c3c00'
Event: 106.249 Thread 0x0000018f6d81a5c0 Unloading class 0x00000008005c2c00 'java/lang/invoke/LambdaForm$MH+0x00000008005c2c00'
Event: 106.249 Thread 0x0000018f6d81a5c0 Unloading class 0x00000008005c2800 'java/lang/invoke/LambdaForm$MH+0x00000008005c2800'
Event: 106.249 Thread 0x0000018f6d81a5c0 Unloading class 0x00000008005c2400 'java/lang/invoke/LambdaForm$MH+0x00000008005c2400'
Event: 106.249 Thread 0x0000018f6d81a5c0 Unloading class 0x00000008005c2000 'java/lang/invoke/LambdaForm$MH+0x00000008005c2000'
Event: 106.249 Thread 0x0000018f6d81a5c0 Unloading class 0x00000008005c1c00 'java/lang/invoke/LambdaForm$MH+0x00000008005c1c00'
Event: 106.249 Thread 0x0000018f6d81a5c0 Unloading class 0x00000008005c1800 'java/lang/invoke/LambdaForm$MH+0x00000008005c1800'
Event: 106.249 Thread 0x0000018f6d81a5c0 Unloading class 0x00000008005c0800 'jdk/internal/reflect/GeneratedConstructorAccessor26'
Event: 106.249 Thread 0x0000018f6d81a5c0 Unloading class 0x00000008005c0400 'jdk/internal/reflect/GeneratedConstructorAccessor25'
Event: 106.249 Thread 0x0000018f6d81a5c0 Unloading class 0x00000008005c0000 'jdk/internal/reflect/GeneratedConstructorAccessor24'
Event: 106.249 Thread 0x0000018f6d81a5c0 Unloading class 0x00000008005bdc00 'jdk/internal/reflect/GeneratedConstructorAccessor23'
Event: 106.249 Thread 0x0000018f6d81a5c0 Unloading class 0x00000008005bd800 'jdk/internal/reflect/GeneratedConstructorAccessor22'
Event: 106.249 Thread 0x0000018f6d81a5c0 Unloading class 0x00000008005bd400 'jdk/internal/reflect/GeneratedConstructorAccessor21'
Event: 106.249 Thread 0x0000018f6d81a5c0 Unloading class 0x00000008005bd000 'jdk/internal/reflect/GeneratedConstructorAccessor20'
Event: 106.249 Thread 0x0000018f6d81a5c0 Unloading class 0x00000008005bcc00 'jdk/internal/reflect/GeneratedConstructorAccessor19'
Event: 106.249 Thread 0x0000018f6d81a5c0 Unloading class 0x00000008005bc800 'jdk/internal/reflect/GeneratedConstructorAccessor18'
Event: 106.249 Thread 0x0000018f6d81a5c0 Unloading class 0x00000008005bc400 'jdk/internal/reflect/GeneratedConstructorAccessor17'
Event: 106.249 Thread 0x0000018f6d81a5c0 Unloading class 0x000000080057c000 'jdk/internal/reflect/GeneratedMethodAccessor28'
Event: 106.249 Thread 0x0000018f6d81a5c0 Unloading class 0x0000000800341400 'java/lang/invoke/LambdaForm$MH+0x0000000800341400'
Event: 106.249 Thread 0x0000018f6d81a5c0 Unloading class 0x00000008000c8000 'java/lang/invoke/LambdaForm$MH+0x00000008000c8000'

Classes redefined (0 events):
No events

Internal exceptions (20 events):
Event: 25.100 Thread 0x0000018f6f978e00 Exception <a 'sun/nio/fs/WindowsException'{0x000000072ab10980}> (0x000000072ab10980) 
thrown [s\src\hotspot\share\prims\jni.cpp, line 516]
Event: 25.100 Thread 0x0000018f6f978e00 Exception <a 'sun/nio/fs/WindowsException'{0x000000072ab11380}> (0x000000072ab11380) 
thrown [s\src\hotspot\share\prims\jni.cpp, line 516]
Event: 25.100 Thread 0x0000018f6f978e00 Exception <a 'sun/nio/fs/WindowsException'{0x000000072ab11730}> (0x000000072ab11730) 
thrown [s\src\hotspot\share\prims\jni.cpp, line 516]
Event: 25.101 Thread 0x0000018f6f978e00 Exception <a 'sun/nio/fs/WindowsException'{0x000000072ab12130}> (0x000000072ab12130) 
thrown [s\src\hotspot\share\prims\jni.cpp, line 516]
Event: 25.101 Thread 0x0000018f6f978e00 Exception <a 'sun/nio/fs/WindowsException'{0x000000072ab124f0}> (0x000000072ab124f0) 
thrown [s\src\hotspot\share\prims\jni.cpp, line 516]
Event: 25.101 Thread 0x0000018f6f978e00 Exception <a 'sun/nio/fs/WindowsException'{0x000000072ab12f18}> (0x000000072ab12f18) 
thrown [s\src\hotspot\share\prims\jni.cpp, line 516]
Event: 25.101 Thread 0x0000018f6f978e00 Exception <a 'sun/nio/fs/WindowsException'{0x000000072ab132f8}> (0x000000072ab132f8) 
thrown [s\src\hotspot\share\prims\jni.cpp, line 516]
Event: 25.101 Thread 0x0000018f6f978e00 Exception <a 'sun/nio/fs/WindowsException'{0x000000072ab13d30}> (0x000000072ab13d30) 
thrown [s\src\hotspot\share\prims\jni.cpp, line 516]
Event: 25.101 Thread 0x0000018f6f978e00 Exception <a 'sun/nio/fs/WindowsException'{0x000000072ab14120}> (0x000000072ab14120) 
thrown [s\src\hotspot\share\prims\jni.cpp, line 516]
Event: 25.102 Thread 0x0000018f6f978e00 Exception <a 'sun/nio/fs/WindowsException'{0x000000072ab14b48}> (0x000000072ab14b48) 
thrown [s\src\hotspot\share\prims\jni.cpp, line 516]
Event: 25.102 Thread 0x0000018f6f978e00 Exception <a 'sun/nio/fs/WindowsException'{0x000000072ab14f38}> (0x000000072ab14f38) 
thrown [s\src\hotspot\share\prims\jni.cpp, line 516]
Event: 25.113 Thread 0x0000018f6f978e00 Exception <a 'java/lang/NoSuchMethodError'{0x000000072ab1d4e8}: 'java.lang.Object java.lang.invoke.Invokers$Holder.invoke_MT(java.lang.Object, java.lang.Object, java.lang.Object)'> (0x000000072ab1d4e8) 
thrown [s\src\hotspot\share\interpreter\linkResolver.cpp, line 759]
Event: 25.506 Thread 0x0000018f6d9be720 Exception <a 'java/lang/NoSuchMethodError'{0x000000072aa75cd0}: 'void java.lang.invoke.DirectMethodHandle$Holder.invokeStatic(java.lang.Object, java.lang.Object, java.lang.Object, java.lang.Object, java.lang.Object, java.lang.Object)'> (0x000000072aa75cd0) 
thrown [s\src\hotspot\share\interpreter\linkResolver.cpp, line 759]
Event: 64.438 Thread 0x0000018f6f899c30 Exception <a 'java/lang/NoSuchMethodError'{0x000000071fab9530}: 'void java.lang.invoke.DirectMethodHandle$Holder.invokeStatic(java.lang.Object, long)'> (0x000000071fab9530) 
thrown [s\src\hotspot\share\interpreter\linkResolver.cpp, line 759]
Event: 64.439 Thread 0x0000018f6f899c30 Exception <a 'java/lang/NoSuchMethodError'{0x000000071fabe8d8}: 'java.lang.Object java.lang.invoke.DirectMethodHandle$Holder.newInvokeSpecial(java.lang.Object, long)'> (0x000000071fabe8d8) 
thrown [s\src\hotspot\share\interpreter\linkResolver.cpp, line 759]
Event: 64.442 Thread 0x0000018f6f899c30 Exception <a 'java/lang/NoSuchMethodError'{0x000000071fac5340}: 'java.lang.Object java.lang.invoke.DirectMethodHandle$Holder.invokeStatic(java.lang.Object, java.lang.Object, long, java.lang.Object)'> (0x000000071fac5340) 
thrown [s\src\hotspot\share\interpreter\linkResolver.cpp, line 759]
Event: 64.442 Thread 0x0000018f6f899c30 Exception <a 'java/lang/NoSuchMethodError'{0x000000071fac8b18}: 'java.lang.Object java.lang.invoke.DirectMethodHandle$Holder.invokeStaticInit(java.lang.Object, java.lang.Object, long, java.lang.Object)'> (0x000000071fac8b18) 
thrown [s\src\hotspot\share\interpreter\linkResolver.cpp, line 759]
Event: 64.442 Thread 0x0000018f6f899c30 Exception <a 'java/lang/NoSuchMethodError'{0x000000071facee48}: 'java.lang.Object java.lang.invoke.DirectMethodHandle$Holder.newInvokeSpecial(java.lang.Object, java.lang.Object, long)'> (0x000000071facee48) 
thrown [s\src\hotspot\share\interpreter\linkResolver.cpp, line 759]
Event: 64.443 Thread 0x0000018f6f899c30 Exception <a 'java/lang/NoSuchMethodError'{0x000000071fad29b8}: 'java.lang.Object java.lang.invoke.Invokers$Holder.linkToTargetMethod(java.lang.Object, long, java.lang.Object)'> (0x000000071fad29b8) 
thrown [s\src\hotspot\share\interpreter\linkResolver.cpp, line 759]
Event: 35878.340 Thread 0x0000018f6f899c30 Exception <a 'java/io/IOException'{0x0000000709200650}: CreateProcess error=1450, 시스템 리소스가 부족하기 때문에 요청한 서비스를 완성할 수 없습니다> (0x0000000709200650) 
thrown [s\src\hotspot\share\prims\jni.cpp, line 535]

VM Operations (20 events):
Event: 35785.656 Executing VM operation: G1CollectFull done
Event: 35796.041 Executing VM operation: G1CollectFull
Event: 35796.077 Executing VM operation: G1CollectFull done
Event: 35806.397 Executing VM operation: G1CollectFull
Event: 35806.432 Executing VM operation: G1CollectFull done
Event: 35816.810 Executing VM operation: G1CollectFull
Event: 35816.846 Executing VM operation: G1CollectFull done
Event: 35827.099 Executing VM operation: G1CollectFull
Event: 35827.125 Executing VM operation: G1CollectFull done
Event: 35837.371 Executing VM operation: G1CollectFull
Event: 35837.400 Executing VM operation: G1CollectFull done
Event: 35847.673 Executing VM operation: G1CollectFull
Event: 35847.702 Executing VM operation: G1CollectFull done
Event: 35858.010 Executing VM operation: G1CollectFull
Event: 35858.036 Executing VM operation: G1CollectFull done
Event: 35868.297 Executing VM operation: G1CollectFull
Event: 35868.324 Executing VM operation: G1CollectFull done
Event: 35878.414 Executing VM operation: Cleanup
Event: 35878.414 Executing VM operation: Cleanup done
Event: 35888.441 Executing VM operation: G1CollectFull

Events (20 events):
Event: 37.043 Thread 0x0000018f6f87f020 Thread exited: 0x0000018f6f87f020
Event: 64.415 loading class java/lang/ProcessBuilder
Event: 64.415 loading class java/lang/ProcessBuilder done
Event: 64.415 loading class java/lang/ProcessImpl
Event: 64.415 loading class java/lang/Process
Event: 64.416 loading class java/lang/Process done
Event: 64.416 loading class java/lang/ProcessImpl done
Event: 64.439 loading class java/lang/ProcessHandleImpl
Event: 64.440 loading class java/lang/ProcessHandle
Event: 64.441 loading class java/lang/ProcessHandle done
Event: 64.441 loading class java/lang/ProcessHandleImpl done
Event: 64.443 loading class java/lang/ProcessImpl$2
Event: 64.444 loading class java/lang/ProcessImpl$2 done
Event: 64.444 loading class java/lang/Process$PipeInputStream
Event: 64.444 loading class java/lang/Process$PipeInputStream done
Event: 64.446 loading class jdk/internal/event/ProcessStartEvent
Event: 64.447 loading class jdk/internal/event/ProcessStartEvent done
Event: 64.810 loading class java/io/FileOutputStream$1
Event: 64.810 loading class java/io/FileOutputStream$1 done
Event: 87.053 Thread 0x0000018f6d9be720 Thread exited: 0x0000018f6d9be720


Dynamic libraries:
0x00007ff7c1560000 - 0x00007ff7c156e000 	c:\Users\zckxw\.vscode\extensions\redhat.java-1.10.0-win32-x64\jre\17.0.4-win32-x86_64\bin\java.exe
0x00007ffc40310000 - 0x00007ffc40508000 	C:\WINDOWS\SYSTEM32\ntdll.dll
0x00007ffc3e8a0000 - 0x00007ffc3e95d000 	C:\WINDOWS\System32\KERNEL32.DLL
0x00007ffc3dc70000 - 0x00007ffc3df3e000 	C:\WINDOWS\System32\KERNELBASE.dll
0x00007ffc3a820000 - 0x00007ffc3a8b0000 	C:\WINDOWS\SYSTEM32\apphelp.dll
0x00007ffc3dae0000 - 0x00007ffc3dbe0000 	C:\WINDOWS\System32\ucrtbase.dll
0x00007ffc23e00000 - 0x00007ffc23e18000 	c:\Users\zckxw\.vscode\extensions\redhat.java-1.10.0-win32-x64\jre\17.0.4-win32-x86_64\bin\jli.dll
0x00007ffc3e420000 - 0x00007ffc3e5c0000 	C:\WINDOWS\System32\USER32.dll
0x00007ffc3df40000 - 0x00007ffc3df62000 	C:\WINDOWS\System32\win32u.dll
0x00007ffc3f1e0000 - 0x00007ffc3f20a000 	C:\WINDOWS\System32\GDI32.dll
0x00007ffc3dfa0000 - 0x00007ffc3e0ab000 	C:\WINDOWS\System32\gdi32full.dll
0x00007ffc3e280000 - 0x00007ffc3e31d000 	C:\WINDOWS\System32\msvcp_win.dll
0x00007ffc23dc0000 - 0x00007ffc23dd9000 	c:\Users\zckxw\.vscode\extensions\redhat.java-1.10.0-win32-x64\jre\17.0.4-win32-x86_64\bin\VCRUNTIME140.dll
0x00007ffc28750000 - 0x00007ffc289ea000 	C:\WINDOWS\WinSxS\amd64_microsoft.windows.common-controls_6595b64144ccf1df_6.0.19041.1110_none_60b5254171f9507e\COMCTL32.dll
0x00007ffc3f280000 - 0x00007ffc3f31e000 	C:\WINDOWS\System32\msvcrt.dll
0x00007ffc3ea20000 - 0x00007ffc3ea50000 	C:\WINDOWS\System32\IMM32.DLL
0x00007ffc31830000 - 0x00007ffc3183c000 	c:\Users\zckxw\.vscode\extensions\redhat.java-1.10.0-win32-x64\jre\17.0.4-win32-x86_64\bin\vcruntime140_1.dll
0x00007ffc06220000 - 0x00007ffc062b1000 	c:\Users\zckxw\.vscode\extensions\redhat.java-1.10.0-win32-x64\jre\17.0.4-win32-x86_64\bin\msvcp140.dll
0x00007ffb9a6e0000 - 0x00007ffb9b326000 	c:\Users\zckxw\.vscode\extensions\redhat.java-1.10.0-win32-x64\jre\17.0.4-win32-x86_64\bin\server\jvm.dll
0x00007ffc3ec40000 - 0x00007ffc3ecee000 	C:\WINDOWS\System32\ADVAPI32.dll
0x00007ffc3e380000 - 0x00007ffc3e41c000 	C:\WINDOWS\System32\sechost.dll
0x00007ffc3e5c0000 - 0x00007ffc3e6e5000 	C:\WINDOWS\System32\RPCRT4.dll
0x00007ffc3f550000 - 0x00007ffc3f558000 	C:\WINDOWS\System32\PSAPI.DLL
0x00007ffc298c0000 - 0x00007ffc298c9000 	C:\WINDOWS\SYSTEM32\WSOCK32.dll
0x00007ffc3f210000 - 0x00007ffc3f27b000 	C:\WINDOWS\System32\WS2_32.dll
0x00007ffc3b890000 - 0x00007ffc3b8b7000 	C:\WINDOWS\SYSTEM32\WINMM.dll
0x00007ffc33110000 - 0x00007ffc3311a000 	C:\WINDOWS\SYSTEM32\VERSION.dll
0x00007ffc3c2b0000 - 0x00007ffc3c2c2000 	C:\WINDOWS\SYSTEM32\kernel.appcore.dll
0x00007ffc28e20000 - 0x00007ffc28e2a000 	c:\Users\zckxw\.vscode\extensions\redhat.java-1.10.0-win32-x64\jre\17.0.4-win32-x86_64\bin\jimage.dll
0x00007ffc3b670000 - 0x00007ffc3b854000 	C:\WINDOWS\SYSTEM32\DBGHELP.DLL
0x00007ffc3b860000 - 0x00007ffc3b88c000 	C:\WINDOWS\SYSTEM32\dbgcore.DLL
0x00007ffc3dbe0000 - 0x00007ffc3dc62000 	C:\WINDOWS\System32\bcryptPrimitives.dll
0x00007ffc15090000 - 0x00007ffc150b5000 	c:\Users\zckxw\.vscode\extensions\redhat.java-1.10.0-win32-x64\jre\17.0.4-win32-x86_64\bin\java.dll
0x00007ffc1d880000 - 0x00007ffc1d898000 	c:\Users\zckxw\.vscode\extensions\redhat.java-1.10.0-win32-x64\jre\17.0.4-win32-x86_64\bin\zip.dll
0x00007ffc3fa30000 - 0x00007ffc40173000 	C:\WINDOWS\System32\SHELL32.dll
0x00007ffc3bb00000 - 0x00007ffc3c295000 	C:\WINDOWS\SYSTEM32\windows.storage.dll
0x00007ffc3ed50000 - 0x00007ffc3f0a4000 	C:\WINDOWS\System32\combase.dll
0x00007ffc3d490000 - 0x00007ffc3d4c0000 	C:\WINDOWS\SYSTEM32\Wldp.dll
0x00007ffc3f400000 - 0x00007ffc3f4ad000 	C:\WINDOWS\System32\SHCORE.dll
0x00007ffc3e9c0000 - 0x00007ffc3ea15000 	C:\WINDOWS\System32\shlwapi.dll
0x00007ffc3d970000 - 0x00007ffc3d98f000 	C:\WINDOWS\SYSTEM32\profapi.dll
0x00007ffc1b3b0000 - 0x00007ffc1b3c9000 	C:\Users\zckxw\.vscode\extensions\redhat.java-1.10.0-win32-x64\jre\17.0.4-win32-x86_64\bin\net.dll
0x00007ffc38250000 - 0x00007ffc3835a000 	C:\WINDOWS\SYSTEM32\WINHTTP.dll
0x00007ffc3d1f0000 - 0x00007ffc3d25a000 	C:\WINDOWS\system32\mswsock.dll
0x00007ffc23de0000 - 0x00007ffc23df5000 	C:\Users\zckxw\.vscode\extensions\redhat.java-1.10.0-win32-x64\jre\17.0.4-win32-x86_64\bin\nio.dll
0x00007ffc23ca0000 - 0x00007ffc23cb0000 	c:\Users\zckxw\.vscode\extensions\redhat.java-1.10.0-win32-x64\jre\17.0.4-win32-x86_64\bin\verify.dll
0x00007ffc31230000 - 0x00007ffc31239000 	C:\Users\zckxw\.vscode\extensions\redhat.java-1.10.0-win32-x64\jre\17.0.4-win32-x86_64\bin\management.dll
0x00007ffc31220000 - 0x00007ffc3122b000 	C:\Users\zckxw\.vscode\extensions\redhat.java-1.10.0-win32-x64\jre\17.0.4-win32-x86_64\bin\management_ext.dll
0x00007ffc24750000 - 0x00007ffc24767000 	C:\WINDOWS\system32\napinsp.dll
0x00007ffc24730000 - 0x00007ffc2474b000 	C:\WINDOWS\system32\pnrpnsp.dll
0x00007ffc381f0000 - 0x00007ffc38205000 	C:\WINDOWS\system32\wshbth.dll
0x00007ffc38220000 - 0x00007ffc3823d000 	C:\WINDOWS\system32\NLAapi.dll
0x00007ffc3ce90000 - 0x00007ffc3cecb000 	C:\WINDOWS\SYSTEM32\IPHLPAPI.DLL
0x00007ffc3cf20000 - 0x00007ffc3cfea000 	C:\WINDOWS\SYSTEM32\DNSAPI.dll
0x00007ffc3e370000 - 0x00007ffc3e378000 	C:\WINDOWS\System32\NSI.dll
0x00007ffc1f2f0000 - 0x00007ffc1f302000 	C:\WINDOWS\System32\winrnr.dll
0x00007ffc33770000 - 0x00007ffc3377a000 	C:\Windows\System32\rasadhlp.dll
0x00007ffc32c10000 - 0x00007ffc32c90000 	C:\WINDOWS\System32\fwpuclnt.dll
0x00007ffc3df70000 - 0x00007ffc3df97000 	C:\WINDOWS\System32\bcrypt.dll
0x00007ffc3d3e0000 - 0x00007ffc3d3f8000 	C:\WINDOWS\SYSTEM32\CRYPTSP.dll
0x00007ffc3cb00000 - 0x00007ffc3cb34000 	C:\WINDOWS\system32\rsaenh.dll
0x00007ffc3d930000 - 0x00007ffc3d95e000 	C:\WINDOWS\SYSTEM32\USERENV.dll
0x00007ffc3d400000 - 0x00007ffc3d40c000 	C:\WINDOWS\SYSTEM32\CRYPTBASE.dll
0x00007ffc33c60000 - 0x00007ffc33c77000 	C:\WINDOWS\SYSTEM32\dhcpcsvc6.DLL
0x00007ffc33c40000 - 0x00007ffc33c5d000 	C:\WINDOWS\SYSTEM32\dhcpcsvc.DLL

dbghelp: loaded successfully - version: 4.0.5 - missing functions: none
symbol engine: initialized successfully - sym options: 0x614 - pdb path: .;c:\Users\zckxw\.vscode\extensions\redhat.java-1.10.0-win32-x64\jre\17.0.4-win32-x86_64\bin;C:\WINDOWS\SYSTEM32;C:\WINDOWS\WinSxS\amd64_microsoft.windows.common-controls_6595b64144ccf1df_6.0.19041.1110_none_60b5254171f9507e;c:\Users\zckxw\.vscode\extensions\redhat.java-1.10.0-win32-x64\jre\17.0.4-win32-x86_64\bin\server

VM Arguments:
jvm_args: -Dsts.lsp.client=vscode -Dsts.log.file=/dev/null -XX:TieredStopAtLevel=1 -Dspring.config.location=file:c:\Users\zckxw\.vscode\extensions\pivotal.vscode-spring-boot-1.38.0\language-server\BOOT-INF\classes\application.properties 
java_command: org.springframework.ide.vscode.boot.app.BootLanguageServerBootApp
java_class_path (initial): c:\Users\zckxw\.vscode\extensions\pivotal.vscode-spring-boot-1.38.0\language-server\BOOT-INF\classes;c:\Users\zckxw\.vscode\extensions\pivotal.vscode-spring-boot-1.38.0\language-server\BOOT-INF\lib\annotations-23.0.0.jar;c:\Users\zckxw\.vscode\extensions\pivotal.vscode-spring-boot-1.38.0\language-server\BOOT-INF\lib\antlr-runtime-3.5.2.jar;c:\Users\zckxw\.vscode\extensions\pivotal.vscode-spring-boot-1.38.0\language-server\BOOT-INF\lib\antlr4-4.9.3.jar;c:\Users\zckxw\.vscode\extensions\pivotal.vscode-spring-boot-1.38.0\language-server\BOOT-INF\lib\antlr4-runtime-4.9.3.jar;c:\Users\zckxw\.vscode\extensions\pivotal.vscode-spring-boot-1.38.0\language-server\BOOT-INF\lib\asm-9.3.jar;c:\Users\zckxw\.vscode\extensions\pivotal.vscode-spring-boot-1.38.0\language-server\BOOT-INF\lib\asm-analysis-9.3.jar;c:\Users\zckxw\.vscode\extensions\pivotal.vscode-spring-boot-1.38.0\language-server\BOOT-INF\lib\asm-tree-9.3.jar;c:\Users\zckxw\.vscode\extensions\pivotal.vscode-spring-boot-1.38.0\language-server\BOOT-INF\lib\asm-util-9.3.jar;c:\Users\zckxw\.vscode\extensions\pivotal.vscode-spring-boot-1.38.0\language-server\BOOT-INF\lib\byte-buddy-1.10.18.jar;c:\Users\zckxw\.vscode\extensions\pivotal.vscode-spring-boot-1.38.0\language-server\BOOT-INF\lib\caffeine-2.8.6.jar;c:\Users\zckxw\.vscode\extensions\pivotal.vscode-spring-boot-1.38.0\language-server\BOOT-INF\lib\checker-qual-3.12.0.jar;c:\Users\zckxw\.vscode\extensions\pivotal.vscode-spring-boot-1.38.0\language-server\BOOT-INF\lib\classgraph-4.8.149.jar;c:\Users\zckxw\.vscode\extensions\pivotal.vscode-spring-boot-1.38.0\language-server\BOOT-INF\lib\commons-codec-1.14.jar;c:\Users\zckxw\.vscode\extensions\pivotal.vscode-spring-boot-1.38.0\language-server\BOOT-INF\lib\commons-compress-1.21.jar;c:\Users\zckxw\.vscode\extensions\pivotal.vscode-spring-boot-1.38.0\language-server\BOOT-INF\lib\commons-exec-1.3.jar;c:\Users\zckxw\.vscode\extensions\pivotal.vscode-spring-boot-1.38.0\language-server\BOOT-INF\lib\com
Launcher Type: SUN_STANDARD

[Global flags]
     intx CICompilerCount                          = 4                                         {product} {ergonomic}
     uint ConcGCThreads                            = 2                                         {product} {ergonomic}
     uint G1ConcRefinementThreads                  = 8                                         {product} {ergonomic}
   size_t G1HeapRegionSize                         = 2097152                                   {product} {ergonomic}
    uintx GCDrainStackTargetSize                   = 64                                        {product} {ergonomic}
   size_t InitialHeapSize                          = 264241152                                 {product} {ergonomic}
   size_t MarkStackSize                            = 4194304                                   {product} {ergonomic}
   size_t MaxHeapSize                              = 4223664128                                {product} {ergonomic}
   size_t MaxNewSize                               = 2533359616                                {product} {ergonomic}
   size_t MinHeapDeltaBytes                        = 2097152                                   {product} {ergonomic}
   size_t MinHeapSize                              = 8388608                                   {product} {ergonomic}
    uintx NonProfiledCodeHeapSize                  = 0                                      {pd product} {ergonomic}
     bool ProfileInterpreter                       = false                                  {pd product} {command line}
    uintx ProfiledCodeHeapSize                     = 0                                      {pd product} {ergonomic}
   size_t SoftMaxHeapSize                          = 4223664128                             {manageable} {ergonomic}
     intx TieredStopAtLevel                        = 1                                         {product} {command line}
     bool UseCompressedClassPointers               = true                           {product lp64_product} {ergonomic}
     bool UseCompressedOops                        = true                           {product lp64_product} {ergonomic}
     bool UseG1GC                                  = true                                      {product} {ergonomic}
     bool UseLargePagesIndividualAllocation        = false                                  {pd product} {ergonomic}

Logging:
Log output configuration:
 #0: stdout all=warning uptime,level,tags
 #1: stderr all=off uptime,level,tags

Environment Variables:
JAVA_HOME=C:\ldwdev\jdk-11.0.15.1
PATH=C:\Program Files (x86)\NetSarang\Xshell 6\;C:\WINDOWS\system32;C:\WINDOWS;C:\WINDOWS\System32\Wbem;C:\WINDOWS\System32\WindowsPowerShell\v1.0\;C:\WINDOWS\System32\OpenSSH\;C:\Program Files\Git\cmd;C:\ldwdev\jdk-11.0.15.1\bin;C:\ldwdev\apache-maven-3.6.3\bin;C:\Program Files\MySQL\MySQL Server 8.0\bin;C:\Program Files\dotnet\;C:\Program Files (x86)\NetSarang\Xshell 7\;D:\OpenSSL-Win64\bin;C:\ProgramData\chocolatey\bin;C:\Program Files\MongoDB\Server\6.0\bin;C:\Users\zckxw\AppData\Roaming\nvm;C:\Program Files\nodejs;C:\Program Files\MySQL\MySQL Shell 8.0\bin\;C:\Users\zckxw\AppData\Local\Microsoft\WindowsApps;C:\Program Files\Bandizip\;C:\Users\zckxw\AppData\Local\Programs\Microsoft VS Code\bin;C:\Users\zckxw\.dotnet\tools;C:\Users\zckxw\AppData\Roaming\npm;C:\Users\zckxw\AppData\Roaming\nvm;C:\Program Files\nodejs
USERNAME=zckxw
OS=Windows_NT
PROCESSOR_IDENTIFIER=Intel64 Family 6 Model 140 Stepping 1, GenuineIntel
TMP=C:\Users\zckxw\AppData\Local\Temp
TEMP=C:\Users\zckxw\AppData\Local\Temp



---------------  S Y S T E M  ---------------

OS:
 Windows 10 , 64 bit Build 19041 (10.0.19041.1889)
OS uptime: 6 days 8:24 hours

CPU: total 8 (initial active 8) (4 cores per cpu, 2 threads per core) family 6 model 140 stepping 1 microcode 0xa4, cx8, cmov, fxsr, ht, mmx, 3dnowpref, sse, sse2, sse3, ssse3, sse4.1, sse4.2, popcnt, lzcnt, tsc, tscinvbit, avx, avx2, aes, erms, clmul, bmi1, bmi2, adx, avx512f, avx512dq, avx512cd, avx512bw, avx512vl, sha, fma, vzeroupper, avx512_vpopcntdq, avx512_vpclmulqdq, avx512_vaes, avx512_vnni, clflush, clflushopt, clwb, avx512_vbmi2, avx512_vbmi

Memory: 4k page, system-wide physical 16110M (1954M free)
TotalPageFile size 50940M (AvailPageFile size 6M)
current process WorkingSet (physical memory assigned to process): 102M, peak: 1082M
current process commit charge ("private bytes"): 223M, peak: 1274M

vm_info: OpenJDK 64-Bit Server VM (17.0.4+8) for windows-amd64 JRE (17.0.4+8), built on Jul 19 2022 16:05:16 by "temurin" with MS VC++ 16.7 (VS2019)

END.
